[ 2014-04-22T09:52:18+08:00 ] 10.10.0.120 /
INFO: [ app_begin ] --START--
INFO: ReadHtmlCache Behavior ::run [ RunTime:0.003082s ]
INFO: [ app_begin ] --END-- [ RunTime:0.003380s ]

[ 2014-04-22T09:52:18+08:00 ] 10.10.0.120 /index.php/Login/index.html
INFO: [ route_check ] --START--
INFO: CheckRoute Behavior ::run [ RunTime:0.001508s ]
INFO: [ route_check ] --END-- [ RunTime:0.001780s ]
INFO: [ app_begin ] --START--
INFO: ReadHtmlCache Behavior ::run [ RunTime:0.000997s ]
INFO: [ app_begin ] --END-- [ RunTime:0.001230s ]
INFO: [ view_parse ] --START--
INFO: ParseTemplate Behavior ::run [ RunTime:0.163558s ]
INFO: [ view_parse ] --END-- [ RunTime:0.163836s ]
INFO: [ view_filter ] --START--
INFO: ContentReplace Behavior ::run [ RunTime:0.017972s ]
INFO: TokenBuild Behavior ::run [ RunTime:0.011131s ]
INFO: WriteHtmlCache Behavior ::run [ RunTime:0.002179s ]
INFO: ShowRuntime Behavior ::run [ RunTime:0.004552s ]
INFO: [ view_filter ] --END-- [ RunTime:0.037051s ]
INFO: [ view_end ] --START--
INFO: ShowPageTrace Behavior ::run [ RunTime:0.001597s ]
INFO: [ view_end ] --END-- [ RunTime:0.001824s ]

[ 2014-04-22T10:07:09+08:00 ] 127.0.0.1 /
INFO: [ app_begin ] --START--
INFO: ReadHtmlCache Behavior ::run [ RunTime:0.003650s ]
INFO: [ app_begin ] --END-- [ RunTime:0.003996s ]

[ 2014-04-22T10:07:09+08:00 ] 127.0.0.1 /index.php/Login/index.html
INFO: [ route_check ] --START--
INFO: CheckRoute Behavior ::run [ RunTime:0.002109s ]
INFO: [ route_check ] --END-- [ RunTime:0.002392s ]
INFO: [ app_begin ] --START--
INFO: ReadHtmlCache Behavior ::run [ RunTime:0.001102s ]
INFO: [ app_begin ] --END-- [ RunTime:0.001349s ]
INFO: [ view_parse ] --START--
INFO: ParseTemplate Behavior ::run [ RunTime:0.023107s ]
INFO: [ view_parse ] --END-- [ RunTime:0.023428s ]
INFO: [ view_filter ] --START--
INFO: ContentReplace Behavior ::run [ RunTime:0.002488s ]
INFO: TokenBuild Behavior ::run [ RunTime:0.001145s ]
INFO: WriteHtmlCache Behavior ::run [ RunTime:0.000887s ]
INFO: ShowRuntime Behavior ::run [ RunTime:0.001351s ]
INFO: [ view_filter ] --END-- [ RunTime:0.006662s ]
INFO: [ view_end ] --START--
INFO: ShowPageTrace Behavior ::run [ RunTime:0.001317s ]
INFO: [ view_end ] --END-- [ RunTime:0.001542s ]

[ 2014-04-22T10:07:10+08:00 ] 127.0.0.1 /index.php/Login/index.html
INFO: [ route_check ] --START--
INFO: CheckRoute Behavior ::run [ RunTime:0.001594s ]
INFO: [ route_check ] --END-- [ RunTime:0.001894s ]
INFO: [ app_begin ] --START--
INFO: ReadHtmlCache Behavior ::run [ RunTime:0.001084s ]
INFO: [ app_begin ] --END-- [ RunTime:0.001327s ]
INFO: [ view_parse ] --START--
INFO: ParseTemplate Behavior ::run [ RunTime:0.028931s ]
INFO: [ view_parse ] --END-- [ RunTime:0.029248s ]
INFO: [ view_filter ] --START--
INFO: ContentReplace Behavior ::run [ RunTime:0.001208s ]
INFO: TokenBuild Behavior ::run [ RunTime:0.002777s ]
INFO: WriteHtmlCache Behavior ::run [ RunTime:0.000729s ]
INFO: ShowRuntime Behavior ::run [ RunTime:0.001115s ]
INFO: [ view_filter ] --END-- [ RunTime:0.006556s ]
INFO: [ view_end ] --START--
INFO: ShowPageTrace Behavior ::run [ RunTime:0.001107s ]
INFO: [ view_end ] --END-- [ RunTime:0.001685s ]

[ 2014-04-22T10:07:16+08:00 ] 127.0.0.1 /index.php/Login/login.html?loginname=admin&passwd=123
INFO: [ route_check ] --START--
INFO: CheckRoute Behavior ::run [ RunTime:0.002226s ]
INFO: [ route_check ] --END-- [ RunTime:0.002498s ]
INFO: [ app_begin ] --START--
INFO: ReadHtmlCache Behavior ::run [ RunTime:0.001420s ]
INFO: [ app_begin ] --END-- [ RunTime:0.001714s ]
NOTIC: 建议使用I方法替代_get
NOTIC: 建议使用I方法替代_get
SQL: SHOW COLUMNS FROM `disk_login` [ RunTime:0.012307s ]
SQL: SELECT * FROM `disk_login` WHERE ( user_name='admin' AND pwd='123' ) LIMIT 1   [ RunTime:0.032557s ]

[ 2014-04-22T10:07:18+08:00 ] 127.0.0.1 /index.php/Index/index.html
INFO: [ route_check ] --START--
INFO: CheckRoute Behavior ::run [ RunTime:0.001384s ]
INFO: [ route_check ] --END-- [ RunTime:0.002715s ]
INFO: [ app_begin ] --START--
INFO: ReadHtmlCache Behavior ::run [ RunTime:0.001028s ]
INFO: [ app_begin ] --END-- [ RunTime:0.001257s ]
SQL: select sum(file_size) as space from disk_files where user_name='admin' [ RunTime:0.122377s ]
INFO: [ view_parse ] --START--
INFO: ParseTemplate Behavior ::run [ RunTime:0.124328s ]
INFO: [ view_parse ] --END-- [ RunTime:0.124598s ]
INFO: [ view_filter ] --START--
INFO: ContentReplace Behavior ::run [ RunTime:0.022146s ]
INFO: TokenBuild Behavior ::run [ RunTime:0.001555s ]
INFO: WriteHtmlCache Behavior ::run [ RunTime:0.000912s ]
INFO: ShowRuntime Behavior ::run [ RunTime:0.002846s ]
INFO: [ view_filter ] --END-- [ RunTime:0.028269s ]
INFO: [ view_end ] --START--
INFO: ShowPageTrace Behavior ::run [ RunTime:0.001233s ]
INFO: [ view_end ] --END-- [ RunTime:0.001465s ]

[ 2014-04-22T10:07:19+08:00 ] 127.0.0.1 /index.php/Index/files.html
INFO: [ route_check ] --START--
INFO: CheckRoute Behavior ::run [ RunTime:0.001461s ]
INFO: [ route_check ] --END-- [ RunTime:0.001742s ]
INFO: [ app_begin ] --START--
INFO: ReadHtmlCache Behavior ::run [ RunTime:0.001244s ]
INFO: [ app_begin ] --END-- [ RunTime:0.001478s ]
SQL: SHOW COLUMNS FROM `disk_files` [ RunTime:0.005895s ]
SQL: SELECT * FROM `disk_files` WHERE ( user_name='admin' ) ORDER BY time  [ RunTime:0.001942s ]

[ 2014-04-22T10:48:57+08:00 ] 127.0.0.1 /index.php/Pic/index.html
INFO: [ route_check ] --START--
INFO: CheckRoute Behavior ::run [ RunTime:0.001950s ]
INFO: [ route_check ] --END-- [ RunTime:0.002244s ]
INFO: [ app_begin ] --START--
INFO: ReadHtmlCache Behavior ::run [ RunTime:0.001471s ]
INFO: [ app_begin ] --END-- [ RunTime:0.003083s ]
INFO: [ view_parse ] --START--
NOTIC: [8] Undefined variable: space D:\wamp\www\hearainDisk\Runtime\Cache\2ae5014e24cd35f6e8fa1281f54e6f84.php 第 394 行.
INFO: ParseTemplate Behavior ::run [ RunTime:0.067369s ]
INFO: [ view_parse ] --END-- [ RunTime:0.067641s ]
INFO: [ view_filter ] --START--
INFO: ContentReplace Behavior ::run [ RunTime:0.001378s ]
INFO: TokenBuild Behavior ::run [ RunTime:0.001152s ]
INFO: WriteHtmlCache Behavior ::run [ RunTime:0.000790s ]
INFO: ShowRuntime Behavior ::run [ RunTime:0.003360s ]
INFO: [ view_filter ] --END-- [ RunTime:0.007395s ]
INFO: [ view_end ] --START--
INFO: ShowPageTrace Behavior ::run [ RunTime:0.001512s ]
INFO: [ view_end ] --END-- [ RunTime:0.001793s ]

[ 2014-04-22T10:48:58+08:00 ] 127.0.0.1 /index.php/Index/pic.html
INFO: [ route_check ] --START--
INFO: CheckRoute Behavior ::run [ RunTime:0.001560s ]
INFO: [ route_check ] --END-- [ RunTime:0.001870s ]
INFO: [ app_begin ] --START--
INFO: ReadHtmlCache Behavior ::run [ RunTime:0.001394s ]
INFO: [ app_begin ] --END-- [ RunTime:0.001662s ]
SQL: SHOW COLUMNS FROM `disk_files` [ RunTime:0.015132s ]
SQL: SELECT * FROM `disk_files` WHERE ( user_name='admin' AND (type='jpg' OR type='png' OR type='gif') ) ORDER BY time  [ RunTime:0.042886s ]

[ 2014-04-22T10:49:09+08:00 ] 127.0.0.1 /index.php/Doc/index.html
INFO: [ route_check ] --START--
INFO: CheckRoute Behavior ::run [ RunTime:0.001664s ]
INFO: [ route_check ] --END-- [ RunTime:0.001993s ]
INFO: [ app_begin ] --START--
INFO: ReadHtmlCache Behavior ::run [ RunTime:0.004427s ]
INFO: [ app_begin ] --END-- [ RunTime:0.004692s ]
INFO: [ view_parse ] --START--
NOTIC: [8] Undefined variable: space D:\wamp\www\hearainDisk\Runtime\Cache\951107bc5086cfff2469c97b5730e550.php 第 394 行.
INFO: ParseTemplate Behavior ::run [ RunTime:0.069374s ]
INFO: [ view_parse ] --END-- [ RunTime:0.069638s ]
INFO: [ view_filter ] --START--
INFO: ContentReplace Behavior ::run [ RunTime:0.001416s ]
INFO: TokenBuild Behavior ::run [ RunTime:0.001007s ]
INFO: WriteHtmlCache Behavior ::run [ RunTime:0.001065s ]
INFO: ShowRuntime Behavior ::run [ RunTime:0.001181s ]
INFO: [ view_filter ] --END-- [ RunTime:0.005354s ]
INFO: [ view_end ] --START--
INFO: ShowPageTrace Behavior ::run [ RunTime:0.001158s ]
INFO: [ view_end ] --END-- [ RunTime:0.001385s ]

[ 2014-04-22T10:49:10+08:00 ] 127.0.0.1 /index.php/Index/doc.html
INFO: [ route_check ] --START--
INFO: CheckRoute Behavior ::run [ RunTime:0.001353s ]
INFO: [ route_check ] --END-- [ RunTime:0.001647s ]
INFO: [ app_begin ] --START--
INFO: ReadHtmlCache Behavior ::run [ RunTime:0.001354s ]
INFO: [ app_begin ] --END-- [ RunTime:0.001776s ]
SQL: SHOW COLUMNS FROM `disk_files` [ RunTime:0.004730s ]
SQL: SELECT * FROM `disk_files` WHERE ( user_name='admin' AND (type='doc' OR type='txt') ) ORDER BY time  [ RunTime:0.000929s ]

[ 2014-04-22T10:49:13+08:00 ] 127.0.0.1 /index.php/Index/index.html
INFO: [ route_check ] --START--
INFO: CheckRoute Behavior ::run [ RunTime:0.001498s ]
INFO: [ route_check ] --END-- [ RunTime:0.003119s ]
INFO: [ app_begin ] --START--
INFO: ReadHtmlCache Behavior ::run [ RunTime:0.001109s ]
INFO: [ app_begin ] --END-- [ RunTime:0.001361s ]
SQL: select sum(file_size) as space from disk_files where user_name='admin' [ RunTime:0.000637s ]
INFO: [ view_parse ] --START--
INFO: ParseTemplate Behavior ::run [ RunTime:0.034431s ]
INFO: [ view_parse ] --END-- [ RunTime:0.034696s ]
INFO: [ view_filter ] --START--
INFO: ContentReplace Behavior ::run [ RunTime:0.001337s ]
INFO: TokenBuild Behavior ::run [ RunTime:0.000997s ]
INFO: WriteHtmlCache Behavior ::run [ RunTime:0.000660s ]
INFO: ShowRuntime Behavior ::run [ RunTime:0.001124s ]
INFO: [ view_filter ] --END-- [ RunTime:0.004810s ]
INFO: [ view_end ] --START--
INFO: ShowPageTrace Behavior ::run [ RunTime:0.001081s ]
INFO: [ view_end ] --END-- [ RunTime:0.001309s ]

[ 2014-04-22T10:49:14+08:00 ] 127.0.0.1 /index.php/Index/files.html
INFO: [ route_check ] --START--
INFO: CheckRoute Behavior ::run [ RunTime:0.001630s ]
INFO: [ route_check ] --END-- [ RunTime:0.001940s ]
INFO: [ app_begin ] --START--
INFO: ReadHtmlCache Behavior ::run [ RunTime:0.001350s ]
INFO: [ app_begin ] --END-- [ RunTime:0.001650s ]
SQL: SHOW COLUMNS FROM `disk_files` [ RunTime:0.004085s ]
SQL: SELECT * FROM `disk_files` WHERE ( user_name='admin' ) ORDER BY time  [ RunTime:0.001871s ]

[ 2014-04-22T10:51:42+08:00 ] 127.0.0.1 /index.php/Pic/index.html
INFO: [ route_check ] --START--
INFO: CheckRoute Behavior ::run [ RunTime:0.001628s ]
INFO: [ route_check ] --END-- [ RunTime:0.001903s ]
INFO: [ app_begin ] --START--
INFO: ReadHtmlCache Behavior ::run [ RunTime:0.001212s ]
INFO: [ app_begin ] --END-- [ RunTime:0.001488s ]
INFO: [ view_parse ] --START--
NOTIC: [8] Undefined variable: space D:\wamp\www\hearainDisk\Runtime\Cache\2ae5014e24cd35f6e8fa1281f54e6f84.php 第 394 行.
INFO: ParseTemplate Behavior ::run [ RunTime:0.036438s ]
INFO: [ view_parse ] --END-- [ RunTime:0.038570s ]
INFO: [ view_filter ] --START--
INFO: ContentReplace Behavior ::run [ RunTime:0.001675s ]
INFO: TokenBuild Behavior ::run [ RunTime:0.001215s ]
INFO: WriteHtmlCache Behavior ::run [ RunTime:0.000840s ]
INFO: ShowRuntime Behavior ::run [ RunTime:0.001392s ]
INFO: [ view_filter ] --END-- [ RunTime:0.006114s ]
INFO: [ view_end ] --START--
INFO: ShowPageTrace Behavior ::run [ RunTime:0.006535s ]
INFO: [ view_end ] --END-- [ RunTime:0.006785s ]

[ 2014-04-22T10:51:43+08:00 ] 127.0.0.1 /index.php/Index/pic.html
INFO: [ route_check ] --START--
INFO: CheckRoute Behavior ::run [ RunTime:0.002179s ]
INFO: [ route_check ] --END-- [ RunTime:0.002555s ]
INFO: [ app_begin ] --START--
INFO: ReadHtmlCache Behavior ::run [ RunTime:0.001240s ]
INFO: [ app_begin ] --END-- [ RunTime:0.001451s ]
SQL: SHOW COLUMNS FROM `disk_files` [ RunTime:0.004145s ]
SQL: SELECT * FROM `disk_files` WHERE ( user_name='admin' AND (type='jpg' OR type='png' OR type='gif') ) ORDER BY time  [ RunTime:0.000827s ]
SQL: select sum(file_size) as space from disk_files where user_name='admin' [ RunTime:0.000890s ]

[ 2014-04-22T10:51:47+08:00 ] 127.0.0.1 /index.php/Index/index.html
INFO: [ route_check ] --START--
INFO: CheckRoute Behavior ::run [ RunTime:0.001637s ]
INFO: [ route_check ] --END-- [ RunTime:0.001941s ]
INFO: [ app_begin ] --START--
INFO: ReadHtmlCache Behavior ::run [ RunTime:0.001548s ]
INFO: [ app_begin ] --END-- [ RunTime:0.001806s ]
SQL: select sum(file_size) as space from disk_files where user_name='admin' [ RunTime:0.001074s ]
INFO: [ view_parse ] --START--
INFO: ParseTemplate Behavior ::run [ RunTime:0.031395s ]
INFO: [ view_parse ] --END-- [ RunTime:0.031691s ]
INFO: [ view_filter ] --START--
INFO: ContentReplace Behavior ::run [ RunTime:0.001433s ]
INFO: TokenBuild Behavior ::run [ RunTime:0.001358s ]
INFO: WriteHtmlCache Behavior ::run [ RunTime:0.000688s ]
INFO: ShowRuntime Behavior ::run [ RunTime:0.001214s ]
INFO: [ view_filter ] --END-- [ RunTime:0.006154s ]
INFO: [ view_end ] --START--
INFO: ShowPageTrace Behavior ::run [ RunTime:0.001071s ]
INFO: [ view_end ] --END-- [ RunTime:0.001299s ]

[ 2014-04-22T10:51:49+08:00 ] 127.0.0.1 /index.php/Index/files.html
INFO: [ route_check ] --START--
INFO: CheckRoute Behavior ::run [ RunTime:0.002008s ]
INFO: [ route_check ] --END-- [ RunTime:0.002449s ]
INFO: [ app_begin ] --START--
INFO: ReadHtmlCache Behavior ::run [ RunTime:0.001711s ]
INFO: [ app_begin ] --END-- [ RunTime:0.002029s ]
SQL: SHOW COLUMNS FROM `disk_files` [ RunTime:0.005128s ]
SQL: SELECT * FROM `disk_files` WHERE ( user_name='admin' ) ORDER BY time  [ RunTime:0.000958s ]
SQL: select sum(file_size) as space from disk_files where user_name='admin' [ RunTime:0.000378s ]

[ 2014-04-22T10:51:49+08:00 ] 127.0.0.1 /index.php/Pic/index.html
INFO: [ route_check ] --START--
INFO: CheckRoute Behavior ::run [ RunTime:0.001866s ]
INFO: [ route_check ] --END-- [ RunTime:0.002162s ]
INFO: [ app_begin ] --START--
INFO: ReadHtmlCache Behavior ::run [ RunTime:0.001272s ]
INFO: [ app_begin ] --END-- [ RunTime:0.001546s ]
INFO: [ view_parse ] --START--
NOTIC: [8] Undefined variable: space D:\wamp\www\hearainDisk\Runtime\Cache\2ae5014e24cd35f6e8fa1281f54e6f84.php 第 394 行.
INFO: ParseTemplate Behavior ::run [ RunTime:0.047045s ]
INFO: [ view_parse ] --END-- [ RunTime:0.047511s ]
INFO: [ view_filter ] --START--
INFO: ContentReplace Behavior ::run [ RunTime:0.006024s ]
INFO: TokenBuild Behavior ::run [ RunTime:0.001194s ]
INFO: WriteHtmlCache Behavior ::run [ RunTime:0.000861s ]
INFO: ShowRuntime Behavior ::run [ RunTime:0.001325s ]
INFO: [ view_filter ] --END-- [ RunTime:0.010117s ]
INFO: [ view_end ] --START--
INFO: ShowPageTrace Behavior ::run [ RunTime:0.001426s ]
INFO: [ view_end ] --END-- [ RunTime:0.001665s ]

[ 2014-04-22T10:51:51+08:00 ] 127.0.0.1 /index.php/Index/pic.html
INFO: [ route_check ] --START--
INFO: CheckRoute Behavior ::run [ RunTime:0.001531s ]
INFO: [ route_check ] --END-- [ RunTime:0.001879s ]
INFO: [ app_begin ] --START--
INFO: ReadHtmlCache Behavior ::run [ RunTime:0.001805s ]
INFO: [ app_begin ] --END-- [ RunTime:0.002046s ]
SQL: SHOW COLUMNS FROM `disk_files` [ RunTime:0.004420s ]
SQL: SELECT * FROM `disk_files` WHERE ( user_name='admin' AND (type='jpg' OR type='png' OR type='gif') ) ORDER BY time  [ RunTime:0.014916s ]
SQL: select sum(file_size) as space from disk_files where user_name='admin' [ RunTime:0.017781s ]

[ 2014-04-22T10:56:37+08:00 ] 127.0.0.1 /index.php/Pic/index.html
INFO: [ route_check ] --START--
INFO: CheckRoute Behavior ::run [ RunTime:0.001828s ]
INFO: [ route_check ] --END-- [ RunTime:0.002214s ]
INFO: [ app_begin ] --START--
INFO: ReadHtmlCache Behavior ::run [ RunTime:0.001728s ]
INFO: [ app_begin ] --END-- [ RunTime:0.001999s ]
INFO: [ view_parse ] --START--
NOTIC: [8] Undefined variable: space D:\wamp\www\hearainDisk\Runtime\Cache\2ae5014e24cd35f6e8fa1281f54e6f84.php 第 394 行.
INFO: ParseTemplate Behavior ::run [ RunTime:0.051028s ]
INFO: [ view_parse ] --END-- [ RunTime:0.051277s ]
INFO: [ view_filter ] --START--
INFO: ContentReplace Behavior ::run [ RunTime:0.002250s ]
INFO: TokenBuild Behavior ::run [ RunTime:0.006357s ]
INFO: WriteHtmlCache Behavior ::run [ RunTime:0.000870s ]
INFO: ShowRuntime Behavior ::run [ RunTime:0.001350s ]
INFO: [ view_filter ] --END-- [ RunTime:0.011537s ]
INFO: [ view_end ] --START--
INFO: ShowPageTrace Behavior ::run [ RunTime:0.002607s ]
INFO: [ view_end ] --END-- [ RunTime:0.002839s ]

[ 2014-04-22T10:56:40+08:00 ] 127.0.0.1 /index.php/Index/pic.html
INFO: [ route_check ] --START--
INFO: CheckRoute Behavior ::run [ RunTime:0.001289s ]
INFO: [ route_check ] --END-- [ RunTime:0.001566s ]
INFO: [ app_begin ] --START--
INFO: ReadHtmlCache Behavior ::run [ RunTime:0.001560s ]
INFO: [ app_begin ] --END-- [ RunTime:0.001768s ]
SQL: SHOW COLUMNS FROM `disk_files` [ RunTime:0.004007s ]
SQL: SELECT * FROM `disk_` WHERE ( user_name='admin' AND (type='jpg' OR type='png' OR type='gif') ) ORDER BY time  [ RunTime:0.016294s ]
ERR: 1146:Table 'hearaindisk.disk_' doesn't exist
 [ SQL语句 ] : SELECT * FROM `disk_` WHERE ( user_name='admin' AND (type='jpg' OR type='png' OR type='gif') ) ORDER BY time 
SQL: select sum(file_size) as space from disk_files where user_name='admin' [ RunTime:0.000611s ]

[ 2014-04-22T10:56:42+08:00 ] 127.0.0.1 /index.php/Pic/index.html
INFO: [ route_check ] --START--
INFO: CheckRoute Behavior ::run [ RunTime:0.001426s ]
INFO: [ route_check ] --END-- [ RunTime:0.001724s ]
INFO: [ app_begin ] --START--
INFO: ReadHtmlCache Behavior ::run [ RunTime:0.001163s ]
INFO: [ app_begin ] --END-- [ RunTime:0.001407s ]
INFO: [ view_parse ] --START--
NOTIC: [8] Undefined variable: space D:\wamp\www\hearainDisk\Runtime\Cache\2ae5014e24cd35f6e8fa1281f54e6f84.php 第 394 行.
INFO: ParseTemplate Behavior ::run [ RunTime:0.040071s ]
INFO: [ view_parse ] --END-- [ RunTime:0.040314s ]
INFO: [ view_filter ] --START--
INFO: ContentReplace Behavior ::run [ RunTime:0.001408s ]
INFO: TokenBuild Behavior ::run [ RunTime:0.000988s ]
INFO: WriteHtmlCache Behavior ::run [ RunTime:0.021513s ]
INFO: ShowRuntime Behavior ::run [ RunTime:0.001153s ]
INFO: [ view_filter ] --END-- [ RunTime:0.025794s ]
INFO: [ view_end ] --START--
INFO: ShowPageTrace Behavior ::run [ RunTime:0.003116s ]
INFO: [ view_end ] --END-- [ RunTime:0.003463s ]

[ 2014-04-22T10:56:45+08:00 ] 127.0.0.1 /index.php/Index/pic.html
INFO: [ route_check ] --START--
INFO: CheckRoute Behavior ::run [ RunTime:0.001377s ]
INFO: [ route_check ] --END-- [ RunTime:0.001764s ]
INFO: [ app_begin ] --START--
INFO: ReadHtmlCache Behavior ::run [ RunTime:0.001569s ]
INFO: [ app_begin ] --END-- [ RunTime:0.001895s ]
SQL: SHOW COLUMNS FROM `disk_files` [ RunTime:0.005397s ]
SQL: SELECT * FROM `disk_` WHERE ( user_name='admin' AND (type='jpg' OR type='png' OR type='gif') ) ORDER BY time  [ RunTime:0.001944s ]
ERR: 1146:Table 'hearaindisk.disk_' doesn't exist
 [ SQL语句 ] : SELECT * FROM `disk_` WHERE ( user_name='admin' AND (type='jpg' OR type='png' OR type='gif') ) ORDER BY time 
SQL: select sum(file_size) as space from disk_files where user_name='admin' [ RunTime:0.000608s ]

[ 2014-04-22T10:56:49+08:00 ] 127.0.0.1 /index.php/Pic/index.html
INFO: [ route_check ] --START--
INFO: CheckRoute Behavior ::run [ RunTime:0.001380s ]
INFO: [ route_check ] --END-- [ RunTime:0.001896s ]
INFO: [ app_begin ] --START--
INFO: ReadHtmlCache Behavior ::run [ RunTime:0.001126s ]
INFO: [ app_begin ] --END-- [ RunTime:0.001380s ]
INFO: [ view_parse ] --START--
NOTIC: [8] Undefined variable: space D:\wamp\www\hearainDisk\Runtime\Cache\2ae5014e24cd35f6e8fa1281f54e6f84.php 第 394 行.
INFO: ParseTemplate Behavior ::run [ RunTime:0.077470s ]
INFO: [ view_parse ] --END-- [ RunTime:0.077792s ]
INFO: [ view_filter ] --START--
INFO: ContentReplace Behavior ::run [ RunTime:0.001477s ]
INFO: TokenBuild Behavior ::run [ RunTime:0.001570s ]
INFO: WriteHtmlCache Behavior ::run [ RunTime:0.001209s ]
INFO: ShowRuntime Behavior ::run [ RunTime:0.001218s ]
INFO: [ view_filter ] --END-- [ RunTime:0.006173s ]
INFO: [ view_end ] --START--
INFO: ShowPageTrace Behavior ::run [ RunTime:0.001401s ]
INFO: [ view_end ] --END-- [ RunTime:0.001691s ]

[ 2014-04-22T10:56:51+08:00 ] 127.0.0.1 /index.php/Index/pic.html
INFO: [ route_check ] --START--
INFO: CheckRoute Behavior ::run [ RunTime:0.001540s ]
INFO: [ route_check ] --END-- [ RunTime:0.001861s ]
INFO: [ app_begin ] --START--
INFO: ReadHtmlCache Behavior ::run [ RunTime:0.001087s ]
INFO: [ app_begin ] --END-- [ RunTime:0.001293s ]
SQL: SHOW COLUMNS FROM `disk_files` [ RunTime:0.016979s ]
SQL: SELECT * FROM `disk_files` WHERE ( user_name='admin' AND (type='jpg' OR type='png' OR type='gif') ) ORDER BY time  [ RunTime:0.002688s ]
SQL: select sum(file_size) as space from disk_files where user_name='admin' [ RunTime:0.001607s ]

[ 2014-04-22T10:56:54+08:00 ] 127.0.0.1 /index.php/Pic/index.html
INFO: [ route_check ] --START--
INFO: CheckRoute Behavior ::run [ RunTime:0.001478s ]
INFO: [ route_check ] --END-- [ RunTime:0.001773s ]
INFO: [ app_begin ] --START--
INFO: ReadHtmlCache Behavior ::run [ RunTime:0.001174s ]
INFO: [ app_begin ] --END-- [ RunTime:0.001429s ]
INFO: [ view_parse ] --START--
NOTIC: [8] Undefined variable: space D:\wamp\www\hearainDisk\Runtime\Cache\2ae5014e24cd35f6e8fa1281f54e6f84.php 第 394 行.
INFO: ParseTemplate Behavior ::run [ RunTime:0.035530s ]
INFO: [ view_parse ] --END-- [ RunTime:0.035769s ]
INFO: [ view_filter ] --START--
INFO: ContentReplace Behavior ::run [ RunTime:0.001355s ]
INFO: TokenBuild Behavior ::run [ RunTime:0.001144s ]
INFO: WriteHtmlCache Behavior ::run [ RunTime:0.001043s ]
INFO: ShowRuntime Behavior ::run [ RunTime:0.001420s ]
INFO: [ view_filter ] --END-- [ RunTime:0.005758s ]
INFO: [ view_end ] --START--
INFO: ShowPageTrace Behavior ::run [ RunTime:0.001979s ]
INFO: [ view_end ] --END-- [ RunTime:0.002232s ]

[ 2014-04-22T10:56:57+08:00 ] 127.0.0.1 /index.php/Index/pic.html
INFO: [ route_check ] --START--
INFO: CheckRoute Behavior ::run [ RunTime:0.001248s ]
INFO: [ route_check ] --END-- [ RunTime:0.002501s ]
INFO: [ app_begin ] --START--
INFO: ReadHtmlCache Behavior ::run [ RunTime:0.001891s ]
INFO: [ app_begin ] --END-- [ RunTime:0.002116s ]
SQL: SHOW COLUMNS FROM `disk_files` [ RunTime:0.004848s ]
SQL: SELECT * FROM `disk_files` WHERE ( user_name='admin' AND (type='jpg' OR type='png' OR type='gif') ) ORDER BY time  [ RunTime:0.000809s ]
SQL: select sum(file_size) as space from disk_files where user_name='admin' [ RunTime:0.000370s ]

[ 2014-04-22T10:57:02+08:00 ] 127.0.0.1 /index.php/Pic/index.html
INFO: [ route_check ] --START--
INFO: CheckRoute Behavior ::run [ RunTime:0.002171s ]
INFO: [ route_check ] --END-- [ RunTime:0.002464s ]
INFO: [ app_begin ] --START--
INFO: ReadHtmlCache Behavior ::run [ RunTime:0.001337s ]
INFO: [ app_begin ] --END-- [ RunTime:0.001610s ]
INFO: [ view_parse ] --START--
NOTIC: [8] Undefined variable: space D:\wamp\www\hearainDisk\Runtime\Cache\2ae5014e24cd35f6e8fa1281f54e6f84.php 第 394 行.
INFO: ParseTemplate Behavior ::run [ RunTime:0.041269s ]
INFO: [ view_parse ] --END-- [ RunTime:0.041546s ]
INFO: [ view_filter ] --START--
INFO: ContentReplace Behavior ::run [ RunTime:0.001693s ]
INFO: TokenBuild Behavior ::run [ RunTime:0.003548s ]
INFO: WriteHtmlCache Behavior ::run [ RunTime:0.001011s ]
INFO: ShowRuntime Behavior ::run [ RunTime:0.001347s ]
INFO: [ view_filter ] --END-- [ RunTime:0.008608s ]
INFO: [ view_end ] --START--
INFO: ShowPageTrace Behavior ::run [ RunTime:0.001184s ]
INFO: [ view_end ] --END-- [ RunTime:0.001415s ]

[ 2014-04-22T10:57:05+08:00 ] 127.0.0.1 /index.php/Index/pic.html
INFO: [ route_check ] --START--
INFO: CheckRoute Behavior ::run [ RunTime:0.001485s ]
INFO: [ route_check ] --END-- [ RunTime:0.001759s ]
INFO: [ app_begin ] --START--
INFO: ReadHtmlCache Behavior ::run [ RunTime:0.001135s ]
INFO: [ app_begin ] --END-- [ RunTime:0.001365s ]
SQL: SHOW COLUMNS FROM `disk_files` [ RunTime:0.005483s ]
SQL: SELECT * FROM `disk_files` WHERE ( user_name='admin' AND (type='jpg' OR type='png' OR type='gif') ) ORDER BY time  [ RunTime:0.000938s ]
SQL: select sum(file_size) as space from disk_files where user_name='admin' [ RunTime:0.000440s ]

[ 2014-04-22T10:58:08+08:00 ] 127.0.0.1 /index.php/Pic/index.html
INFO: [ route_check ] --START--
INFO: CheckRoute Behavior ::run [ RunTime:0.001613s ]
INFO: [ route_check ] --END-- [ RunTime:0.001888s ]
INFO: [ app_begin ] --START--
INFO: ReadHtmlCache Behavior ::run [ RunTime:0.001604s ]
INFO: [ app_begin ] --END-- [ RunTime:0.001916s ]
INFO: [ view_parse ] --START--
NOTIC: [8] Undefined variable: space D:\wamp\www\hearainDisk\Runtime\Cache\2ae5014e24cd35f6e8fa1281f54e6f84.php 第 394 行.
INFO: ParseTemplate Behavior ::run [ RunTime:0.040793s ]
INFO: [ view_parse ] --END-- [ RunTime:0.041065s ]
INFO: [ view_filter ] --START--
INFO: ContentReplace Behavior ::run [ RunTime:0.006092s ]
INFO: TokenBuild Behavior ::run [ RunTime:0.001238s ]
INFO: WriteHtmlCache Behavior ::run [ RunTime:0.001224s ]
INFO: ShowRuntime Behavior ::run [ RunTime:0.002542s ]
INFO: [ view_filter ] --END-- [ RunTime:0.011826s ]
INFO: [ view_end ] --START--
INFO: ShowPageTrace Behavior ::run [ RunTime:0.001203s ]
INFO: [ view_end ] --END-- [ RunTime:0.001438s ]

[ 2014-04-22T10:58:11+08:00 ] 127.0.0.1 /index.php/Index/pic.html
INFO: [ route_check ] --START--
INFO: CheckRoute Behavior ::run [ RunTime:0.001426s ]
INFO: [ route_check ] --END-- [ RunTime:0.001937s ]
INFO: [ app_begin ] --START--
INFO: ReadHtmlCache Behavior ::run [ RunTime:0.001002s ]
INFO: [ app_begin ] --END-- [ RunTime:0.001380s ]
SQL: SHOW COLUMNS FROM `disk_files` [ RunTime:0.006310s ]
SQL: SELECT * FROM `disk_files` WHERE ( user_name='admin' AND (type='jpg' OR type='png' OR type='gif') ) ORDER BY time  [ RunTime:0.001460s ]
SQL: select sum(file_size) as space from disk_files where user_name='admin' [ RunTime:0.000906s ]

[ 2014-04-22T10:58:28+08:00 ] 127.0.0.1 /index.php/Pic/index.html
INFO: [ route_check ] --START--
INFO: CheckRoute Behavior ::run [ RunTime:0.001543s ]
INFO: [ route_check ] --END-- [ RunTime:0.001825s ]
INFO: [ app_begin ] --START--
INFO: ReadHtmlCache Behavior ::run [ RunTime:0.001476s ]
INFO: [ app_begin ] --END-- [ RunTime:0.001836s ]
INFO: [ view_parse ] --START--
NOTIC: [8] Undefined variable: space D:\wamp\www\hearainDisk\Runtime\Cache\2ae5014e24cd35f6e8fa1281f54e6f84.php 第 394 行.
INFO: ParseTemplate Behavior ::run [ RunTime:0.059831s ]
INFO: [ view_parse ] --END-- [ RunTime:0.060077s ]
INFO: [ view_filter ] --START--
INFO: ContentReplace Behavior ::run [ RunTime:0.001493s ]
INFO: TokenBuild Behavior ::run [ RunTime:0.001039s ]
INFO: WriteHtmlCache Behavior ::run [ RunTime:0.000759s ]
INFO: ShowRuntime Behavior ::run [ RunTime:0.001129s ]
INFO: [ view_filter ] --END-- [ RunTime:0.005140s ]
INFO: [ view_end ] --START--
INFO: ShowPageTrace Behavior ::run [ RunTime:0.002453s ]
INFO: [ view_end ] --END-- [ RunTime:0.002686s ]

[ 2014-04-22T10:58:31+08:00 ] 127.0.0.1 /index.php/Index/pic.html
INFO: [ route_check ] --START--
INFO: CheckRoute Behavior ::run [ RunTime:0.001494s ]
INFO: [ route_check ] --END-- [ RunTime:0.002231s ]
INFO: [ app_begin ] --START--
INFO: ReadHtmlCache Behavior ::run [ RunTime:0.001142s ]
INFO: [ app_begin ] --END-- [ RunTime:0.001359s ]
SQL: SHOW COLUMNS FROM `disk_files` [ RunTime:0.004814s ]
SQL: SELECT * FROM `disk_files` WHERE ( user_name='admin' AND (type='jpg' OR type='png' OR type='gif') ) ORDER BY time  [ RunTime:0.001079s ]
SQL: select sum(file_size) as space from disk_files where user_name='admin' [ RunTime:0.000693s ]

[ 2014-04-22T10:58:33+08:00 ] 127.0.0.1 /index.php/Index/index.html
INFO: [ route_check ] --START--
INFO: CheckRoute Behavior ::run [ RunTime:0.001308s ]
INFO: [ route_check ] --END-- [ RunTime:0.001578s ]
INFO: [ app_begin ] --START--
INFO: ReadHtmlCache Behavior ::run [ RunTime:0.001201s ]
INFO: [ app_begin ] --END-- [ RunTime:0.001455s ]
SQL: select sum(file_size) as space from disk_files where user_name='admin' [ RunTime:0.000621s ]
INFO: [ view_parse ] --START--
INFO: ParseTemplate Behavior ::run [ RunTime:0.029617s ]
INFO: [ view_parse ] --END-- [ RunTime:0.029908s ]
INFO: [ view_filter ] --START--
INFO: ContentReplace Behavior ::run [ RunTime:0.007480s ]
INFO: TokenBuild Behavior ::run [ RunTime:0.001156s ]
INFO: WriteHtmlCache Behavior ::run [ RunTime:0.000807s ]
INFO: ShowRuntime Behavior ::run [ RunTime:0.001437s ]
INFO: [ view_filter ] --END-- [ RunTime:0.011706s ]
INFO: [ view_end ] --START--
INFO: ShowPageTrace Behavior ::run [ RunTime:0.001128s ]
INFO: [ view_end ] --END-- [ RunTime:0.007624s ]

[ 2014-04-22T10:58:36+08:00 ] 127.0.0.1 /index.php/Index/files.html
INFO: [ route_check ] --START--
INFO: CheckRoute Behavior ::run [ RunTime:0.001590s ]
INFO: [ route_check ] --END-- [ RunTime:0.001885s ]
INFO: [ app_begin ] --START--
INFO: ReadHtmlCache Behavior ::run [ RunTime:0.001352s ]
INFO: [ app_begin ] --END-- [ RunTime:0.001606s ]
SQL: SHOW COLUMNS FROM `disk_files` [ RunTime:0.005093s ]
SQL: SELECT * FROM `disk_files` WHERE ( user_name='admin' ) ORDER BY time  [ RunTime:0.001208s ]

[ 2014-04-22T11:00:16+08:00 ] 127.0.0.1 /index.php/Pic/index.html
INFO: [ route_check ] --START--
INFO: CheckRoute Behavior ::run [ RunTime:0.001627s ]
INFO: [ route_check ] --END-- [ RunTime:0.001954s ]
INFO: [ app_begin ] --START--
INFO: ReadHtmlCache Behavior ::run [ RunTime:0.001144s ]
INFO: [ app_begin ] --END-- [ RunTime:0.001404s ]
INFO: [ view_parse ] --START--
NOTIC: [8] Undefined variable: space D:\wamp\www\hearainDisk\Runtime\Cache\2ae5014e24cd35f6e8fa1281f54e6f84.php 第 394 行.
INFO: ParseTemplate Behavior ::run [ RunTime:0.048475s ]
INFO: [ view_parse ] --END-- [ RunTime:0.058463s ]
INFO: [ view_filter ] --START--
INFO: ContentReplace Behavior ::run [ RunTime:0.001884s ]
INFO: TokenBuild Behavior ::run [ RunTime:0.001163s ]
INFO: WriteHtmlCache Behavior ::run [ RunTime:0.000876s ]
INFO: ShowRuntime Behavior ::run [ RunTime:0.001255s ]
INFO: [ view_filter ] --END-- [ RunTime:0.006072s ]
INFO: [ view_end ] --START--
INFO: ShowPageTrace Behavior ::run [ RunTime:0.001261s ]
INFO: [ view_end ] --END-- [ RunTime:0.001490s ]

[ 2014-04-22T11:00:18+08:00 ] 127.0.0.1 /index.php/Index/pic.html
INFO: [ route_check ] --START--
INFO: CheckRoute Behavior ::run [ RunTime:0.001422s ]
INFO: [ route_check ] --END-- [ RunTime:0.001705s ]
INFO: [ app_begin ] --START--
INFO: ReadHtmlCache Behavior ::run [ RunTime:0.001349s ]
INFO: [ app_begin ] --END-- [ RunTime:0.001687s ]
SQL: SHOW COLUMNS FROM `disk_files` [ RunTime:0.005505s ]
SQL: SELECT * FROM `disk_files` WHERE ( user_name='admin' AND (type='jpg' OR type='png' OR type='gif') ) ORDER BY time  [ RunTime:0.001111s ]
SQL: select sum(file_size) as space from disk_files where user_name='admin' [ RunTime:0.000571s ]

[ 2014-04-22T11:00:47+08:00 ] 127.0.0.1 /index.php/Pic/index.html
INFO: [ route_check ] --START--
INFO: CheckRoute Behavior ::run [ RunTime:0.003197s ]
INFO: [ route_check ] --END-- [ RunTime:0.003485s ]
INFO: [ app_begin ] --START--
INFO: ReadHtmlCache Behavior ::run [ RunTime:0.001134s ]
INFO: [ app_begin ] --END-- [ RunTime:0.001392s ]
INFO: [ view_parse ] --START--
NOTIC: [8] Undefined variable: space D:\wamp\www\hearainDisk\Runtime\Cache\2ae5014e24cd35f6e8fa1281f54e6f84.php 第 394 行.
INFO: ParseTemplate Behavior ::run [ RunTime:0.075484s ]
INFO: [ view_parse ] --END-- [ RunTime:0.075721s ]
INFO: [ view_filter ] --START--
INFO: ContentReplace Behavior ::run [ RunTime:0.001556s ]
INFO: TokenBuild Behavior ::run [ RunTime:0.001184s ]
INFO: WriteHtmlCache Behavior ::run [ RunTime:0.000730s ]
INFO: ShowRuntime Behavior ::run [ RunTime:0.001482s ]
INFO: [ view_filter ] --END-- [ RunTime:0.005632s ]
INFO: [ view_end ] --START--
INFO: ShowPageTrace Behavior ::run [ RunTime:0.002914s ]
INFO: [ view_end ] --END-- [ RunTime:0.003171s ]

[ 2014-04-22T11:00:50+08:00 ] 127.0.0.1 /index.php/Index/pic.html
INFO: [ route_check ] --START--
INFO: CheckRoute Behavior ::run [ RunTime:0.001747s ]
INFO: [ route_check ] --END-- [ RunTime:0.002050s ]
INFO: [ app_begin ] --START--
INFO: ReadHtmlCache Behavior ::run [ RunTime:0.001505s ]
INFO: [ app_begin ] --END-- [ RunTime:0.001842s ]
SQL: select sum(file_size) as space from disk_files where user_name='admin' [ RunTime:0.005475s ]
NOTIC: [8] Undefined variable: data D:\wamp\www\hearainDisk\Lib\Action\IndexAction.class.php 第 36 行.

[ 2014-04-22T11:02:11+08:00 ] 127.0.0.1 /index.php/Pic/index.html
INFO: [ route_check ] --START--
INFO: CheckRoute Behavior ::run [ RunTime:0.001466s ]
INFO: [ route_check ] --END-- [ RunTime:0.001799s ]
INFO: [ app_begin ] --START--
INFO: ReadHtmlCache Behavior ::run [ RunTime:0.001153s ]
INFO: [ app_begin ] --END-- [ RunTime:0.001416s ]
INFO: [ view_parse ] --START--
NOTIC: [8] Undefined variable: space D:\wamp\www\hearainDisk\Runtime\Cache\2ae5014e24cd35f6e8fa1281f54e6f84.php 第 394 行.
INFO: ParseTemplate Behavior ::run [ RunTime:0.054271s ]
INFO: [ view_parse ] --END-- [ RunTime:0.054531s ]
INFO: [ view_filter ] --START--
INFO: ContentReplace Behavior ::run [ RunTime:0.001653s ]
INFO: TokenBuild Behavior ::run [ RunTime:0.001056s ]
INFO: WriteHtmlCache Behavior ::run [ RunTime:0.000905s ]
INFO: ShowRuntime Behavior ::run [ RunTime:0.001309s ]
INFO: [ view_filter ] --END-- [ RunTime:0.007350s ]
INFO: [ view_end ] --START--
INFO: ShowPageTrace Behavior ::run [ RunTime:0.001209s ]
INFO: [ view_end ] --END-- [ RunTime:0.001447s ]

[ 2014-04-22T11:02:13+08:00 ] 127.0.0.1 /index.php/Index/pic.html
INFO: [ route_check ] --START--
INFO: CheckRoute Behavior ::run [ RunTime:0.001368s ]
INFO: [ route_check ] --END-- [ RunTime:0.001637s ]
INFO: [ app_begin ] --START--
INFO: ReadHtmlCache Behavior ::run [ RunTime:0.001516s ]
INFO: [ app_begin ] --END-- [ RunTime:0.003140s ]
NOTIC: [8] Undefined variable: files D:\wamp\www\hearainDisk\Lib\Action\IndexAction.class.php 第 33 行.

[ 2014-04-22T11:02:17+08:00 ] 127.0.0.1 /index.php/Pic/index.html
INFO: [ route_check ] --START--
INFO: CheckRoute Behavior ::run [ RunTime:0.003474s ]
INFO: [ route_check ] --END-- [ RunTime:0.003785s ]
INFO: [ app_begin ] --START--
INFO: ReadHtmlCache Behavior ::run [ RunTime:0.001229s ]
INFO: [ app_begin ] --END-- [ RunTime:0.001524s ]
INFO: [ view_parse ] --START--
NOTIC: [8] Undefined variable: space D:\wamp\www\hearainDisk\Runtime\Cache\2ae5014e24cd35f6e8fa1281f54e6f84.php 第 394 行.
INFO: ParseTemplate Behavior ::run [ RunTime:0.046244s ]
INFO: [ view_parse ] --END-- [ RunTime:0.046487s ]
INFO: [ view_filter ] --START--
INFO: ContentReplace Behavior ::run [ RunTime:0.001485s ]
INFO: TokenBuild Behavior ::run [ RunTime:0.001104s ]
INFO: WriteHtmlCache Behavior ::run [ RunTime:0.000771s ]
INFO: ShowRuntime Behavior ::run [ RunTime:0.001682s ]
INFO: [ view_filter ] --END-- [ RunTime:0.007077s ]
INFO: [ view_end ] --START--
INFO: ShowPageTrace Behavior ::run [ RunTime:0.001320s ]
INFO: [ view_end ] --END-- [ RunTime:0.001546s ]

[ 2014-04-22T11:02:18+08:00 ] 127.0.0.1 /index.php/Index/pic.html
INFO: [ route_check ] --START--
INFO: CheckRoute Behavior ::run [ RunTime:0.003251s ]
INFO: [ route_check ] --END-- [ RunTime:0.003632s ]
INFO: [ app_begin ] --START--
INFO: ReadHtmlCache Behavior ::run [ RunTime:0.001084s ]
INFO: [ app_begin ] --END-- [ RunTime:0.001297s ]
NOTIC: [8] Undefined variable: files D:\wamp\www\hearainDisk\Lib\Action\IndexAction.class.php 第 33 行.

[ 2014-04-22T11:02:36+08:00 ] 127.0.0.1 /index.php/Pic/index.html
INFO: [ route_check ] --START--
INFO: CheckRoute Behavior ::run [ RunTime:0.001395s ]
INFO: [ route_check ] --END-- [ RunTime:0.001701s ]
INFO: [ app_begin ] --START--
INFO: ReadHtmlCache Behavior ::run [ RunTime:0.001174s ]
INFO: [ app_begin ] --END-- [ RunTime:0.001449s ]
INFO: [ view_parse ] --START--
NOTIC: [8] Undefined variable: space D:\wamp\www\hearainDisk\Runtime\Cache\2ae5014e24cd35f6e8fa1281f54e6f84.php 第 394 行.
INFO: ParseTemplate Behavior ::run [ RunTime:0.033926s ]
INFO: [ view_parse ] --END-- [ RunTime:0.034225s ]
INFO: [ view_filter ] --START--
INFO: ContentReplace Behavior ::run [ RunTime:0.001788s ]
INFO: TokenBuild Behavior ::run [ RunTime:0.001523s ]
INFO: WriteHtmlCache Behavior ::run [ RunTime:0.000814s ]
INFO: ShowRuntime Behavior ::run [ RunTime:0.001241s ]
INFO: [ view_filter ] --END-- [ RunTime:0.006120s ]
INFO: [ view_end ] --START--
INFO: ShowPageTrace Behavior ::run [ RunTime:0.001791s ]
INFO: [ view_end ] --END-- [ RunTime:0.002035s ]

[ 2014-04-22T11:02:38+08:00 ] 127.0.0.1 /index.php/Index/pic.html
INFO: [ route_check ] --START--
INFO: CheckRoute Behavior ::run [ RunTime:0.001314s ]
INFO: [ route_check ] --END-- [ RunTime:0.001596s ]
INFO: [ app_begin ] --START--
INFO: ReadHtmlCache Behavior ::run [ RunTime:0.001102s ]
INFO: [ app_begin ] --END-- [ RunTime:0.001597s ]
SQL: SHOW COLUMNS FROM `disk_files` [ RunTime:0.004469s ]
SQL: SELECT * FROM `disk_files` WHERE ( user_name='admin' AND (type='jpg' OR type='png' OR type='gif') ) ORDER BY time  [ RunTime:0.000911s ]
SQL: select sum(file_size) as space from disk_files where user_name='admin' [ RunTime:0.000381s ]

[ 2014-04-22T11:03:10+08:00 ] 127.0.0.1 /index.php/Index/index.html
INFO: [ route_check ] --START--
INFO: CheckRoute Behavior ::run [ RunTime:0.001740s ]
INFO: [ route_check ] --END-- [ RunTime:0.002081s ]
INFO: [ app_begin ] --START--
INFO: ReadHtmlCache Behavior ::run [ RunTime:0.001123s ]
INFO: [ app_begin ] --END-- [ RunTime:0.001655s ]
SQL: select sum(file_size) as space from disk_files where user_name='admin' [ RunTime:0.000417s ]
INFO: [ view_parse ] --START--
INFO: ParseTemplate Behavior ::run [ RunTime:0.033482s ]
INFO: [ view_parse ] --END-- [ RunTime:0.033744s ]
INFO: [ view_filter ] --START--
INFO: ContentReplace Behavior ::run [ RunTime:0.001322s ]
INFO: TokenBuild Behavior ::run [ RunTime:0.001191s ]
INFO: WriteHtmlCache Behavior ::run [ RunTime:0.000945s ]
INFO: ShowRuntime Behavior ::run [ RunTime:0.001504s ]
INFO: [ view_filter ] --END-- [ RunTime:0.015248s ]
INFO: [ view_end ] --START--
INFO: ShowPageTrace Behavior ::run [ RunTime:0.001128s ]
INFO: [ view_end ] --END-- [ RunTime:0.001421s ]

[ 2014-04-22T11:03:13+08:00 ] 127.0.0.1 /index.php/Index/files.html
INFO: [ route_check ] --START--
INFO: CheckRoute Behavior ::run [ RunTime:0.001583s ]
INFO: [ route_check ] --END-- [ RunTime:0.002003s ]
INFO: [ app_begin ] --START--
INFO: ReadHtmlCache Behavior ::run [ RunTime:0.001513s ]
INFO: [ app_begin ] --END-- [ RunTime:0.001803s ]
SQL: SHOW COLUMNS FROM `disk_files` [ RunTime:0.015094s ]
SQL: SELECT * FROM `disk_files` WHERE ( user_name='admin' ) ORDER BY time  [ RunTime:0.001933s ]

[ 2014-04-22T11:03:42+08:00 ] 10.10.0.120 /
INFO: [ app_begin ] --START--
INFO: ReadHtmlCache Behavior ::run [ RunTime:0.001029s ]
INFO: [ app_begin ] --END-- [ RunTime:0.001306s ]

[ 2014-04-22T11:03:42+08:00 ] 10.10.0.120 /index.php/Login/index.html
INFO: [ route_check ] --START--
INFO: CheckRoute Behavior ::run [ RunTime:0.001436s ]
INFO: [ route_check ] --END-- [ RunTime:0.001694s ]
INFO: [ app_begin ] --START--
INFO: ReadHtmlCache Behavior ::run [ RunTime:0.001097s ]
INFO: [ app_begin ] --END-- [ RunTime:0.001338s ]
INFO: [ view_parse ] --START--
INFO: ParseTemplate Behavior ::run [ RunTime:0.029061s ]
INFO: [ view_parse ] --END-- [ RunTime:0.029336s ]
INFO: [ view_filter ] --START--
INFO: ContentReplace Behavior ::run [ RunTime:0.002446s ]
INFO: TokenBuild Behavior ::run [ RunTime:0.000966s ]
INFO: WriteHtmlCache Behavior ::run [ RunTime:0.000777s ]
INFO: ShowRuntime Behavior ::run [ RunTime:0.001177s ]
INFO: [ view_filter ] --END-- [ RunTime:0.006038s ]
INFO: [ view_end ] --START--
INFO: ShowPageTrace Behavior ::run [ RunTime:0.001191s ]
INFO: [ view_end ] --END-- [ RunTime:0.001499s ]

[ 2014-04-22T11:08:49+08:00 ] 127.0.0.1 /index.php/Pic/index.html
INFO: [ route_check ] --START--
INFO: CheckRoute Behavior ::run [ RunTime:0.001687s ]
INFO: [ route_check ] --END-- [ RunTime:0.001957s ]
INFO: [ app_begin ] --START--
INFO: ReadHtmlCache Behavior ::run [ RunTime:0.001450s ]
INFO: [ app_begin ] --END-- [ RunTime:0.001736s ]
INFO: [ view_parse ] --START--
NOTIC: [8] Undefined variable: space D:\wamp\www\hearainDisk\Runtime\Cache\2ae5014e24cd35f6e8fa1281f54e6f84.php 第 394 行.
INFO: ParseTemplate Behavior ::run [ RunTime:0.044687s ]
INFO: [ view_parse ] --END-- [ RunTime:0.044931s ]
INFO: [ view_filter ] --START--
INFO: ContentReplace Behavior ::run [ RunTime:0.001682s ]
INFO: TokenBuild Behavior ::run [ RunTime:0.001242s ]
INFO: WriteHtmlCache Behavior ::run [ RunTime:0.000971s ]
INFO: ShowRuntime Behavior ::run [ RunTime:0.001567s ]
INFO: [ view_filter ] --END-- [ RunTime:0.006167s ]
INFO: [ view_end ] --START--
INFO: ShowPageTrace Behavior ::run [ RunTime:0.001490s ]
INFO: [ view_end ] --END-- [ RunTime:0.001731s ]

[ 2014-04-22T11:08:52+08:00 ] 127.0.0.1 /index.php/Index/pic.html
INFO: [ route_check ] --START--
INFO: CheckRoute Behavior ::run [ RunTime:0.001945s ]
INFO: [ route_check ] --END-- [ RunTime:0.002254s ]
INFO: [ app_begin ] --START--
INFO: ReadHtmlCache Behavior ::run [ RunTime:0.001458s ]
INFO: [ app_begin ] --END-- [ RunTime:0.001720s ]
SQL: SHOW COLUMNS FROM `disk_files` [ RunTime:0.005930s ]
SQL: SELECT * FROM `disk_files` WHERE ( user_name='admin' AND (type='jpg' OR type='png' OR type='gif') ) ORDER BY time  [ RunTime:0.000848s ]
SQL: select sum(file_size) as space from disk_files where user_name='admin' [ RunTime:0.000399s ]

[ 2014-04-22T11:10:03+08:00 ] 127.0.0.1 /index.php/Pic/index.html
INFO: [ route_check ] --START--
INFO: CheckRoute Behavior ::run [ RunTime:0.001385s ]
INFO: [ route_check ] --END-- [ RunTime:0.001678s ]
INFO: [ app_begin ] --START--
INFO: ReadHtmlCache Behavior ::run [ RunTime:0.001293s ]
INFO: [ app_begin ] --END-- [ RunTime:0.001563s ]
INFO: [ view_parse ] --START--
NOTIC: [8] Undefined variable: space D:\wamp\www\hearainDisk\Runtime\Cache\2ae5014e24cd35f6e8fa1281f54e6f84.php 第 394 行.
INFO: ParseTemplate Behavior ::run [ RunTime:0.036324s ]
INFO: [ view_parse ] --END-- [ RunTime:0.036574s ]
INFO: [ view_filter ] --START--
INFO: ContentReplace Behavior ::run [ RunTime:0.001521s ]
INFO: TokenBuild Behavior ::run [ RunTime:0.001032s ]
INFO: WriteHtmlCache Behavior ::run [ RunTime:0.000714s ]
INFO: ShowRuntime Behavior ::run [ RunTime:0.001100s ]
INFO: [ view_filter ] --END-- [ RunTime:0.005086s ]
INFO: [ view_end ] --START--
INFO: ShowPageTrace Behavior ::run [ RunTime:0.002246s ]
INFO: [ view_end ] --END-- [ RunTime:0.002483s ]

[ 2014-04-22T11:10:05+08:00 ] 127.0.0.1 /index.php/Index/pic.html
INFO: [ route_check ] --START--
INFO: CheckRoute Behavior ::run [ RunTime:0.001767s ]
INFO: [ route_check ] --END-- [ RunTime:0.002134s ]
INFO: [ app_begin ] --START--
INFO: ReadHtmlCache Behavior ::run [ RunTime:0.001253s ]
INFO: [ app_begin ] --END-- [ RunTime:0.001547s ]
SQL: SHOW COLUMNS FROM `disk_files` [ RunTime:0.010315s ]
SQL: SELECT * FROM `disk_files` WHERE ( user_name='admin' AND (type='jpg' OR type='png' OR type='gif') ) ORDER BY time  [ RunTime:0.002318s ]
SQL: select sum(file_size) as space from disk_files where user_name='admin' [ RunTime:0.001908s ]

[ 2014-04-22T12:18:04+08:00 ] 10.10.0.120 /
INFO: [ app_begin ] --START--
INFO: ReadHtmlCache Behavior ::run [ RunTime:0.001735s ]
INFO: [ app_begin ] --END-- [ RunTime:0.002085s ]

[ 2014-04-22T12:18:04+08:00 ] 10.10.0.120 /index.php/Login/index.html
INFO: [ route_check ] --START--
INFO: CheckRoute Behavior ::run [ RunTime:0.001524s ]
INFO: [ route_check ] --END-- [ RunTime:0.001777s ]
INFO: [ app_begin ] --START--
INFO: ReadHtmlCache Behavior ::run [ RunTime:0.001001s ]
INFO: [ app_begin ] --END-- [ RunTime:0.001228s ]
INFO: [ view_parse ] --START--
INFO: ParseTemplate Behavior ::run [ RunTime:0.018801s ]
INFO: [ view_parse ] --END-- [ RunTime:0.019061s ]
INFO: [ view_filter ] --START--
INFO: ContentReplace Behavior ::run [ RunTime:0.001121s ]
INFO: TokenBuild Behavior ::run [ RunTime:0.001045s ]
INFO: WriteHtmlCache Behavior ::run [ RunTime:0.000768s ]
INFO: ShowRuntime Behavior ::run [ RunTime:0.001230s ]
INFO: [ view_filter ] --END-- [ RunTime:0.005549s ]
INFO: [ view_end ] --START--
INFO: ShowPageTrace Behavior ::run [ RunTime:0.001329s ]
INFO: [ view_end ] --END-- [ RunTime:0.001554s ]

[ 2014-04-22T13:31:52+08:00 ] 10.10.0.120 /
INFO: [ app_begin ] --START--
INFO: ReadHtmlCache Behavior ::run [ RunTime:0.001565s ]
INFO: [ app_begin ] --END-- [ RunTime:0.001827s ]

[ 2014-04-22T13:31:52+08:00 ] 10.10.0.120 /index.php/Login/index.html
INFO: [ route_check ] --START--
INFO: CheckRoute Behavior ::run [ RunTime:0.001527s ]
INFO: [ route_check ] --END-- [ RunTime:0.001836s ]
INFO: [ app_begin ] --START--
INFO: ReadHtmlCache Behavior ::run [ RunTime:0.001120s ]
INFO: [ app_begin ] --END-- [ RunTime:0.001376s ]
INFO: [ view_parse ] --START--
INFO: ParseTemplate Behavior ::run [ RunTime:0.017781s ]
INFO: [ view_parse ] --END-- [ RunTime:0.018041s ]
INFO: [ view_filter ] --START--
INFO: ContentReplace Behavior ::run [ RunTime:0.001107s ]
INFO: TokenBuild Behavior ::run [ RunTime:0.001131s ]
INFO: WriteHtmlCache Behavior ::run [ RunTime:0.001070s ]
INFO: ShowRuntime Behavior ::run [ RunTime:0.001231s ]
INFO: [ view_filter ] --END-- [ RunTime:0.005278s ]
INFO: [ view_end ] --START--
INFO: ShowPageTrace Behavior ::run [ RunTime:0.001325s ]
INFO: [ view_end ] --END-- [ RunTime:0.001559s ]

[ 2014-04-22T13:46:11+08:00 ] 127.0.0.1 /index.php/Login/logout.html
INFO: [ route_check ] --START--
INFO: CheckRoute Behavior ::run [ RunTime:0.005118s ]
INFO: [ route_check ] --END-- [ RunTime:0.005413s ]
INFO: [ app_begin ] --START--
INFO: ReadHtmlCache Behavior ::run [ RunTime:0.001222s ]
INFO: [ app_begin ] --END-- [ RunTime:0.001489s ]

[ 2014-04-22T13:46:11+08:00 ] 127.0.0.1 /index.php/Login/index.html
INFO: [ route_check ] --START--
INFO: CheckRoute Behavior ::run [ RunTime:0.001633s ]
INFO: [ route_check ] --END-- [ RunTime:0.001920s ]
INFO: [ app_begin ] --START--
INFO: ReadHtmlCache Behavior ::run [ RunTime:0.001755s ]
INFO: [ app_begin ] --END-- [ RunTime:0.002027s ]
INFO: [ view_parse ] --START--
INFO: ParseTemplate Behavior ::run [ RunTime:0.022879s ]
INFO: [ view_parse ] --END-- [ RunTime:0.023152s ]
INFO: [ view_filter ] --START--
INFO: ContentReplace Behavior ::run [ RunTime:0.001167s ]
INFO: TokenBuild Behavior ::run [ RunTime:0.001115s ]
INFO: WriteHtmlCache Behavior ::run [ RunTime:0.000924s ]
INFO: ShowRuntime Behavior ::run [ RunTime:0.001452s ]
INFO: [ view_filter ] --END-- [ RunTime:0.005567s ]
INFO: [ view_end ] --START--
INFO: ShowPageTrace Behavior ::run [ RunTime:0.001279s ]
INFO: [ view_end ] --END-- [ RunTime:0.001535s ]

[ 2014-04-22T13:46:13+08:00 ] 127.0.0.1 /index.php/Login/index.html
INFO: [ route_check ] --START--
INFO: CheckRoute Behavior ::run [ RunTime:0.002098s ]
INFO: [ route_check ] --END-- [ RunTime:0.002406s ]
INFO: [ app_begin ] --START--
INFO: ReadHtmlCache Behavior ::run [ RunTime:0.001251s ]
INFO: [ app_begin ] --END-- [ RunTime:0.001571s ]
INFO: [ view_parse ] --START--
INFO: ParseTemplate Behavior ::run [ RunTime:0.027195s ]
INFO: [ view_parse ] --END-- [ RunTime:0.027461s ]
INFO: [ view_filter ] --START--
INFO: ContentReplace Behavior ::run [ RunTime:0.003174s ]
INFO: TokenBuild Behavior ::run [ RunTime:0.001305s ]
INFO: WriteHtmlCache Behavior ::run [ RunTime:0.001236s ]
INFO: ShowRuntime Behavior ::run [ RunTime:0.001501s ]
INFO: [ view_filter ] --END-- [ RunTime:0.007928s ]
INFO: [ view_end ] --START--
INFO: ShowPageTrace Behavior ::run [ RunTime:0.001279s ]
INFO: [ view_end ] --END-- [ RunTime:0.001568s ]

[ 2014-04-22T13:46:14+08:00 ] 127.0.0.1 /index.php/Admin/index.html
INFO: [ route_check ] --START--
INFO: CheckRoute Behavior ::run [ RunTime:0.001429s ]
INFO: [ route_check ] --END-- [ RunTime:0.001719s ]
INFO: [ app_begin ] --START--
INFO: ReadHtmlCache Behavior ::run [ RunTime:0.001183s ]
INFO: [ app_begin ] --END-- [ RunTime:0.001439s ]
INFO: [ view_parse ] --START--
INFO: ParseTemplate Behavior ::run [ RunTime:0.034721s ]
INFO: [ view_parse ] --END-- [ RunTime:0.034994s ]
INFO: [ view_filter ] --START--
INFO: ContentReplace Behavior ::run [ RunTime:0.000913s ]
INFO: TokenBuild Behavior ::run [ RunTime:0.001040s ]
INFO: WriteHtmlCache Behavior ::run [ RunTime:0.000669s ]
INFO: ShowRuntime Behavior ::run [ RunTime:0.001073s ]
INFO: [ view_filter ] --END-- [ RunTime:0.004376s ]
INFO: [ view_end ] --START--
INFO: ShowPageTrace Behavior ::run [ RunTime:0.001578s ]
INFO: [ view_end ] --END-- [ RunTime:0.003673s ]

[ 2014-04-22T14:47:14+08:00 ] 127.0.0.1 /index.php/Login/index.html
INFO: [ route_check ] --START--
INFO: CheckRoute Behavior ::run [ RunTime:0.001721s ]
INFO: [ route_check ] --END-- [ RunTime:0.002041s ]
INFO: [ app_begin ] --START--
INFO: ReadHtmlCache Behavior ::run [ RunTime:0.001327s ]
INFO: [ app_begin ] --END-- [ RunTime:0.001590s ]
INFO: [ view_parse ] --START--
INFO: ParseTemplate Behavior ::run [ RunTime:0.023932s ]
INFO: [ view_parse ] --END-- [ RunTime:0.024281s ]
INFO: [ view_filter ] --START--
INFO: ContentReplace Behavior ::run [ RunTime:0.002102s ]
INFO: TokenBuild Behavior ::run [ RunTime:0.001768s ]
INFO: WriteHtmlCache Behavior ::run [ RunTime:0.001125s ]
INFO: ShowRuntime Behavior ::run [ RunTime:0.001423s ]
INFO: [ view_filter ] --END-- [ RunTime:0.007465s ]
INFO: [ view_end ] --START--
INFO: ShowPageTrace Behavior ::run [ RunTime:0.001393s ]
INFO: [ view_end ] --END-- [ RunTime:0.001645s ]

[ 2014-04-22T14:47:15+08:00 ] 127.0.0.1 /index.php/Login/index.html
INFO: [ route_check ] --START--
INFO: CheckRoute Behavior ::run [ RunTime:0.001372s ]
INFO: [ route_check ] --END-- [ RunTime:0.001645s ]
INFO: [ app_begin ] --START--
INFO: ReadHtmlCache Behavior ::run [ RunTime:0.001065s ]
INFO: [ app_begin ] --END-- [ RunTime:0.001309s ]
INFO: [ view_parse ] --START--
INFO: ParseTemplate Behavior ::run [ RunTime:0.022946s ]
INFO: [ view_parse ] --END-- [ RunTime:0.023240s ]
INFO: [ view_filter ] --START--
INFO: ContentReplace Behavior ::run [ RunTime:0.001125s ]
INFO: TokenBuild Behavior ::run [ RunTime:0.003550s ]
INFO: WriteHtmlCache Behavior ::run [ RunTime:0.001698s ]
INFO: ShowRuntime Behavior ::run [ RunTime:0.001317s ]
INFO: [ view_filter ] --END-- [ RunTime:0.008456s ]
INFO: [ view_end ] --START--
INFO: ShowPageTrace Behavior ::run [ RunTime:0.001174s ]
INFO: [ view_end ] --END-- [ RunTime:0.001412s ]

[ 2014-04-22T14:47:36+08:00 ] 10.10.0.120 /
INFO: [ app_begin ] --START--
INFO: ReadHtmlCache Behavior ::run [ RunTime:0.002187s ]
INFO: [ app_begin ] --END-- [ RunTime:0.002451s ]

[ 2014-04-22T14:47:36+08:00 ] 10.10.0.120 /index.php/Login/index.html
INFO: [ route_check ] --START--
INFO: CheckRoute Behavior ::run [ RunTime:0.003488s ]
INFO: [ route_check ] --END-- [ RunTime:0.003769s ]
INFO: [ app_begin ] --START--
INFO: ReadHtmlCache Behavior ::run [ RunTime:0.001162s ]
INFO: [ app_begin ] --END-- [ RunTime:0.002225s ]
INFO: [ view_parse ] --START--
INFO: ParseTemplate Behavior ::run [ RunTime:0.022646s ]
INFO: [ view_parse ] --END-- [ RunTime:0.022962s ]
INFO: [ view_filter ] --START--
INFO: ContentReplace Behavior ::run [ RunTime:0.001356s ]
INFO: TokenBuild Behavior ::run [ RunTime:0.001117s ]
INFO: WriteHtmlCache Behavior ::run [ RunTime:0.004026s ]
INFO: ShowRuntime Behavior ::run [ RunTime:0.006120s ]
INFO: [ view_filter ] --END-- [ RunTime:0.013801s ]
INFO: [ view_end ] --START--
INFO: ShowPageTrace Behavior ::run [ RunTime:0.001332s ]
INFO: [ view_end ] --END-- [ RunTime:0.001920s ]

[ 2014-04-22T16:10:09+08:00 ] 10.10.0.120 /
INFO: [ app_begin ] --START--
INFO: ReadHtmlCache Behavior ::run [ RunTime:0.001334s ]
INFO: [ app_begin ] --END-- [ RunTime:0.001607s ]

[ 2014-04-22T16:10:09+08:00 ] 10.10.0.120 /index.php/Login/index.html
INFO: [ route_check ] --START--
INFO: CheckRoute Behavior ::run [ RunTime:0.001358s ]
INFO: [ route_check ] --END-- [ RunTime:0.001614s ]
INFO: [ app_begin ] --START--
INFO: ReadHtmlCache Behavior ::run [ RunTime:0.000989s ]
INFO: [ app_begin ] --END-- [ RunTime:0.001218s ]
INFO: [ view_parse ] --START--
INFO: ParseTemplate Behavior ::run [ RunTime:0.019079s ]
INFO: [ view_parse ] --END-- [ RunTime:0.019372s ]
INFO: [ view_filter ] --START--
INFO: ContentReplace Behavior ::run [ RunTime:0.001224s ]
INFO: TokenBuild Behavior ::run [ RunTime:0.001308s ]
INFO: WriteHtmlCache Behavior ::run [ RunTime:0.000886s ]
INFO: ShowRuntime Behavior ::run [ RunTime:0.001413s ]
INFO: [ view_filter ] --END-- [ RunTime:0.005528s ]
INFO: [ view_end ] --START--
INFO: ShowPageTrace Behavior ::run [ RunTime:0.002170s ]
INFO: [ view_end ] --END-- [ RunTime:0.002414s ]

[ 2014-04-22T17:26:48+08:00 ] 10.10.0.120 /
INFO: [ app_begin ] --START--
INFO: ReadHtmlCache Behavior ::run [ RunTime:0.001256s ]
INFO: [ app_begin ] --END-- [ RunTime:0.001512s ]

[ 2014-04-22T17:26:48+08:00 ] 10.10.0.120 /index.php/Login/index.html
INFO: [ route_check ] --START--
INFO: CheckRoute Behavior ::run [ RunTime:0.001415s ]
INFO: [ route_check ] --END-- [ RunTime:0.001673s ]
INFO: [ app_begin ] --START--
INFO: ReadHtmlCache Behavior ::run [ RunTime:0.001008s ]
INFO: [ app_begin ] --END-- [ RunTime:0.001238s ]
INFO: [ view_parse ] --START--
INFO: ParseTemplate Behavior ::run [ RunTime:0.018302s ]
INFO: [ view_parse ] --END-- [ RunTime:0.018558s ]
INFO: [ view_filter ] --START--
INFO: ContentReplace Behavior ::run [ RunTime:0.001182s ]
INFO: TokenBuild Behavior ::run [ RunTime:0.001305s ]
INFO: WriteHtmlCache Behavior ::run [ RunTime:0.000864s ]
INFO: ShowRuntime Behavior ::run [ RunTime:0.001278s ]
INFO: [ view_filter ] --END-- [ RunTime:0.005305s ]
INFO: [ view_end ] --START--
INFO: ShowPageTrace Behavior ::run [ RunTime:0.001786s ]
INFO: [ view_end ] --END-- [ RunTime:0.002025s ]

