[ 2014-03-27T09:10:43+08:00 ] 127.0.0.1 /
INFO: [ app_begin ] --START--
INFO: ReadHtmlCache Behavior ::run [ RunTime:0.002005s ]
INFO: [ app_begin ] --END-- [ RunTime:0.002323s ]

[ 2014-03-27T09:10:43+08:00 ] 127.0.0.1 /index.php/Login/index.html
INFO: [ route_check ] --START--
INFO: CheckRoute Behavior ::run [ RunTime:0.001727s ]
INFO: [ route_check ] --END-- [ RunTime:0.001986s ]
INFO: [ app_begin ] --START--
INFO: ReadHtmlCache Behavior ::run [ RunTime:0.001008s ]
INFO: [ app_begin ] --END-- [ RunTime:0.001243s ]
INFO: [ view_parse ] --START--
INFO: ParseTemplate Behavior ::run [ RunTime:0.049399s ]
INFO: [ view_parse ] --END-- [ RunTime:0.049661s ]
INFO: [ view_filter ] --START--
INFO: ContentReplace Behavior ::run [ RunTime:0.001272s ]
INFO: TokenBuild Behavior ::run [ RunTime:0.001229s ]
INFO: WriteHtmlCache Behavior ::run [ RunTime:0.000852s ]
INFO: ShowRuntime Behavior ::run [ RunTime:0.001430s ]
INFO: [ view_filter ] --END-- [ RunTime:0.005509s ]
INFO: [ view_end ] --START--
INFO: ShowPageTrace Behavior ::run [ RunTime:0.001355s ]
INFO: [ view_end ] --END-- [ RunTime:0.001586s ]

[ 2014-03-27T09:10:44+08:00 ] 127.0.0.1 /index.php/Login/index.html
INFO: [ route_check ] --START--
INFO: CheckRoute Behavior ::run [ RunTime:0.001417s ]
INFO: [ route_check ] --END-- [ RunTime:0.001695s ]
INFO: [ app_begin ] --START--
INFO: ReadHtmlCache Behavior ::run [ RunTime:0.001131s ]
INFO: [ app_begin ] --END-- [ RunTime:0.001360s ]
INFO: [ view_parse ] --START--
INFO: ParseTemplate Behavior ::run [ RunTime:0.016529s ]
INFO: [ view_parse ] --END-- [ RunTime:0.016804s ]
INFO: [ view_filter ] --START--
INFO: ContentReplace Behavior ::run [ RunTime:0.001072s ]
INFO: TokenBuild Behavior ::run [ RunTime:0.001012s ]
INFO: WriteHtmlCache Behavior ::run [ RunTime:0.000645s ]
INFO: ShowRuntime Behavior ::run [ RunTime:0.001041s ]
INFO: [ view_filter ] --END-- [ RunTime:0.004481s ]
INFO: [ view_end ] --START--
INFO: ShowPageTrace Behavior ::run [ RunTime:0.001122s ]
INFO: [ view_end ] --END-- [ RunTime:0.001349s ]

[ 2014-03-27T09:10:58+08:00 ] 127.0.0.1 /index.php/Login/login.html?loginname=admin&passwd=123
INFO: [ route_check ] --START--
INFO: CheckRoute Behavior ::run [ RunTime:0.001768s ]
INFO: [ route_check ] --END-- [ RunTime:0.002055s ]
INFO: [ app_begin ] --START--
INFO: ReadHtmlCache Behavior ::run [ RunTime:0.001265s ]
INFO: [ app_begin ] --END-- [ RunTime:0.001486s ]
NOTIC: 建议使用I方法替代_get
NOTIC: 建议使用I方法替代_get
SQL: SHOW COLUMNS FROM `disk_login` [ RunTime:0.025292s ]
SQL: SELECT * FROM `disk_login` WHERE ( user_name='admin' AND pwd='123' ) LIMIT 1   [ RunTime:0.002121s ]

[ 2014-03-27T09:10:59+08:00 ] 127.0.0.1 /index.php/Index/index.html
INFO: [ route_check ] --START--
INFO: CheckRoute Behavior ::run [ RunTime:0.001586s ]
INFO: [ route_check ] --END-- [ RunTime:0.001894s ]
INFO: [ app_begin ] --START--
INFO: ReadHtmlCache Behavior ::run [ RunTime:0.001260s ]
INFO: [ app_begin ] --END-- [ RunTime:0.001533s ]
SQL: select sum(file_size) as space from disk_files where user_name='admin' [ RunTime:0.035966s ]
INFO: [ view_parse ] --START--
INFO: ParseTemplate Behavior ::run [ RunTime:0.073475s ]
INFO: [ view_parse ] --END-- [ RunTime:0.073939s ]
INFO: [ view_filter ] --START--
INFO: ContentReplace Behavior ::run [ RunTime:0.001801s ]
INFO: TokenBuild Behavior ::run [ RunTime:0.001529s ]
INFO: WriteHtmlCache Behavior ::run [ RunTime:0.000886s ]
INFO: ShowRuntime Behavior ::run [ RunTime:0.001347s ]
INFO: [ view_filter ] --END-- [ RunTime:0.006251s ]
INFO: [ view_end ] --START--
INFO: ShowPageTrace Behavior ::run [ RunTime:0.001357s ]
INFO: [ view_end ] --END-- [ RunTime:0.001594s ]

[ 2014-03-27T09:11:01+08:00 ] 127.0.0.1 /index.php/Index/files.html
INFO: [ route_check ] --START--
INFO: CheckRoute Behavior ::run [ RunTime:0.001354s ]
INFO: [ route_check ] --END-- [ RunTime:0.001691s ]
INFO: [ app_begin ] --START--
INFO: ReadHtmlCache Behavior ::run [ RunTime:0.001034s ]
INFO: [ app_begin ] --END-- [ RunTime:0.001237s ]
SQL: SHOW COLUMNS FROM `disk_files` [ RunTime:0.004037s ]
SQL: SELECT * FROM `disk_files` WHERE ( user_name='admin' ) ORDER BY time  [ RunTime:0.001006s ]

[ 2014-03-27T09:40:39+08:00 ] 127.0.0.1 /index.php/Share/index.html?method=0&singleFile=533282b0882f0.zip&user=admin&nike=bootstrap.zip
INFO: [ route_check ] --START--
INFO: CheckRoute Behavior ::run [ RunTime:0.001647s ]
INFO: [ route_check ] --END-- [ RunTime:0.001918s ]
INFO: [ app_begin ] --START--
INFO: ReadHtmlCache Behavior ::run [ RunTime:0.001135s ]
INFO: [ app_begin ] --END-- [ RunTime:0.001383s ]
INFO: [ view_parse ] --START--
NOTIC: [8] Undefined variable: name D:\wamp\www\hearainDisk\Runtime\Cache\5b288db83805a7ab008a5f3187b671ce.php 第 91 行.
INFO: ParseTemplate Behavior ::run [ RunTime:0.022497s ]
INFO: [ view_parse ] --END-- [ RunTime:0.022792s ]
INFO: [ view_filter ] --START--
INFO: ContentReplace Behavior ::run [ RunTime:0.001543s ]
INFO: TokenBuild Behavior ::run [ RunTime:0.001359s ]
INFO: WriteHtmlCache Behavior ::run [ RunTime:0.002338s ]
INFO: ShowRuntime Behavior ::run [ RunTime:0.002851s ]
INFO: [ view_filter ] --END-- [ RunTime:0.009449s ]
INFO: [ view_end ] --START--
INFO: ShowPageTrace Behavior ::run [ RunTime:0.001558s ]
INFO: [ view_end ] --END-- [ RunTime:0.001802s ]

[ 2014-03-27T09:53:51+08:00 ] 127.0.0.1 /index.php/Share/index.html?method=0&singleFile=533282b0882f0.zip&user=admin&nike=bootstrap.zip
INFO: [ route_check ] --START--
INFO: CheckRoute Behavior ::run [ RunTime:0.002939s ]
INFO: [ route_check ] --END-- [ RunTime:0.003250s ]
INFO: [ app_begin ] --START--
INFO: ReadHtmlCache Behavior ::run [ RunTime:0.001271s ]
INFO: [ app_begin ] --END-- [ RunTime:0.001515s ]
NOTIC: [2] filesize() [<a href='function.filesize'>function.filesize</a>]: stat failed for D:/wamp/www//Public/Upload/admin/bootstrap.zip D:\wamp\www\hearainDisk\Lib\Action\ShareAction.class.php 第 14 行.
INFO: [ view_parse ] --START--
NOTIC: [8] Undefined variable: name D:\wamp\www\hearainDisk\Runtime\Cache\5b288db83805a7ab008a5f3187b671ce.php 第 91 行.
INFO: ParseTemplate Behavior ::run [ RunTime:0.048084s ]
INFO: [ view_parse ] --END-- [ RunTime:0.048330s ]
INFO: [ view_filter ] --START--
INFO: ContentReplace Behavior ::run [ RunTime:0.001360s ]
INFO: TokenBuild Behavior ::run [ RunTime:0.001427s ]
INFO: WriteHtmlCache Behavior ::run [ RunTime:0.001090s ]
INFO: ShowRuntime Behavior ::run [ RunTime:0.001540s ]
INFO: [ view_filter ] --END-- [ RunTime:0.006378s ]
INFO: [ view_end ] --START--
INFO: ShowPageTrace Behavior ::run [ RunTime:0.011065s ]
INFO: [ view_end ] --END-- [ RunTime:0.011318s ]

[ 2014-03-27T09:54:09+08:00 ] 127.0.0.1 /index.php/Share/index.html?method=0&singleFile=533282b0882f0.zip&user=admin&nike=bootstrap.zip
INFO: [ route_check ] --START--
INFO: CheckRoute Behavior ::run [ RunTime:0.001326s ]
INFO: [ route_check ] --END-- [ RunTime:0.001600s ]
INFO: [ app_begin ] --START--
INFO: ReadHtmlCache Behavior ::run [ RunTime:0.001138s ]
INFO: [ app_begin ] --END-- [ RunTime:0.001881s ]
NOTIC: [2] filesize() [<a href='function.filesize'>function.filesize</a>]: stat failed for D:/wamp/www//Public/Upload/admin/bootstrap.zip D:\wamp\www\hearainDisk\Lib\Action\ShareAction.class.php 第 14 行.
INFO: [ view_parse ] --START--
NOTIC: [8] Undefined variable: name D:\wamp\www\hearainDisk\Runtime\Cache\5b288db83805a7ab008a5f3187b671ce.php 第 91 行.
INFO: ParseTemplate Behavior ::run [ RunTime:0.031719s ]
INFO: [ view_parse ] --END-- [ RunTime:0.031992s ]
INFO: [ view_filter ] --START--
INFO: ContentReplace Behavior ::run [ RunTime:0.001171s ]
INFO: TokenBuild Behavior ::run [ RunTime:0.001073s ]
INFO: WriteHtmlCache Behavior ::run [ RunTime:0.000731s ]
INFO: ShowRuntime Behavior ::run [ RunTime:0.001131s ]
INFO: [ view_filter ] --END-- [ RunTime:0.004786s ]
INFO: [ view_end ] --START--
INFO: ShowPageTrace Behavior ::run [ RunTime:0.001115s ]
INFO: [ view_end ] --END-- [ RunTime:0.001342s ]

[ 2014-03-27T09:54:40+08:00 ] 127.0.0.1 /index.php/Share/index.html?method=0&singleFile=533282b0882f0.zip&user=admin&nike=bootstrap.zip
INFO: [ route_check ] --START--
INFO: CheckRoute Behavior ::run [ RunTime:0.004004s ]
INFO: [ route_check ] --END-- [ RunTime:0.004294s ]
INFO: [ app_begin ] --START--
INFO: ReadHtmlCache Behavior ::run [ RunTime:0.001072s ]
INFO: [ app_begin ] --END-- [ RunTime:0.001347s ]
INFO: [ view_parse ] --START--
NOTIC: [8] Undefined variable: name D:\wamp\www\hearainDisk\Runtime\Cache\5b288db83805a7ab008a5f3187b671ce.php 第 91 行.
INFO: ParseTemplate Behavior ::run [ RunTime:0.042686s ]
INFO: [ view_parse ] --END-- [ RunTime:0.042924s ]
INFO: [ view_filter ] --START--
INFO: ContentReplace Behavior ::run [ RunTime:0.001016s ]
INFO: TokenBuild Behavior ::run [ RunTime:0.001000s ]
INFO: WriteHtmlCache Behavior ::run [ RunTime:0.000816s ]
INFO: ShowRuntime Behavior ::run [ RunTime:0.001135s ]
INFO: [ view_filter ] --END-- [ RunTime:0.004631s ]
INFO: [ view_end ] --START--
INFO: ShowPageTrace Behavior ::run [ RunTime:0.001163s ]
INFO: [ view_end ] --END-- [ RunTime:0.001501s ]

[ 2014-03-27T09:54:51+08:00 ] 127.0.0.1 /index.php/Share/index.html?method=0&singleFile=533282b0882f0.zip&user=admin&nike=bootstrap.zip
INFO: [ route_check ] --START--
INFO: CheckRoute Behavior ::run [ RunTime:0.002092s ]
INFO: [ route_check ] --END-- [ RunTime:0.002388s ]
INFO: [ app_begin ] --START--
INFO: ReadHtmlCache Behavior ::run [ RunTime:0.001135s ]
INFO: [ app_begin ] --END-- [ RunTime:0.001398s ]
INFO: [ view_parse ] --START--
NOTIC: [8] Undefined variable: name D:\wamp\www\hearainDisk\Runtime\Cache\5b288db83805a7ab008a5f3187b671ce.php 第 91 行.
INFO: ParseTemplate Behavior ::run [ RunTime:0.018131s ]
INFO: [ view_parse ] --END-- [ RunTime:0.018418s ]
INFO: [ view_filter ] --START--
INFO: ContentReplace Behavior ::run [ RunTime:0.001110s ]
INFO: TokenBuild Behavior ::run [ RunTime:0.000968s ]
INFO: WriteHtmlCache Behavior ::run [ RunTime:0.000690s ]
INFO: ShowRuntime Behavior ::run [ RunTime:0.005163s ]
INFO: [ view_filter ] --END-- [ RunTime:0.008703s ]
INFO: [ view_end ] --START--
INFO: ShowPageTrace Behavior ::run [ RunTime:0.001888s ]
INFO: [ view_end ] --END-- [ RunTime:0.002178s ]

[ 2014-03-27T09:55:00+08:00 ] 127.0.0.1 /index.php/Share/index.html?method=0&singleFile=533282b0882f0.zip&user=admin&nike=bootstrap.zip
INFO: [ route_check ] --START--
INFO: CheckRoute Behavior ::run [ RunTime:0.001650s ]
INFO: [ route_check ] --END-- [ RunTime:0.001962s ]
INFO: [ app_begin ] --START--
INFO: ReadHtmlCache Behavior ::run [ RunTime:0.001158s ]
INFO: [ app_begin ] --END-- [ RunTime:0.001394s ]
INFO: [ view_parse ] --START--
NOTIC: [8] Undefined variable: name D:\wamp\www\hearainDisk\Runtime\Cache\5b288db83805a7ab008a5f3187b671ce.php 第 91 行.
INFO: ParseTemplate Behavior ::run [ RunTime:0.025706s ]
INFO: [ view_parse ] --END-- [ RunTime:0.026628s ]
INFO: [ view_filter ] --START--
INFO: ContentReplace Behavior ::run [ RunTime:0.001151s ]
INFO: TokenBuild Behavior ::run [ RunTime:0.001417s ]
INFO: WriteHtmlCache Behavior ::run [ RunTime:0.000729s ]
INFO: ShowRuntime Behavior ::run [ RunTime:0.001922s ]
INFO: [ view_filter ] --END-- [ RunTime:0.005987s ]
INFO: [ view_end ] --START--
INFO: ShowPageTrace Behavior ::run [ RunTime:0.001427s ]
INFO: [ view_end ] --END-- [ RunTime:0.001880s ]

[ 2014-03-27T10:01:49+08:00 ] 127.0.0.1 /index.php/Share/index.html?method=0&singleFile=533282b0882f0.zip&user=admin&nike=bootstrap.zip
INFO: [ route_check ] --START--
INFO: CheckRoute Behavior ::run [ RunTime:0.002743s ]
INFO: [ route_check ] --END-- [ RunTime:0.003107s ]
INFO: [ app_begin ] --START--
INFO: ReadHtmlCache Behavior ::run [ RunTime:0.002175s ]
INFO: [ app_begin ] --END-- [ RunTime:0.004031s ]

[ 2014-03-27T10:02:59+08:00 ] 127.0.0.1 /index.php/Share/index.html?method=0&singleFile=533282b0882f0.zip&user=admin&nike=bootstrap.zip
INFO: [ route_check ] --START--
INFO: CheckRoute Behavior ::run [ RunTime:0.001397s ]
INFO: [ route_check ] --END-- [ RunTime:0.001689s ]
INFO: [ app_begin ] --START--
INFO: ReadHtmlCache Behavior ::run [ RunTime:0.001132s ]
INFO: [ app_begin ] --END-- [ RunTime:0.001383s ]
INFO: [ view_parse ] --START--
NOTIC: [8] Undefined variable: name D:\wamp\www\hearainDisk\Runtime\Cache\5b288db83805a7ab008a5f3187b671ce.php 第 91 行.
INFO: ParseTemplate Behavior ::run [ RunTime:0.040244s ]
INFO: [ view_parse ] --END-- [ RunTime:0.040512s ]
INFO: [ view_filter ] --START--
INFO: ContentReplace Behavior ::run [ RunTime:0.001227s ]
INFO: TokenBuild Behavior ::run [ RunTime:0.001152s ]
INFO: WriteHtmlCache Behavior ::run [ RunTime:0.001411s ]
INFO: ShowRuntime Behavior ::run [ RunTime:0.002375s ]
INFO: [ view_filter ] --END-- [ RunTime:0.007117s ]
INFO: [ view_end ] --START--
INFO: ShowPageTrace Behavior ::run [ RunTime:0.001922s ]
INFO: [ view_end ] --END-- [ RunTime:0.002373s ]

[ 2014-03-27T10:05:28+08:00 ] 127.0.0.1 /index.php/Share/index.html?method=0&singleFile=533282b0882f0.zip&user=admin&nike=bootstrap.zip
INFO: [ route_check ] --START--
INFO: CheckRoute Behavior ::run [ RunTime:0.001785s ]
INFO: [ route_check ] --END-- [ RunTime:0.002089s ]
INFO: [ app_begin ] --START--
INFO: ReadHtmlCache Behavior ::run [ RunTime:0.003275s ]
INFO: [ app_begin ] --END-- [ RunTime:0.003593s ]
INFO: [ view_parse ] --START--
NOTIC: [8] Undefined variable: name D:\wamp\www\hearainDisk\Runtime\Cache\5b288db83805a7ab008a5f3187b671ce.php 第 91 行.
INFO: ParseTemplate Behavior ::run [ RunTime:0.019173s ]
INFO: [ view_parse ] --END-- [ RunTime:0.019429s ]
INFO: [ view_filter ] --START--
INFO: ContentReplace Behavior ::run [ RunTime:0.003860s ]
INFO: TokenBuild Behavior ::run [ RunTime:0.001181s ]
INFO: WriteHtmlCache Behavior ::run [ RunTime:0.000819s ]
INFO: ShowRuntime Behavior ::run [ RunTime:0.001218s ]
INFO: [ view_filter ] --END-- [ RunTime:0.007777s ]
INFO: [ view_end ] --START--
INFO: ShowPageTrace Behavior ::run [ RunTime:0.002803s ]
INFO: [ view_end ] --END-- [ RunTime:0.003037s ]

[ 2014-03-27T10:09:31+08:00 ] 127.0.0.1 /index.php/Share/index.html?method=0&singleFile=53328b1903aed.zip&user=admin&nike=%E8%8A%9C%E6%B9%96v2.0.zip
INFO: [ route_check ] --START--
INFO: CheckRoute Behavior ::run [ RunTime:0.001986s ]
INFO: [ route_check ] --END-- [ RunTime:0.002393s ]
INFO: [ app_begin ] --START--
INFO: ReadHtmlCache Behavior ::run [ RunTime:0.003170s ]
INFO: [ app_begin ] --END-- [ RunTime:0.003456s ]
INFO: [ view_parse ] --START--
NOTIC: [8] Undefined variable: name D:\wamp\www\hearainDisk\Runtime\Cache\5b288db83805a7ab008a5f3187b671ce.php 第 91 行.
INFO: ParseTemplate Behavior ::run [ RunTime:0.019348s ]
INFO: [ view_parse ] --END-- [ RunTime:0.019607s ]
INFO: [ view_filter ] --START--
INFO: ContentReplace Behavior ::run [ RunTime:0.001177s ]
INFO: TokenBuild Behavior ::run [ RunTime:0.002253s ]
INFO: WriteHtmlCache Behavior ::run [ RunTime:0.000896s ]
INFO: ShowRuntime Behavior ::run [ RunTime:0.001265s ]
INFO: [ view_filter ] --END-- [ RunTime:0.006329s ]
INFO: [ view_end ] --START--
INFO: ShowPageTrace Behavior ::run [ RunTime:0.001555s ]
INFO: [ view_end ] --END-- [ RunTime:0.001789s ]

[ 2014-03-27T14:49:37+08:00 ] 127.0.0.1 /
INFO: [ app_begin ] --START--
INFO: ReadHtmlCache Behavior ::run [ RunTime:0.005267s ]
INFO: [ app_begin ] --END-- [ RunTime:0.005605s ]

[ 2014-03-27T14:49:38+08:00 ] 127.0.0.1 /index.php/Login/index.html
INFO: [ route_check ] --START--
INFO: CheckRoute Behavior ::run [ RunTime:0.001657s ]
INFO: [ route_check ] --END-- [ RunTime:0.001980s ]
INFO: [ app_begin ] --START--
INFO: ReadHtmlCache Behavior ::run [ RunTime:0.001037s ]
INFO: [ app_begin ] --END-- [ RunTime:0.001274s ]
INFO: [ view_parse ] --START--
INFO: ParseTemplate Behavior ::run [ RunTime:0.071658s ]
INFO: [ view_parse ] --END-- [ RunTime:0.071921s ]
INFO: [ view_filter ] --START--
INFO: ContentReplace Behavior ::run [ RunTime:0.001313s ]
INFO: TokenBuild Behavior ::run [ RunTime:0.001474s ]
INFO: WriteHtmlCache Behavior ::run [ RunTime:0.001292s ]
INFO: ShowRuntime Behavior ::run [ RunTime:0.001404s ]
INFO: [ view_filter ] --END-- [ RunTime:0.006158s ]
INFO: [ view_end ] --START--
INFO: ShowPageTrace Behavior ::run [ RunTime:0.006408s ]
INFO: [ view_end ] --END-- [ RunTime:0.006650s ]

[ 2014-03-27T14:49:39+08:00 ] 127.0.0.1 /index.php/Login/index.html
INFO: [ route_check ] --START--
INFO: CheckRoute Behavior ::run [ RunTime:0.002607s ]
INFO: [ route_check ] --END-- [ RunTime:0.002912s ]
INFO: [ app_begin ] --START--
INFO: ReadHtmlCache Behavior ::run [ RunTime:0.001227s ]
INFO: [ app_begin ] --END-- [ RunTime:0.001490s ]
INFO: [ view_parse ] --START--
INFO: ParseTemplate Behavior ::run [ RunTime:0.062152s ]
INFO: [ view_parse ] --END-- [ RunTime:0.062422s ]
INFO: [ view_filter ] --START--
INFO: ContentReplace Behavior ::run [ RunTime:0.001231s ]
INFO: TokenBuild Behavior ::run [ RunTime:0.001236s ]
INFO: WriteHtmlCache Behavior ::run [ RunTime:0.003775s ]
INFO: ShowRuntime Behavior ::run [ RunTime:0.003412s ]
INFO: [ view_filter ] --END-- [ RunTime:0.010320s ]
INFO: [ view_end ] --START--
INFO: ShowPageTrace Behavior ::run [ RunTime:0.004817s ]
INFO: [ view_end ] --END-- [ RunTime:0.005060s ]

[ 2014-03-27T14:49:47+08:00 ] 127.0.0.1 /index.php/Login/login.html?loginname=admin&passwd=123
INFO: [ route_check ] --START--
INFO: CheckRoute Behavior ::run [ RunTime:0.001239s ]
INFO: [ route_check ] --END-- [ RunTime:0.001498s ]
INFO: [ app_begin ] --START--
INFO: ReadHtmlCache Behavior ::run [ RunTime:0.001034s ]
INFO: [ app_begin ] --END-- [ RunTime:0.001229s ]
NOTIC: 建议使用I方法替代_get
NOTIC: 建议使用I方法替代_get
SQL: SHOW COLUMNS FROM `disk_login` [ RunTime:0.027271s ]
SQL: SELECT * FROM `disk_login` WHERE ( user_name='admin' AND pwd='123' ) LIMIT 1   [ RunTime:0.003581s ]

[ 2014-03-27T14:49:48+08:00 ] 127.0.0.1 /index.php/Index/index.html
INFO: [ route_check ] --START--
INFO: CheckRoute Behavior ::run [ RunTime:0.002567s ]
INFO: [ route_check ] --END-- [ RunTime:0.002863s ]
INFO: [ app_begin ] --START--
INFO: ReadHtmlCache Behavior ::run [ RunTime:0.001262s ]
INFO: [ app_begin ] --END-- [ RunTime:0.001543s ]
SQL: select sum(file_size) as space from disk_files where user_name='admin' [ RunTime:0.027893s ]
INFO: [ view_parse ] --START--
INFO: ParseTemplate Behavior ::run [ RunTime:0.061019s ]
INFO: [ view_parse ] --END-- [ RunTime:0.061356s ]
INFO: [ view_filter ] --START--
INFO: ContentReplace Behavior ::run [ RunTime:0.001495s ]
INFO: TokenBuild Behavior ::run [ RunTime:0.002897s ]
INFO: WriteHtmlCache Behavior ::run [ RunTime:0.000734s ]
INFO: ShowRuntime Behavior ::run [ RunTime:0.001149s ]
INFO: [ view_filter ] --END-- [ RunTime:0.007078s ]
INFO: [ view_end ] --START--
INFO: ShowPageTrace Behavior ::run [ RunTime:0.006276s ]
INFO: [ view_end ] --END-- [ RunTime:0.006780s ]

[ 2014-03-27T14:49:50+08:00 ] 127.0.0.1 /index.php/Index/files.html
INFO: [ route_check ] --START--
INFO: CheckRoute Behavior ::run [ RunTime:0.001241s ]
INFO: [ route_check ] --END-- [ RunTime:0.002984s ]
INFO: [ app_begin ] --START--
INFO: ReadHtmlCache Behavior ::run [ RunTime:0.001122s ]
INFO: [ app_begin ] --END-- [ RunTime:0.001343s ]
SQL: SHOW COLUMNS FROM `disk_files` [ RunTime:0.005259s ]
SQL: SELECT * FROM `disk_files` WHERE ( user_name='admin' ) ORDER BY time  [ RunTime:0.001183s ]

[ 2014-03-27T14:57:39+08:00 ] 127.0.0.1 /index.php/Share/index.html?method=0&singleFile=53329b4191b7d.mp3&user=admin&nike=%E5%BC%A0%E6%9D%B0%20-%20%E5%A4%A9%E4%B8%8B.mp3
INFO: [ route_check ] --START--
INFO: CheckRoute Behavior ::run [ RunTime:0.003186s ]
INFO: [ route_check ] --END-- [ RunTime:0.003455s ]
INFO: [ app_begin ] --START--
INFO: ReadHtmlCache Behavior ::run [ RunTime:0.001135s ]
INFO: [ app_begin ] --END-- [ RunTime:0.001390s ]
INFO: [ view_parse ] --START--
NOTIC: [8] Undefined variable: name D:\wamp\www\hearainDisk\Runtime\Cache\5b288db83805a7ab008a5f3187b671ce.php 第 91 行.
INFO: ParseTemplate Behavior ::run [ RunTime:0.019457s ]
INFO: [ view_parse ] --END-- [ RunTime:0.019708s ]
INFO: [ view_filter ] --START--
INFO: ContentReplace Behavior ::run [ RunTime:0.001643s ]
INFO: TokenBuild Behavior ::run [ RunTime:0.001091s ]
INFO: WriteHtmlCache Behavior ::run [ RunTime:0.000809s ]
INFO: ShowRuntime Behavior ::run [ RunTime:0.001288s ]
INFO: [ view_filter ] --END-- [ RunTime:0.005496s ]
INFO: [ view_end ] --START--
INFO: ShowPageTrace Behavior ::run [ RunTime:0.002206s ]
INFO: [ view_end ] --END-- [ RunTime:0.002450s ]

[ 2014-03-27T15:07:51+08:00 ] 127.0.0.1 /index.php/Share/index.html?method=0&singleFile=53329b4191b7d.mp3&user=admin&nike=%E5%BC%A0%E6%9D%B0%20-%20%E5%A4%A9%E4%B8%8B.mp3
INFO: [ route_check ] --START--
INFO: CheckRoute Behavior ::run [ RunTime:0.001618s ]
INFO: [ route_check ] --END-- [ RunTime:0.002647s ]
INFO: [ app_begin ] --START--
INFO: ReadHtmlCache Behavior ::run [ RunTime:0.001367s ]
INFO: [ app_begin ] --END-- [ RunTime:0.001617s ]
INFO: [ view_parse ] --START--
NOTIC: [8] Undefined variable: name D:\wamp\www\hearainDisk\Runtime\Cache\5b288db83805a7ab008a5f3187b671ce.php 第 95 行.
INFO: ParseTemplate Behavior ::run [ RunTime:0.016827s ]
INFO: [ view_parse ] --END-- [ RunTime:0.017064s ]
INFO: [ view_filter ] --START--
INFO: ContentReplace Behavior ::run [ RunTime:0.001942s ]
INFO: TokenBuild Behavior ::run [ RunTime:0.001137s ]
INFO: WriteHtmlCache Behavior ::run [ RunTime:0.000854s ]
INFO: ShowRuntime Behavior ::run [ RunTime:0.004905s ]
INFO: [ view_filter ] --END-- [ RunTime:0.009506s ]
INFO: [ view_end ] --START--
INFO: ShowPageTrace Behavior ::run [ RunTime:0.001361s ]
INFO: [ view_end ] --END-- [ RunTime:0.001659s ]

[ 2014-03-27T15:12:02+08:00 ] 10.10.0.42 /index.php/Download/index.html
INFO: [ route_check ] --START--
INFO: CheckRoute Behavior ::run [ RunTime:0.001639s ]
INFO: [ route_check ] --END-- [ RunTime:0.001906s ]
INFO: [ app_begin ] --START--
INFO: ReadHtmlCache Behavior ::run [ RunTime:0.001090s ]
INFO: [ app_begin ] --END-- [ RunTime:0.001329s ]
ERR: 非法操作:index

[ 2014-03-27T15:12:03+08:00 ] 10.10.0.42 /index.php/Download/index.html
INFO: [ route_check ] --START--
INFO: CheckRoute Behavior ::run [ RunTime:0.001264s ]
INFO: [ route_check ] --END-- [ RunTime:0.001529s ]
INFO: [ app_begin ] --START--
INFO: ReadHtmlCache Behavior ::run [ RunTime:0.000992s ]
INFO: [ app_begin ] --END-- [ RunTime:0.001219s ]
ERR: 非法操作:index

[ 2014-03-27T15:12:03+08:00 ] 10.10.0.42 /index.php/Download/index.html
INFO: [ route_check ] --START--
INFO: CheckRoute Behavior ::run [ RunTime:0.001267s ]
INFO: [ route_check ] --END-- [ RunTime:0.001527s ]
INFO: [ app_begin ] --START--
INFO: ReadHtmlCache Behavior ::run [ RunTime:0.001010s ]
INFO: [ app_begin ] --END-- [ RunTime:0.001256s ]
ERR: 非法操作:index

[ 2014-03-27T15:12:03+08:00 ] 10.10.0.42 /index.php/Download/index.html
INFO: [ route_check ] --START--
INFO: CheckRoute Behavior ::run [ RunTime:0.001346s ]
INFO: [ route_check ] --END-- [ RunTime:0.001736s ]
INFO: [ app_begin ] --START--
INFO: ReadHtmlCache Behavior ::run [ RunTime:0.001037s ]
INFO: [ app_begin ] --END-- [ RunTime:0.001262s ]
ERR: 非法操作:index

[ 2014-03-27T15:12:04+08:00 ] 10.10.0.42 /index.php/Download/index.html
INFO: [ route_check ] --START--
INFO: CheckRoute Behavior ::run [ RunTime:0.001347s ]
INFO: [ route_check ] --END-- [ RunTime:0.001607s ]
INFO: [ app_begin ] --START--
INFO: ReadHtmlCache Behavior ::run [ RunTime:0.001011s ]
INFO: [ app_begin ] --END-- [ RunTime:0.001276s ]
ERR: 非法操作:index

[ 2014-03-27T15:12:04+08:00 ] 10.10.0.42 /index.php/Download/index.html
INFO: [ route_check ] --START--
INFO: CheckRoute Behavior ::run [ RunTime:0.001370s ]
INFO: [ route_check ] --END-- [ RunTime:0.001651s ]
INFO: [ app_begin ] --START--
INFO: ReadHtmlCache Behavior ::run [ RunTime:0.001059s ]
INFO: [ app_begin ] --END-- [ RunTime:0.001290s ]
ERR: 非法操作:index

[ 2014-03-27T15:16:03+08:00 ] 127.0.0.1 /index.php/Share/index.html?method=0&singleFile=53329b4191b7d.mp3&user=admin&nike=%E5%BC%A0%E6%9D%B0%20-%20%E5%A4%A9%E4%B8%8B.mp3
INFO: [ route_check ] --START--
INFO: CheckRoute Behavior ::run [ RunTime:0.002492s ]
INFO: [ route_check ] --END-- [ RunTime:0.002798s ]
INFO: [ app_begin ] --START--
INFO: ReadHtmlCache Behavior ::run [ RunTime:0.001591s ]
INFO: [ app_begin ] --END-- [ RunTime:0.001918s ]
INFO: [ view_parse ] --START--
NOTIC: [8] Undefined variable: name D:\wamp\www\hearainDisk\Runtime\Cache\5b288db83805a7ab008a5f3187b671ce.php 第 106 行.
INFO: ParseTemplate Behavior ::run [ RunTime:0.029162s ]
INFO: [ view_parse ] --END-- [ RunTime:0.029441s ]
INFO: [ view_filter ] --START--
INFO: ContentReplace Behavior ::run [ RunTime:0.001343s ]
INFO: TokenBuild Behavior ::run [ RunTime:0.001179s ]
INFO: WriteHtmlCache Behavior ::run [ RunTime:0.000921s ]
INFO: ShowRuntime Behavior ::run [ RunTime:0.003631s ]
INFO: [ view_filter ] --END-- [ RunTime:0.007985s ]
INFO: [ view_end ] --START--
INFO: ShowPageTrace Behavior ::run [ RunTime:0.001740s ]
INFO: [ view_end ] --END-- [ RunTime:0.002017s ]

[ 2014-03-27T15:16:19+08:00 ] 127.0.0.1 /index.php/Download/download.html?file_name=53328b1903aed.zip%2C53329b4191b7d.mp3%2C
INFO: [ route_check ] --START--
INFO: CheckRoute Behavior ::run [ RunTime:0.001658s ]
INFO: [ route_check ] --END-- [ RunTime:0.001925s ]
INFO: [ app_begin ] --START--
INFO: ReadHtmlCache Behavior ::run [ RunTime:0.001442s ]
INFO: [ app_begin ] --END-- [ RunTime:0.001667s ]
NOTIC: 建议使用I方法替代_get
NOTIC: [8192] Function split() is deprecated D:\wamp\www\hearainDisk\Lib\Action\DownloadAction.class.php 第 14 行.
NOTIC: [8] Undefined variable: file D:\wamp\www\hearainDisk\Lib\Action\DownloadAction.class.php 第 16 行.

[ 2014-03-27T15:16:30+08:00 ] 127.0.0.1 /index.php/Share/index.html?method=0&singleFile=53328b1903aed.zip&user=admin&nike=%E8%8A%9C%E6%B9%96v2.0.zip
INFO: [ route_check ] --START--
INFO: CheckRoute Behavior ::run [ RunTime:0.001883s ]
INFO: [ route_check ] --END-- [ RunTime:0.002255s ]
INFO: [ app_begin ] --START--
INFO: ReadHtmlCache Behavior ::run [ RunTime:0.001118s ]
INFO: [ app_begin ] --END-- [ RunTime:0.001359s ]
INFO: [ view_parse ] --START--
NOTIC: [8] Undefined variable: name D:\wamp\www\hearainDisk\Runtime\Cache\5b288db83805a7ab008a5f3187b671ce.php 第 106 行.
INFO: ParseTemplate Behavior ::run [ RunTime:0.022063s ]
INFO: [ view_parse ] --END-- [ RunTime:0.022367s ]
INFO: [ view_filter ] --START--
INFO: ContentReplace Behavior ::run [ RunTime:0.001355s ]
INFO: TokenBuild Behavior ::run [ RunTime:0.001180s ]
INFO: WriteHtmlCache Behavior ::run [ RunTime:0.000801s ]
INFO: ShowRuntime Behavior ::run [ RunTime:0.002479s ]
INFO: [ view_filter ] --END-- [ RunTime:0.006530s ]
INFO: [ view_end ] --START--
INFO: ShowPageTrace Behavior ::run [ RunTime:0.001979s ]
INFO: [ view_end ] --END-- [ RunTime:0.002216s ]

[ 2014-03-27T15:16:33+08:00 ] 127.0.0.1 /index.php/Share/index.html?method=0&singleFile=53328b1903aed.zip&user=admin&nike=%E8%8A%9C%E6%B9%96v2.0.zip
INFO: [ route_check ] --START--
INFO: CheckRoute Behavior ::run [ RunTime:0.001278s ]
INFO: [ route_check ] --END-- [ RunTime:0.001544s ]
INFO: [ app_begin ] --START--
INFO: ReadHtmlCache Behavior ::run [ RunTime:0.001172s ]
INFO: [ app_begin ] --END-- [ RunTime:0.001447s ]
INFO: [ view_parse ] --START--
NOTIC: [8] Undefined variable: name D:\wamp\www\hearainDisk\Runtime\Cache\5b288db83805a7ab008a5f3187b671ce.php 第 106 行.
INFO: ParseTemplate Behavior ::run [ RunTime:0.022243s ]
INFO: [ view_parse ] --END-- [ RunTime:0.022514s ]
INFO: [ view_filter ] --START--
INFO: ContentReplace Behavior ::run [ RunTime:0.002862s ]
INFO: TokenBuild Behavior ::run [ RunTime:0.000980s ]
INFO: WriteHtmlCache Behavior ::run [ RunTime:0.000626s ]
INFO: ShowRuntime Behavior ::run [ RunTime:0.001115s ]
INFO: [ view_filter ] --END-- [ RunTime:0.006269s ]
INFO: [ view_end ] --START--
INFO: ShowPageTrace Behavior ::run [ RunTime:0.001200s ]
INFO: [ view_end ] --END-- [ RunTime:0.001747s ]

[ 2014-03-27T15:17:07+08:00 ] 127.0.0.1 /index.php/Share/index.html?method=0&singleFile=53328b1903aed.zip&user=admin&nike=%E8%8A%9C%E6%B9%96v2.0.zip
INFO: [ route_check ] --START--
INFO: CheckRoute Behavior ::run [ RunTime:0.003701s ]
INFO: [ route_check ] --END-- [ RunTime:0.004105s ]
INFO: [ app_begin ] --START--
INFO: ReadHtmlCache Behavior ::run [ RunTime:0.001137s ]
INFO: [ app_begin ] --END-- [ RunTime:0.001444s ]
INFO: [ view_parse ] --START--
NOTIC: [8] Undefined variable: name D:\wamp\www\hearainDisk\Runtime\Cache\5b288db83805a7ab008a5f3187b671ce.php 第 106 行.
INFO: ParseTemplate Behavior ::run [ RunTime:0.024957s ]
INFO: [ view_parse ] --END-- [ RunTime:0.025217s ]
INFO: [ view_filter ] --START--
INFO: ContentReplace Behavior ::run [ RunTime:0.002004s ]
INFO: TokenBuild Behavior ::run [ RunTime:0.000922s ]
INFO: WriteHtmlCache Behavior ::run [ RunTime:0.000596s ]
INFO: ShowRuntime Behavior ::run [ RunTime:0.001257s ]
INFO: [ view_filter ] --END-- [ RunTime:0.005464s ]
INFO: [ view_end ] --START--
INFO: ShowPageTrace Behavior ::run [ RunTime:0.001279s ]
INFO: [ view_end ] --END-- [ RunTime:0.001512s ]

[ 2014-03-27T15:17:08+08:00 ] 127.0.0.1 /index.php/Share/index.html?method=0&singleFile=53328b1903aed.zip&user=admin&nike=%E8%8A%9C%E6%B9%96v2.0.zip
INFO: [ route_check ] --START--
INFO: CheckRoute Behavior ::run [ RunTime:0.001703s ]
INFO: [ route_check ] --END-- [ RunTime:0.001999s ]
INFO: [ app_begin ] --START--
INFO: ReadHtmlCache Behavior ::run [ RunTime:0.001075s ]
INFO: [ app_begin ] --END-- [ RunTime:0.001304s ]
INFO: [ view_parse ] --START--
NOTIC: [8] Undefined variable: name D:\wamp\www\hearainDisk\Runtime\Cache\5b288db83805a7ab008a5f3187b671ce.php 第 106 行.
INFO: ParseTemplate Behavior ::run [ RunTime:0.017111s ]
INFO: [ view_parse ] --END-- [ RunTime:0.017369s ]
INFO: [ view_filter ] --START--
INFO: ContentReplace Behavior ::run [ RunTime:0.001047s ]
INFO: TokenBuild Behavior ::run [ RunTime:0.001513s ]
INFO: WriteHtmlCache Behavior ::run [ RunTime:0.000981s ]
INFO: ShowRuntime Behavior ::run [ RunTime:0.001073s ]
INFO: [ view_filter ] --END-- [ RunTime:0.005370s ]
INFO: [ view_end ] --START--
INFO: ShowPageTrace Behavior ::run [ RunTime:0.001177s ]
INFO: [ view_end ] --END-- [ RunTime:0.001404s ]

[ 2014-03-27T15:17:40+08:00 ] 127.0.0.1 /index.php/Share/index.html?method=0&singleFile=53328b1903aed.zip&user=admin&nike=%E8%8A%9C%E6%B9%96v2.0.zip
INFO: [ route_check ] --START--
INFO: CheckRoute Behavior ::run [ RunTime:0.001627s ]
INFO: [ route_check ] --END-- [ RunTime:0.003176s ]
INFO: [ app_begin ] --START--
INFO: ReadHtmlCache Behavior ::run [ RunTime:0.001258s ]
INFO: [ app_begin ] --END-- [ RunTime:0.001506s ]
INFO: [ view_parse ] --START--
NOTIC: [8] Undefined variable: name D:\wamp\www\hearainDisk\Runtime\Cache\5b288db83805a7ab008a5f3187b671ce.php 第 107 行.
INFO: ParseTemplate Behavior ::run [ RunTime:0.036204s ]
INFO: [ view_parse ] --END-- [ RunTime:0.036469s ]
INFO: [ view_filter ] --START--
INFO: ContentReplace Behavior ::run [ RunTime:0.004686s ]
INFO: TokenBuild Behavior ::run [ RunTime:0.002264s ]
INFO: WriteHtmlCache Behavior ::run [ RunTime:0.000916s ]
INFO: ShowRuntime Behavior ::run [ RunTime:0.001339s ]
INFO: [ view_filter ] --END-- [ RunTime:0.009910s ]
INFO: [ view_end ] --START--
INFO: ShowPageTrace Behavior ::run [ RunTime:0.002612s ]
INFO: [ view_end ] --END-- [ RunTime:0.002889s ]

[ 2014-03-27T15:20:05+08:00 ] 127.0.0.1 /index.php/Share/index.html?method=0&singleFile=53328b1903aed.zip&user=admin&nike=%E8%8A%9C%E6%B9%96v2.0.zip
INFO: [ route_check ] --START--
INFO: CheckRoute Behavior ::run [ RunTime:0.001918s ]
INFO: [ route_check ] --END-- [ RunTime:0.002185s ]
INFO: [ app_begin ] --START--
INFO: ReadHtmlCache Behavior ::run [ RunTime:0.002152s ]
INFO: [ app_begin ] --END-- [ RunTime:0.002402s ]
INFO: [ view_parse ] --START--
NOTIC: [8] Undefined variable: name D:\wamp\www\hearainDisk\Runtime\Cache\5b288db83805a7ab008a5f3187b671ce.php 第 107 行.
INFO: ParseTemplate Behavior ::run [ RunTime:0.033077s ]
INFO: [ view_parse ] --END-- [ RunTime:0.033338s ]
INFO: [ view_filter ] --START--
INFO: ContentReplace Behavior ::run [ RunTime:0.001411s ]
INFO: TokenBuild Behavior ::run [ RunTime:0.001161s ]
INFO: WriteHtmlCache Behavior ::run [ RunTime:0.000849s ]
INFO: ShowRuntime Behavior ::run [ RunTime:0.001248s ]
INFO: [ view_filter ] --END-- [ RunTime:0.006763s ]
INFO: [ view_end ] --START--
INFO: ShowPageTrace Behavior ::run [ RunTime:0.001468s ]
INFO: [ view_end ] --END-- [ RunTime:0.001702s ]

[ 2014-03-27T15:20:19+08:00 ] 127.0.0.1 /index.php/Share/index.html?method=0&singleFile=53328b1903aed.zip&user=admin&nike=%E8%8A%9C%E6%B9%96v2.0.zip
INFO: [ route_check ] --START--
INFO: CheckRoute Behavior ::run [ RunTime:0.004615s ]
INFO: [ route_check ] --END-- [ RunTime:0.004901s ]
INFO: [ app_begin ] --START--
INFO: ReadHtmlCache Behavior ::run [ RunTime:0.001198s ]
INFO: [ app_begin ] --END-- [ RunTime:0.001463s ]
INFO: [ view_parse ] --START--
NOTIC: [8] Undefined variable: name D:\wamp\www\hearainDisk\Runtime\Cache\5b288db83805a7ab008a5f3187b671ce.php 第 106 行.
INFO: ParseTemplate Behavior ::run [ RunTime:0.044358s ]
INFO: [ view_parse ] --END-- [ RunTime:0.044612s ]
INFO: [ view_filter ] --START--
INFO: ContentReplace Behavior ::run [ RunTime:0.001183s ]
INFO: TokenBuild Behavior ::run [ RunTime:0.001073s ]
INFO: WriteHtmlCache Behavior ::run [ RunTime:0.001787s ]
INFO: ShowRuntime Behavior ::run [ RunTime:0.004530s ]
INFO: [ view_filter ] --END-- [ RunTime:0.009243s ]
INFO: [ view_end ] --START--
INFO: ShowPageTrace Behavior ::run [ RunTime:0.001461s ]
INFO: [ view_end ] --END-- [ RunTime:0.001694s ]

[ 2014-03-27T15:21:25+08:00 ] 127.0.0.1 /index.php/Share/index.html?method=0&singleFile=53328b1903aed.zip&user=admin&nike=%E8%8A%9C%E6%B9%96v2.0.zip
INFO: [ route_check ] --START--
INFO: CheckRoute Behavior ::run [ RunTime:0.002422s ]
INFO: [ route_check ] --END-- [ RunTime:0.002728s ]
INFO: [ app_begin ] --START--
INFO: ReadHtmlCache Behavior ::run [ RunTime:0.001108s ]
INFO: [ app_begin ] --END-- [ RunTime:0.001339s ]
INFO: [ view_parse ] --START--
NOTIC: [8] Undefined variable: name D:\wamp\www\hearainDisk\Runtime\Cache\5b288db83805a7ab008a5f3187b671ce.php 第 106 行.
INFO: ParseTemplate Behavior ::run [ RunTime:0.027047s ]
INFO: [ view_parse ] --END-- [ RunTime:0.027301s ]
INFO: [ view_filter ] --START--
INFO: ContentReplace Behavior ::run [ RunTime:0.000991s ]
INFO: TokenBuild Behavior ::run [ RunTime:0.001070s ]
INFO: WriteHtmlCache Behavior ::run [ RunTime:0.000647s ]
INFO: ShowRuntime Behavior ::run [ RunTime:0.001085s ]
INFO: [ view_filter ] --END-- [ RunTime:0.004586s ]
INFO: [ view_end ] --START--
INFO: ShowPageTrace Behavior ::run [ RunTime:0.001154s ]
INFO: [ view_end ] --END-- [ RunTime:0.001384s ]

[ 2014-03-27T15:21:44+08:00 ] 127.0.0.1 /index.php/Share/index.html?method=0&singleFile=53328b1903aed.zip&user=admin&nike=%E8%8A%9C%E6%B9%96v2.0.zip
INFO: [ route_check ] --START--
INFO: CheckRoute Behavior ::run [ RunTime:0.001798s ]
INFO: [ route_check ] --END-- [ RunTime:0.002084s ]
INFO: [ app_begin ] --START--
INFO: ReadHtmlCache Behavior ::run [ RunTime:0.001491s ]
INFO: [ app_begin ] --END-- [ RunTime:0.001745s ]
INFO: [ view_parse ] --START--
NOTIC: [8] Undefined variable: name D:\wamp\www\hearainDisk\Runtime\Cache\5b288db83805a7ab008a5f3187b671ce.php 第 106 行.
INFO: ParseTemplate Behavior ::run [ RunTime:0.022643s ]
INFO: [ view_parse ] --END-- [ RunTime:0.022892s ]
INFO: [ view_filter ] --START--
INFO: ContentReplace Behavior ::run [ RunTime:0.002763s ]
INFO: TokenBuild Behavior ::run [ RunTime:0.001658s ]
INFO: WriteHtmlCache Behavior ::run [ RunTime:0.003116s ]
INFO: ShowRuntime Behavior ::run [ RunTime:0.001572s ]
INFO: [ view_filter ] --END-- [ RunTime:0.009820s ]
INFO: [ view_end ] --START--
INFO: ShowPageTrace Behavior ::run [ RunTime:0.001580s ]
INFO: [ view_end ] --END-- [ RunTime:0.001876s ]

[ 2014-03-27T15:21:51+08:00 ] 127.0.0.1 /index.php/Share/index.html?method=0&singleFile=53328b1903aed.zip&user=admin&nike=%E8%8A%9C%E6%B9%96v2.0.zip
INFO: [ route_check ] --START--
INFO: CheckRoute Behavior ::run [ RunTime:0.007601s ]
INFO: [ route_check ] --END-- [ RunTime:0.007887s ]
INFO: [ app_begin ] --START--
INFO: ReadHtmlCache Behavior ::run [ RunTime:0.005012s ]
INFO: [ app_begin ] --END-- [ RunTime:0.005315s ]
INFO: [ view_parse ] --START--
NOTIC: [8] Undefined variable: name D:\wamp\www\hearainDisk\Runtime\Cache\5b288db83805a7ab008a5f3187b671ce.php 第 106 行.
INFO: ParseTemplate Behavior ::run [ RunTime:0.049003s ]
INFO: [ view_parse ] --END-- [ RunTime:0.049272s ]
INFO: [ view_filter ] --START--
INFO: ContentReplace Behavior ::run [ RunTime:0.001161s ]
INFO: TokenBuild Behavior ::run [ RunTime:0.001218s ]
INFO: WriteHtmlCache Behavior ::run [ RunTime:0.001012s ]
INFO: ShowRuntime Behavior ::run [ RunTime:0.001734s ]
INFO: [ view_filter ] --END-- [ RunTime:0.006168s ]
INFO: [ view_end ] --START--
INFO: ShowPageTrace Behavior ::run [ RunTime:0.005261s ]
INFO: [ view_end ] --END-- [ RunTime:0.005524s ]

[ 2014-03-27T15:30:53+08:00 ] 127.0.0.1 /index.php/Index/index.html
INFO: [ route_check ] --START--
INFO: CheckRoute Behavior ::run [ RunTime:0.001786s ]
INFO: [ route_check ] --END-- [ RunTime:0.002072s ]
INFO: [ app_begin ] --START--
INFO: ReadHtmlCache Behavior ::run [ RunTime:0.001093s ]
INFO: [ app_begin ] --END-- [ RunTime:0.001342s ]
SQL: select sum(file_size) as space from disk_files where user_name='admin' [ RunTime:0.001476s ]
INFO: [ view_parse ] --START--
INFO: ParseTemplate Behavior ::run [ RunTime:0.033994s ]
INFO: [ view_parse ] --END-- [ RunTime:0.034284s ]
INFO: [ view_filter ] --START--
INFO: ContentReplace Behavior ::run [ RunTime:0.002892s ]
INFO: TokenBuild Behavior ::run [ RunTime:0.001321s ]
INFO: WriteHtmlCache Behavior ::run [ RunTime:0.000872s ]
INFO: ShowRuntime Behavior ::run [ RunTime:0.001239s ]
INFO: [ view_filter ] --END-- [ RunTime:0.007010s ]
INFO: [ view_end ] --START--
INFO: ShowPageTrace Behavior ::run [ RunTime:0.001344s ]
INFO: [ view_end ] --END-- [ RunTime:0.001580s ]

[ 2014-03-27T15:30:55+08:00 ] 127.0.0.1 /index.php/Index/files.html
INFO: [ route_check ] --START--
INFO: CheckRoute Behavior ::run [ RunTime:0.002377s ]
INFO: [ route_check ] --END-- [ RunTime:0.002640s ]
INFO: [ app_begin ] --START--
INFO: ReadHtmlCache Behavior ::run [ RunTime:0.001558s ]
INFO: [ app_begin ] --END-- [ RunTime:0.001975s ]
SQL: SHOW COLUMNS FROM `disk_files` [ RunTime:0.005044s ]
SQL: SELECT * FROM `disk_files` WHERE ( user_name='admin' ) ORDER BY time  [ RunTime:0.002688s ]

[ 2014-03-27T15:31:04+08:00 ] 127.0.0.1 /index.php/Share/index.html?method=0&singleFile=532fd1ba72297.jpg&user=admin&nike=2010winnt2.jpg
INFO: [ route_check ] --START--
INFO: CheckRoute Behavior ::run [ RunTime:0.001944s ]
INFO: [ route_check ] --END-- [ RunTime:0.002211s ]
INFO: [ app_begin ] --START--
INFO: ReadHtmlCache Behavior ::run [ RunTime:0.002425s ]
INFO: [ app_begin ] --END-- [ RunTime:0.002731s ]
INFO: [ view_parse ] --START--
NOTIC: [8] Undefined variable: name D:\wamp\www\hearainDisk\Runtime\Cache\5b288db83805a7ab008a5f3187b671ce.php 第 115 行.
INFO: ParseTemplate Behavior ::run [ RunTime:0.023159s ]
INFO: [ view_parse ] --END-- [ RunTime:0.023425s ]
INFO: [ view_filter ] --START--
INFO: ContentReplace Behavior ::run [ RunTime:0.000969s ]
INFO: TokenBuild Behavior ::run [ RunTime:0.001004s ]
INFO: WriteHtmlCache Behavior ::run [ RunTime:0.003975s ]
INFO: ShowRuntime Behavior ::run [ RunTime:0.001153s ]
INFO: [ view_filter ] --END-- [ RunTime:0.008244s ]
INFO: [ view_end ] --START--
INFO: ShowPageTrace Behavior ::run [ RunTime:0.001201s ]
INFO: [ view_end ] --END-- [ RunTime:0.001427s ]

[ 2014-03-27T15:31:57+08:00 ] 127.0.0.1 /index.php/Share/index.html?method=0&singleFile=532fd1ba72297.jpg&user=admin&nike=2010winnt2.jpg
INFO: [ route_check ] --START--
INFO: CheckRoute Behavior ::run [ RunTime:0.001629s ]
INFO: [ route_check ] --END-- [ RunTime:0.002174s ]
INFO: [ app_begin ] --START--
INFO: ReadHtmlCache Behavior ::run [ RunTime:0.001659s ]
INFO: [ app_begin ] --END-- [ RunTime:0.002023s ]
INFO: [ view_parse ] --START--
NOTIC: [8] Undefined variable: name D:\wamp\www\hearainDisk\Runtime\Cache\5b288db83805a7ab008a5f3187b671ce.php 第 115 行.
INFO: ParseTemplate Behavior ::run [ RunTime:0.023394s ]
INFO: [ view_parse ] --END-- [ RunTime:0.023644s ]
INFO: [ view_filter ] --START--
INFO: ContentReplace Behavior ::run [ RunTime:0.003801s ]
INFO: TokenBuild Behavior ::run [ RunTime:0.001225s ]
INFO: WriteHtmlCache Behavior ::run [ RunTime:0.000643s ]
INFO: ShowRuntime Behavior ::run [ RunTime:0.001116s ]
INFO: [ view_filter ] --END-- [ RunTime:0.007926s ]
INFO: [ view_end ] --START--
INFO: ShowPageTrace Behavior ::run [ RunTime:0.001214s ]
INFO: [ view_end ] --END-- [ RunTime:0.001442s ]

[ 2014-03-27T15:34:41+08:00 ] 127.0.0.1 /index.php/Share/index.html?method=0&singleFile=532fd1ba72297.jpg&user=admin&nike=2010winnt2.jpg
INFO: [ route_check ] --START--
INFO: CheckRoute Behavior ::run [ RunTime:0.003441s ]
INFO: [ route_check ] --END-- [ RunTime:0.004337s ]
INFO: [ app_begin ] --START--
INFO: ReadHtmlCache Behavior ::run [ RunTime:0.001214s ]
INFO: [ app_begin ] --END-- [ RunTime:0.001454s ]
INFO: [ view_parse ] --START--
NOTIC: [8] Undefined variable: name D:\wamp\www\hearainDisk\Runtime\Cache\5b288db83805a7ab008a5f3187b671ce.php 第 116 行.
INFO: ParseTemplate Behavior ::run [ RunTime:0.042381s ]
INFO: [ view_parse ] --END-- [ RunTime:0.042616s ]
INFO: [ view_filter ] --START--
INFO: ContentReplace Behavior ::run [ RunTime:0.001273s ]
INFO: TokenBuild Behavior ::run [ RunTime:0.001447s ]
INFO: WriteHtmlCache Behavior ::run [ RunTime:0.002568s ]
INFO: ShowRuntime Behavior ::run [ RunTime:0.001834s ]
INFO: [ view_filter ] --END-- [ RunTime:0.007857s ]
INFO: [ view_end ] --START--
INFO: ShowPageTrace Behavior ::run [ RunTime:0.001623s ]
INFO: [ view_end ] --END-- [ RunTime:0.001851s ]

[ 2014-03-27T15:35:46+08:00 ] 127.0.0.1 /index.php/Share/index.html?method=0&singleFile=532fd1ba72297.jpg&user=admin&nike=2010winnt2.jpg
INFO: [ route_check ] --START--
INFO: CheckRoute Behavior ::run [ RunTime:0.001243s ]
INFO: [ route_check ] --END-- [ RunTime:0.001501s ]
INFO: [ app_begin ] --START--
INFO: ReadHtmlCache Behavior ::run [ RunTime:0.001384s ]
INFO: [ app_begin ] --END-- [ RunTime:0.001638s ]
INFO: [ view_parse ] --START--
NOTIC: [8] Undefined variable: name D:\wamp\www\hearainDisk\Runtime\Cache\5b288db83805a7ab008a5f3187b671ce.php 第 117 行.
INFO: ParseTemplate Behavior ::run [ RunTime:0.017188s ]
INFO: [ view_parse ] --END-- [ RunTime:0.017524s ]
INFO: [ view_filter ] --START--
INFO: ContentReplace Behavior ::run [ RunTime:0.004487s ]
INFO: TokenBuild Behavior ::run [ RunTime:0.000959s ]
INFO: WriteHtmlCache Behavior ::run [ RunTime:0.000670s ]
INFO: ShowRuntime Behavior ::run [ RunTime:0.001077s ]
INFO: [ view_filter ] --END-- [ RunTime:0.007940s ]
INFO: [ view_end ] --START--
INFO: ShowPageTrace Behavior ::run [ RunTime:0.001351s ]
INFO: [ view_end ] --END-- [ RunTime:0.001610s ]

[ 2014-03-27T15:40:29+08:00 ] 127.0.0.1 /index.php/Share/index.html?method=0&singleFile=532fd1ba72297.jpg&user=admin&nike=2010winnt2.jpg
INFO: [ route_check ] --START--
INFO: CheckRoute Behavior ::run [ RunTime:0.001796s ]
INFO: [ route_check ] --END-- [ RunTime:0.002083s ]
INFO: [ app_begin ] --START--
INFO: ReadHtmlCache Behavior ::run [ RunTime:0.001289s ]
INFO: [ app_begin ] --END-- [ RunTime:0.001562s ]
INFO: [ view_parse ] --START--
NOTIC: [8] Undefined variable: name D:\wamp\www\hearainDisk\Runtime\Cache\5b288db83805a7ab008a5f3187b671ce.php 第 126 行.
INFO: ParseTemplate Behavior ::run [ RunTime:0.022685s ]
INFO: [ view_parse ] --END-- [ RunTime:0.023092s ]
INFO: [ view_filter ] --START--
INFO: ContentReplace Behavior ::run [ RunTime:0.003501s ]
INFO: TokenBuild Behavior ::run [ RunTime:0.001165s ]
INFO: WriteHtmlCache Behavior ::run [ RunTime:0.000802s ]
INFO: ShowRuntime Behavior ::run [ RunTime:0.001315s ]
INFO: [ view_filter ] --END-- [ RunTime:0.007754s ]
INFO: [ view_end ] --START--
INFO: ShowPageTrace Behavior ::run [ RunTime:0.001366s ]
INFO: [ view_end ] --END-- [ RunTime:0.001608s ]

[ 2014-03-27T15:40:51+08:00 ] 127.0.0.1 /index.php/Share/index.html?method=0&singleFile=532fd166005ed.docx&user=admin&nike=%E9%BB%91%E6%96%B9UKEY%E7%AE%A1%E7%90%86%E7%B3%BB%E7%BB%9F%E7%95%8C%E9%9D%A2%E8%AE%BE%E8%AE%A1%E6%96%87%E6%A1%A3.docx
INFO: [ route_check ] --START--
INFO: CheckRoute Behavior ::run [ RunTime:0.001941s ]
INFO: [ route_check ] --END-- [ RunTime:0.002282s ]
INFO: [ app_begin ] --START--
INFO: ReadHtmlCache Behavior ::run [ RunTime:0.001192s ]
INFO: [ app_begin ] --END-- [ RunTime:0.001444s ]
INFO: [ view_parse ] --START--
NOTIC: [8] Undefined variable: name D:\wamp\www\hearainDisk\Runtime\Cache\5b288db83805a7ab008a5f3187b671ce.php 第 126 行.
INFO: ParseTemplate Behavior ::run [ RunTime:0.020520s ]
INFO: [ view_parse ] --END-- [ RunTime:0.020806s ]
INFO: [ view_filter ] --START--
INFO: ContentReplace Behavior ::run [ RunTime:0.001292s ]
INFO: TokenBuild Behavior ::run [ RunTime:0.001160s ]
INFO: WriteHtmlCache Behavior ::run [ RunTime:0.000873s ]
INFO: ShowRuntime Behavior ::run [ RunTime:0.001267s ]
INFO: [ view_filter ] --END-- [ RunTime:0.005367s ]
INFO: [ view_end ] --START--
INFO: ShowPageTrace Behavior ::run [ RunTime:0.002010s ]
INFO: [ view_end ] --END-- [ RunTime:0.002275s ]

[ 2014-03-27T15:44:44+08:00 ] 127.0.0.1 /index.php/Share/index.html?method=0&singleFile=532fd166005ed.docx&user=admin&nike=%E9%BB%91%E6%96%B9UKEY%E7%AE%A1%E7%90%86%E7%B3%BB%E7%BB%9F%E7%95%8C%E9%9D%A2%E8%AE%BE%E8%AE%A1%E6%96%87%E6%A1%A3.docx
INFO: [ route_check ] --START--
INFO: CheckRoute Behavior ::run [ RunTime:0.002065s ]
INFO: [ route_check ] --END-- [ RunTime:0.002381s ]
INFO: [ app_begin ] --START--
INFO: ReadHtmlCache Behavior ::run [ RunTime:0.001377s ]
INFO: [ app_begin ] --END-- [ RunTime:0.001662s ]
INFO: [ view_parse ] --START--
NOTIC: [8] Undefined variable: name D:\wamp\www\hearainDisk\Runtime\Cache\5b288db83805a7ab008a5f3187b671ce.php 第 126 行.
INFO: ParseTemplate Behavior ::run [ RunTime:0.026129s ]
INFO: [ view_parse ] --END-- [ RunTime:0.026395s ]
INFO: [ view_filter ] --START--
INFO: ContentReplace Behavior ::run [ RunTime:0.001330s ]
INFO: TokenBuild Behavior ::run [ RunTime:0.001128s ]
INFO: WriteHtmlCache Behavior ::run [ RunTime:0.001111s ]
INFO: ShowRuntime Behavior ::run [ RunTime:0.001651s ]
INFO: [ view_filter ] --END-- [ RunTime:0.005916s ]
INFO: [ view_end ] --START--
INFO: ShowPageTrace Behavior ::run [ RunTime:0.001404s ]
INFO: [ view_end ] --END-- [ RunTime:0.001671s ]

[ 2014-03-27T15:44:59+08:00 ] 127.0.0.1 /index.php/Share/index.html?method=0&singleFile=532fd166005ed.docx&user=admin&nike=%E9%BB%91%E6%96%B9UKEY%E7%AE%A1%E7%90%86%E7%B3%BB%E7%BB%9F%E7%95%8C%E9%9D%A2%E8%AE%BE%E8%AE%A1%E6%96%87%E6%A1%A3.docx
INFO: [ route_check ] --START--
INFO: CheckRoute Behavior ::run [ RunTime:0.001911s ]
INFO: [ route_check ] --END-- [ RunTime:0.002206s ]
INFO: [ app_begin ] --START--
INFO: ReadHtmlCache Behavior ::run [ RunTime:0.001134s ]
INFO: [ app_begin ] --END-- [ RunTime:0.001380s ]
INFO: [ view_parse ] --START--
NOTIC: [8] Undefined variable: name D:\wamp\www\hearainDisk\Runtime\Cache\5b288db83805a7ab008a5f3187b671ce.php 第 126 行.
INFO: ParseTemplate Behavior ::run [ RunTime:0.018766s ]
INFO: [ view_parse ] --END-- [ RunTime:0.019492s ]
INFO: [ view_filter ] --START--
INFO: ContentReplace Behavior ::run [ RunTime:0.001149s ]
INFO: TokenBuild Behavior ::run [ RunTime:0.001071s ]
INFO: WriteHtmlCache Behavior ::run [ RunTime:0.000996s ]
INFO: ShowRuntime Behavior ::run [ RunTime:0.003361s ]
INFO: [ view_filter ] --END-- [ RunTime:0.007388s ]
INFO: [ view_end ] --START--
INFO: ShowPageTrace Behavior ::run [ RunTime:0.001333s ]
INFO: [ view_end ] --END-- [ RunTime:0.001558s ]

[ 2014-03-27T15:45:06+08:00 ] 127.0.0.1 /index.php/Share/index.html?method=0&singleFile=532fd166005ed.docx&user=admin&nike=%E9%BB%91%E6%96%B9UKEY%E7%AE%A1%E7%90%86%E7%B3%BB%E7%BB%9F%E7%95%8C%E9%9D%A2%E8%AE%BE%E8%AE%A1%E6%96%87%E6%A1%A3.docx
INFO: [ route_check ] --START--
INFO: CheckRoute Behavior ::run [ RunTime:0.001328s ]
INFO: [ route_check ] --END-- [ RunTime:0.001625s ]
INFO: [ app_begin ] --START--
INFO: ReadHtmlCache Behavior ::run [ RunTime:0.001156s ]
INFO: [ app_begin ] --END-- [ RunTime:0.001439s ]
INFO: [ view_parse ] --START--
NOTIC: [8] Undefined variable: name D:\wamp\www\hearainDisk\Runtime\Cache\5b288db83805a7ab008a5f3187b671ce.php 第 126 行.
INFO: ParseTemplate Behavior ::run [ RunTime:0.020953s ]
INFO: [ view_parse ] --END-- [ RunTime:0.021207s ]
INFO: [ view_filter ] --START--
INFO: ContentReplace Behavior ::run [ RunTime:0.001137s ]
INFO: TokenBuild Behavior ::run [ RunTime:0.000943s ]
INFO: WriteHtmlCache Behavior ::run [ RunTime:0.000750s ]
INFO: ShowRuntime Behavior ::run [ RunTime:0.001133s ]
INFO: [ view_filter ] --END-- [ RunTime:0.004616s ]
INFO: [ view_end ] --START--
INFO: ShowPageTrace Behavior ::run [ RunTime:0.001523s ]
INFO: [ view_end ] --END-- [ RunTime:0.001915s ]

[ 2014-03-27T15:45:10+08:00 ] 127.0.0.1 /index.php/Index/index.html
INFO: [ route_check ] --START--
INFO: CheckRoute Behavior ::run [ RunTime:0.001399s ]
INFO: [ route_check ] --END-- [ RunTime:0.001677s ]
INFO: [ app_begin ] --START--
INFO: ReadHtmlCache Behavior ::run [ RunTime:0.001008s ]
INFO: [ app_begin ] --END-- [ RunTime:0.001248s ]
SQL: select sum(file_size) as space from disk_files where user_name='admin' [ RunTime:0.000529s ]
INFO: [ view_parse ] --START--
INFO: ParseTemplate Behavior ::run [ RunTime:0.028934s ]
INFO: [ view_parse ] --END-- [ RunTime:0.029188s ]
INFO: [ view_filter ] --START--
INFO: ContentReplace Behavior ::run [ RunTime:0.001378s ]
INFO: TokenBuild Behavior ::run [ RunTime:0.001197s ]
INFO: WriteHtmlCache Behavior ::run [ RunTime:0.000762s ]
INFO: ShowRuntime Behavior ::run [ RunTime:0.001296s ]
INFO: [ view_filter ] --END-- [ RunTime:0.005347s ]
INFO: [ view_end ] --START--
INFO: ShowPageTrace Behavior ::run [ RunTime:0.001816s ]
INFO: [ view_end ] --END-- [ RunTime:0.002055s ]

[ 2014-03-27T15:45:12+08:00 ] 127.0.0.1 /index.php/Index/files.html
INFO: [ route_check ] --START--
INFO: CheckRoute Behavior ::run [ RunTime:0.001567s ]
INFO: [ route_check ] --END-- [ RunTime:0.001904s ]
INFO: [ app_begin ] --START--
INFO: ReadHtmlCache Behavior ::run [ RunTime:0.001123s ]
INFO: [ app_begin ] --END-- [ RunTime:0.001371s ]
SQL: SHOW COLUMNS FROM `disk_files` [ RunTime:0.004360s ]
SQL: SELECT * FROM `disk_files` WHERE ( user_name='admin' ) ORDER BY time  [ RunTime:0.002457s ]

[ 2014-03-27T15:45:31+08:00 ] 127.0.0.1 /index.php/Share/index.html?method=0&singleFile=532fd166005ed.docx&user=admin&nike=%E9%BB%91%E6%96%B9UKEY%E7%AE%A1%E7%90%86%E7%B3%BB%E7%BB%9F%E7%95%8C%E9%9D%A2%E8%AE%BE%E8%AE%A1%E6%96%87%E6%A1%A3.docx
INFO: [ route_check ] --START--
INFO: CheckRoute Behavior ::run [ RunTime:0.001577s ]
INFO: [ route_check ] --END-- [ RunTime:0.001916s ]
INFO: [ app_begin ] --START--
INFO: ReadHtmlCache Behavior ::run [ RunTime:0.001230s ]
INFO: [ app_begin ] --END-- [ RunTime:0.001582s ]
INFO: [ view_parse ] --START--
NOTIC: [8] Undefined variable: name D:\wamp\www\hearainDisk\Runtime\Cache\5b288db83805a7ab008a5f3187b671ce.php 第 126 行.
INFO: ParseTemplate Behavior ::run [ RunTime:0.017704s ]
INFO: [ view_parse ] --END-- [ RunTime:0.017940s ]
INFO: [ view_filter ] --START--
INFO: ContentReplace Behavior ::run [ RunTime:0.002609s ]
INFO: TokenBuild Behavior ::run [ RunTime:0.002758s ]
INFO: WriteHtmlCache Behavior ::run [ RunTime:0.002666s ]
INFO: ShowRuntime Behavior ::run [ RunTime:0.001914s ]
INFO: [ view_filter ] --END-- [ RunTime:0.010788s ]
INFO: [ view_end ] --START--
INFO: ShowPageTrace Behavior ::run [ RunTime:0.001572s ]
INFO: [ view_end ] --END-- [ RunTime:0.001834s ]

[ 2014-03-27T15:45:34+08:00 ] 127.0.0.1 /index.php/Index/index.html
INFO: [ route_check ] --START--
INFO: CheckRoute Behavior ::run [ RunTime:0.001600s ]
INFO: [ route_check ] --END-- [ RunTime:0.001908s ]
INFO: [ app_begin ] --START--
INFO: ReadHtmlCache Behavior ::run [ RunTime:0.001503s ]
INFO: [ app_begin ] --END-- [ RunTime:0.001770s ]
SQL: select sum(file_size) as space from disk_files where user_name='admin' [ RunTime:0.000636s ]
INFO: [ view_parse ] --START--
INFO: ParseTemplate Behavior ::run [ RunTime:0.030763s ]
INFO: [ view_parse ] --END-- [ RunTime:0.031013s ]
INFO: [ view_filter ] --START--
INFO: ContentReplace Behavior ::run [ RunTime:0.001316s ]
INFO: TokenBuild Behavior ::run [ RunTime:0.002760s ]
INFO: WriteHtmlCache Behavior ::run [ RunTime:0.000660s ]
INFO: ShowRuntime Behavior ::run [ RunTime:0.001206s ]
INFO: [ view_filter ] --END-- [ RunTime:0.006808s ]
INFO: [ view_end ] --START--
INFO: ShowPageTrace Behavior ::run [ RunTime:0.001218s ]
INFO: [ view_end ] --END-- [ RunTime:0.001501s ]

[ 2014-03-27T15:45:37+08:00 ] 127.0.0.1 /index.php/Index/files.html
INFO: [ route_check ] --START--
INFO: CheckRoute Behavior ::run [ RunTime:0.001230s ]
INFO: [ route_check ] --END-- [ RunTime:0.001492s ]
INFO: [ app_begin ] --START--
INFO: ReadHtmlCache Behavior ::run [ RunTime:0.000999s ]
INFO: [ app_begin ] --END-- [ RunTime:0.001192s ]
SQL: SHOW COLUMNS FROM `disk_files` [ RunTime:0.004755s ]
SQL: SELECT * FROM `disk_files` WHERE ( user_name='admin' ) ORDER BY time  [ RunTime:0.000990s ]

[ 2014-03-27T15:46:35+08:00 ] 127.0.0.1 /index.php/Index/index.html
INFO: [ route_check ] --START--
INFO: CheckRoute Behavior ::run [ RunTime:0.001607s ]
INFO: [ route_check ] --END-- [ RunTime:0.001905s ]
INFO: [ app_begin ] --START--
INFO: ReadHtmlCache Behavior ::run [ RunTime:0.001120s ]
INFO: [ app_begin ] --END-- [ RunTime:0.001394s ]
SQL: select sum(file_size) as space from disk_files where user_name='admin' [ RunTime:0.000433s ]
INFO: [ view_parse ] --START--
INFO: ParseTemplate Behavior ::run [ RunTime:0.036234s ]
INFO: [ view_parse ] --END-- [ RunTime:0.036473s ]
INFO: [ view_filter ] --START--
INFO: ContentReplace Behavior ::run [ RunTime:0.003095s ]
INFO: TokenBuild Behavior ::run [ RunTime:0.001078s ]
INFO: WriteHtmlCache Behavior ::run [ RunTime:0.000759s ]
INFO: ShowRuntime Behavior ::run [ RunTime:0.001636s ]
INFO: [ view_filter ] --END-- [ RunTime:0.007296s ]
INFO: [ view_end ] --START--
INFO: ShowPageTrace Behavior ::run [ RunTime:0.001125s ]
INFO: [ view_end ] --END-- [ RunTime:0.001348s ]

[ 2014-03-27T15:46:37+08:00 ] 127.0.0.1 /index.php/Index/files.html
INFO: [ route_check ] --START--
INFO: CheckRoute Behavior ::run [ RunTime:0.001246s ]
INFO: [ route_check ] --END-- [ RunTime:0.001508s ]
INFO: [ app_begin ] --START--
INFO: ReadHtmlCache Behavior ::run [ RunTime:0.001014s ]
INFO: [ app_begin ] --END-- [ RunTime:0.001214s ]
SQL: SHOW COLUMNS FROM `disk_files` [ RunTime:0.006062s ]
SQL: SELECT * FROM `disk_files` WHERE ( user_name='admin' ) ORDER BY time  [ RunTime:0.001122s ]

[ 2014-03-27T15:46:52+08:00 ] 127.0.0.1 /index.php/Login/logout.html
INFO: [ route_check ] --START--
INFO: CheckRoute Behavior ::run [ RunTime:0.001306s ]
INFO: [ route_check ] --END-- [ RunTime:0.001579s ]
INFO: [ app_begin ] --START--
INFO: ReadHtmlCache Behavior ::run [ RunTime:0.001041s ]
INFO: [ app_begin ] --END-- [ RunTime:0.001273s ]

[ 2014-03-27T15:46:52+08:00 ] 127.0.0.1 /index.php/Login/index.html
INFO: [ route_check ] --START--
INFO: CheckRoute Behavior ::run [ RunTime:0.001774s ]
INFO: [ route_check ] --END-- [ RunTime:0.002070s ]
INFO: [ app_begin ] --START--
INFO: ReadHtmlCache Behavior ::run [ RunTime:0.001226s ]
INFO: [ app_begin ] --END-- [ RunTime:0.001468s ]
INFO: [ view_parse ] --START--
INFO: ParseTemplate Behavior ::run [ RunTime:0.020072s ]
INFO: [ view_parse ] --END-- [ RunTime:0.020336s ]
INFO: [ view_filter ] --START--
INFO: ContentReplace Behavior ::run [ RunTime:0.001020s ]
INFO: TokenBuild Behavior ::run [ RunTime:0.001221s ]
INFO: WriteHtmlCache Behavior ::run [ RunTime:0.000726s ]
INFO: ShowRuntime Behavior ::run [ RunTime:0.002486s ]
INFO: [ view_filter ] --END-- [ RunTime:0.006132s ]
INFO: [ view_end ] --START--
INFO: ShowPageTrace Behavior ::run [ RunTime:0.001136s ]
INFO: [ view_end ] --END-- [ RunTime:0.002772s ]

[ 2014-03-27T15:46:53+08:00 ] 127.0.0.1 /index.php/Login/index.html
INFO: [ route_check ] --START--
INFO: CheckRoute Behavior ::run [ RunTime:0.001421s ]
INFO: [ route_check ] --END-- [ RunTime:0.001690s ]
INFO: [ app_begin ] --START--
INFO: ReadHtmlCache Behavior ::run [ RunTime:0.001022s ]
INFO: [ app_begin ] --END-- [ RunTime:0.001280s ]
INFO: [ view_parse ] --START--
INFO: ParseTemplate Behavior ::run [ RunTime:0.019155s ]
INFO: [ view_parse ] --END-- [ RunTime:0.019411s ]
INFO: [ view_filter ] --START--
INFO: ContentReplace Behavior ::run [ RunTime:0.000933s ]
INFO: TokenBuild Behavior ::run [ RunTime:0.001178s ]
INFO: WriteHtmlCache Behavior ::run [ RunTime:0.000780s ]
INFO: ShowRuntime Behavior ::run [ RunTime:0.001041s ]
INFO: [ view_filter ] --END-- [ RunTime:0.004623s ]
INFO: [ view_end ] --START--
INFO: ShowPageTrace Behavior ::run [ RunTime:0.001229s ]
INFO: [ view_end ] --END-- [ RunTime:0.001512s ]

[ 2014-03-27T15:46:56+08:00 ] 127.0.0.1 /index.php/Share/index.html?method=0&singleFile=532fd166005ed.docx&user=admin&nike=%E9%BB%91%E6%96%B9UKEY%E7%AE%A1%E7%90%86%E7%B3%BB%E7%BB%9F%E7%95%8C%E9%9D%A2%E8%AE%BE%E8%AE%A1%E6%96%87%E6%A1%A3.docx
INFO: [ route_check ] --START--
INFO: CheckRoute Behavior ::run [ RunTime:0.001535s ]
INFO: [ route_check ] --END-- [ RunTime:0.001829s ]
INFO: [ app_begin ] --START--
INFO: ReadHtmlCache Behavior ::run [ RunTime:0.001131s ]
INFO: [ app_begin ] --END-- [ RunTime:0.001384s ]
INFO: [ view_parse ] --START--
NOTIC: [8] Undefined variable: name D:\wamp\www\hearainDisk\Runtime\Cache\5b288db83805a7ab008a5f3187b671ce.php 第 126 行.
INFO: ParseTemplate Behavior ::run [ RunTime:0.018882s ]
INFO: [ view_parse ] --END-- [ RunTime:0.019113s ]
INFO: [ view_filter ] --START--
INFO: ContentReplace Behavior ::run [ RunTime:0.001795s ]
INFO: TokenBuild Behavior ::run [ RunTime:0.000977s ]
INFO: WriteHtmlCache Behavior ::run [ RunTime:0.000678s ]
INFO: ShowRuntime Behavior ::run [ RunTime:0.001101s ]
INFO: [ view_filter ] --END-- [ RunTime:0.005639s ]
INFO: [ view_end ] --START--
INFO: ShowPageTrace Behavior ::run [ RunTime:0.001824s ]
INFO: [ view_end ] --END-- [ RunTime:0.002059s ]

[ 2014-03-27T15:47:00+08:00 ] 127.0.0.1 /index.php/Index/index.html
INFO: [ route_check ] --START--
INFO: CheckRoute Behavior ::run [ RunTime:0.001711s ]
INFO: [ route_check ] --END-- [ RunTime:0.001991s ]
INFO: [ app_begin ] --START--
INFO: ReadHtmlCache Behavior ::run [ RunTime:0.001193s ]
INFO: [ app_begin ] --END-- [ RunTime:0.001578s ]

[ 2014-03-27T15:47:00+08:00 ] 127.0.0.1 /index.php/Login/index.html
INFO: [ route_check ] --START--
INFO: CheckRoute Behavior ::run [ RunTime:0.002538s ]
INFO: [ route_check ] --END-- [ RunTime:0.002806s ]
INFO: [ app_begin ] --START--
INFO: ReadHtmlCache Behavior ::run [ RunTime:0.001034s ]
INFO: [ app_begin ] --END-- [ RunTime:0.001273s ]
INFO: [ view_parse ] --START--
INFO: ParseTemplate Behavior ::run [ RunTime:0.022364s ]
INFO: [ view_parse ] --END-- [ RunTime:0.022635s ]
INFO: [ view_filter ] --START--
INFO: ContentReplace Behavior ::run [ RunTime:0.001390s ]
INFO: TokenBuild Behavior ::run [ RunTime:0.001198s ]
INFO: WriteHtmlCache Behavior ::run [ RunTime:0.000963s ]
INFO: ShowRuntime Behavior ::run [ RunTime:0.002199s ]
INFO: [ view_filter ] --END-- [ RunTime:0.006453s ]
INFO: [ view_end ] --START--
INFO: ShowPageTrace Behavior ::run [ RunTime:0.001287s ]
INFO: [ view_end ] --END-- [ RunTime:0.001510s ]

[ 2014-03-27T15:47:02+08:00 ] 127.0.0.1 /index.php/Login/index.html
INFO: [ route_check ] --START--
INFO: CheckRoute Behavior ::run [ RunTime:0.001319s ]
INFO: [ route_check ] --END-- [ RunTime:0.001598s ]
INFO: [ app_begin ] --START--
INFO: ReadHtmlCache Behavior ::run [ RunTime:0.001416s ]
INFO: [ app_begin ] --END-- [ RunTime:0.001731s ]
INFO: [ view_parse ] --START--
INFO: ParseTemplate Behavior ::run [ RunTime:0.019758s ]
INFO: [ view_parse ] --END-- [ RunTime:0.020040s ]
INFO: [ view_filter ] --START--
INFO: ContentReplace Behavior ::run [ RunTime:0.000990s ]
INFO: TokenBuild Behavior ::run [ RunTime:0.000887s ]
INFO: WriteHtmlCache Behavior ::run [ RunTime:0.002269s ]
INFO: ShowRuntime Behavior ::run [ RunTime:0.001113s ]
INFO: [ view_filter ] --END-- [ RunTime:0.005937s ]
INFO: [ view_end ] --START--
INFO: ShowPageTrace Behavior ::run [ RunTime:0.001401s ]
INFO: [ view_end ] --END-- [ RunTime:0.001638s ]

[ 2014-03-27T15:47:48+08:00 ] 127.0.0.1 /index.php/Login/login.html?loginname=admin&passwd=123
INFO: [ route_check ] --START--
INFO: CheckRoute Behavior ::run [ RunTime:0.001957s ]
INFO: [ route_check ] --END-- [ RunTime:0.002307s ]
INFO: [ app_begin ] --START--
INFO: ReadHtmlCache Behavior ::run [ RunTime:0.000987s ]
INFO: [ app_begin ] --END-- [ RunTime:0.001186s ]
NOTIC: 建议使用I方法替代_get
NOTIC: 建议使用I方法替代_get
SQL: SHOW COLUMNS FROM `disk_login` [ RunTime:0.004363s ]
SQL: SELECT * FROM `disk_login` WHERE ( user_name='admin' AND pwd='123' ) LIMIT 1   [ RunTime:0.005301s ]

[ 2014-03-27T15:47:49+08:00 ] 127.0.0.1 /index.php/Index/index.html
INFO: [ route_check ] --START--
INFO: CheckRoute Behavior ::run [ RunTime:0.001637s ]
INFO: [ route_check ] --END-- [ RunTime:0.001986s ]
INFO: [ app_begin ] --START--
INFO: ReadHtmlCache Behavior ::run [ RunTime:0.001319s ]
INFO: [ app_begin ] --END-- [ RunTime:0.001574s ]
SQL: select sum(file_size) as space from disk_files where user_name='admin' [ RunTime:0.000552s ]
INFO: [ view_parse ] --START--
INFO: ParseTemplate Behavior ::run [ RunTime:0.031142s ]
INFO: [ view_parse ] --END-- [ RunTime:0.031434s ]
INFO: [ view_filter ] --START--
INFO: ContentReplace Behavior ::run [ RunTime:0.002082s ]
INFO: TokenBuild Behavior ::run [ RunTime:0.001028s ]
INFO: WriteHtmlCache Behavior ::run [ RunTime:0.000787s ]
INFO: ShowRuntime Behavior ::run [ RunTime:0.001222s ]
INFO: [ view_filter ] --END-- [ RunTime:0.005818s ]
INFO: [ view_end ] --START--
INFO: ShowPageTrace Behavior ::run [ RunTime:0.001225s ]
INFO: [ view_end ] --END-- [ RunTime:0.001462s ]

[ 2014-03-27T15:47:51+08:00 ] 127.0.0.1 /index.php/Index/files.html
INFO: [ route_check ] --START--
INFO: CheckRoute Behavior ::run [ RunTime:0.001520s ]
INFO: [ route_check ] --END-- [ RunTime:0.001789s ]
INFO: [ app_begin ] --START--
INFO: ReadHtmlCache Behavior ::run [ RunTime:0.000972s ]
INFO: [ app_begin ] --END-- [ RunTime:0.001165s ]
SQL: SHOW COLUMNS FROM `disk_files` [ RunTime:0.005313s ]
SQL: SELECT * FROM `disk_files` WHERE ( user_name='admin' ) ORDER BY time  [ RunTime:0.002429s ]

[ 2014-03-27T15:51:16+08:00 ] 127.0.0.1 /index.php/Download/download.html?file_name=53328b1903aed.zip%2C533299856f471.txt%2C
INFO: [ route_check ] --START--
INFO: CheckRoute Behavior ::run [ RunTime:0.001723s ]
INFO: [ route_check ] --END-- [ RunTime:0.001994s ]
INFO: [ app_begin ] --START--
INFO: ReadHtmlCache Behavior ::run [ RunTime:0.001398s ]
INFO: [ app_begin ] --END-- [ RunTime:0.001636s ]
NOTIC: 建议使用I方法替代_get
NOTIC: [8192] Function split() is deprecated D:\wamp\www\hearainDisk\Lib\Action\DownloadAction.class.php 第 14 行.
NOTIC: [8] Undefined variable: file D:\wamp\www\hearainDisk\Lib\Action\DownloadAction.class.php 第 16 行.

[ 2014-03-27T15:51:25+08:00 ] 127.0.0.1 /index.php/Share/index.html?method=1&user=admin
INFO: [ route_check ] --START--
INFO: CheckRoute Behavior ::run [ RunTime:0.001316s ]
INFO: [ route_check ] --END-- [ RunTime:0.001600s ]
INFO: [ app_begin ] --START--
INFO: ReadHtmlCache Behavior ::run [ RunTime:0.001089s ]
INFO: [ app_begin ] --END-- [ RunTime:0.001326s ]
NOTIC: [8] Undefined index: singleFile D:\wamp\www\hearainDisk\Lib\Action\ShareAction.class.php 第 10 行.
NOTIC: [8] Undefined index: nike D:\wamp\www\hearainDisk\Lib\Action\ShareAction.class.php 第 12 行.
INFO: [ view_parse ] --START--
NOTIC: [8] Undefined variable: name D:\wamp\www\hearainDisk\Runtime\Cache\5b288db83805a7ab008a5f3187b671ce.php 第 126 行.
INFO: ParseTemplate Behavior ::run [ RunTime:0.019618s ]
INFO: [ view_parse ] --END-- [ RunTime:0.019855s ]
INFO: [ view_filter ] --START--
INFO: ContentReplace Behavior ::run [ RunTime:0.001359s ]
INFO: TokenBuild Behavior ::run [ RunTime:0.001132s ]
INFO: WriteHtmlCache Behavior ::run [ RunTime:0.000904s ]
INFO: ShowRuntime Behavior ::run [ RunTime:0.001382s ]
INFO: [ view_filter ] --END-- [ RunTime:0.005510s ]
INFO: [ view_end ] --START--
INFO: ShowPageTrace Behavior ::run [ RunTime:0.001579s ]
INFO: [ view_end ] --END-- [ RunTime:0.001824s ]

[ 2014-03-27T15:55:57+08:00 ] 127.0.0.1 /index.php/Uploadify/del.html?file_name=53329a549d7c2.mp3%2C
INFO: [ route_check ] --START--
INFO: CheckRoute Behavior ::run [ RunTime:0.002030s ]
INFO: [ route_check ] --END-- [ RunTime:0.002501s ]
INFO: [ app_begin ] --START--
INFO: ReadHtmlCache Behavior ::run [ RunTime:0.001649s ]
INFO: [ app_begin ] --END-- [ RunTime:0.001913s ]
NOTIC: 建议使用I方法替代_get
NOTIC: [8192] Function split() is deprecated D:\wamp\www\hearainDisk\Lib\Action\UploadifyAction.class.php 第 59 行.
SQL: SHOW COLUMNS FROM `disk_files` [ RunTime:0.005328s ]
SQL: DELETE FROM `disk_files` WHERE ( file_name='53329a549d7c2.mp3' ) [ RunTime:0.024442s ]
NOTIC: [2] unlink(D:/wamp/www//Public/Upload/admin/) [<a href='function.unlink'>function.unlink</a>]: Permission denied D:\wamp\www\hearainDisk\Lib\Action\UploadifyAction.class.php 第 64 行.
SQL: DELETE FROM `disk_files` WHERE ( file_name='' ) [ RunTime:0.000526s ]

[ 2014-03-27T15:55:58+08:00 ] 127.0.0.1 /index.php/Index/index.html
INFO: [ route_check ] --START--
INFO: CheckRoute Behavior ::run [ RunTime:0.001635s ]
INFO: [ route_check ] --END-- [ RunTime:0.001912s ]
INFO: [ app_begin ] --START--
INFO: ReadHtmlCache Behavior ::run [ RunTime:0.001158s ]
INFO: [ app_begin ] --END-- [ RunTime:0.001439s ]
SQL: select sum(file_size) as space from disk_files where user_name='admin' [ RunTime:0.000717s ]
INFO: [ view_parse ] --START--
INFO: ParseTemplate Behavior ::run [ RunTime:0.034051s ]
INFO: [ view_parse ] --END-- [ RunTime:0.034356s ]
INFO: [ view_filter ] --START--
INFO: ContentReplace Behavior ::run [ RunTime:0.002802s ]
INFO: TokenBuild Behavior ::run [ RunTime:0.001315s ]
INFO: WriteHtmlCache Behavior ::run [ RunTime:0.000914s ]
INFO: ShowRuntime Behavior ::run [ RunTime:0.001408s ]
INFO: [ view_filter ] --END-- [ RunTime:0.007136s ]
INFO: [ view_end ] --START--
INFO: ShowPageTrace Behavior ::run [ RunTime:0.001396s ]
INFO: [ view_end ] --END-- [ RunTime:0.001638s ]

[ 2014-03-27T15:56:00+08:00 ] 127.0.0.1 /index.php/Index/files.html
INFO: [ route_check ] --START--
INFO: CheckRoute Behavior ::run [ RunTime:0.001243s ]
INFO: [ route_check ] --END-- [ RunTime:0.001545s ]
INFO: [ app_begin ] --START--
INFO: ReadHtmlCache Behavior ::run [ RunTime:0.000979s ]
INFO: [ app_begin ] --END-- [ RunTime:0.001177s ]
SQL: SHOW COLUMNS FROM `disk_files` [ RunTime:0.006108s ]
SQL: SELECT * FROM `disk_files` WHERE ( user_name='admin' ) ORDER BY time  [ RunTime:0.001107s ]

[ 2014-03-27T15:56:21+08:00 ] 127.0.0.1 /index.php/Share/index.html?method=0&singleFile=53329b4191b7d.mp3&user=admin&nike=%E5%BC%A0%E6%9D%B0%20-%20%E5%A4%A9%E4%B8%8B.mp3
INFO: [ route_check ] --START--
INFO: CheckRoute Behavior ::run [ RunTime:0.001470s ]
INFO: [ route_check ] --END-- [ RunTime:0.001765s ]
INFO: [ app_begin ] --START--
INFO: ReadHtmlCache Behavior ::run [ RunTime:0.001006s ]
INFO: [ app_begin ] --END-- [ RunTime:0.001235s ]
INFO: [ view_parse ] --START--
NOTIC: [8] Undefined variable: name D:\wamp\www\hearainDisk\Runtime\Cache\5b288db83805a7ab008a5f3187b671ce.php 第 126 行.
INFO: ParseTemplate Behavior ::run [ RunTime:0.023014s ]
INFO: [ view_parse ] --END-- [ RunTime:0.023301s ]
INFO: [ view_filter ] --START--
INFO: ContentReplace Behavior ::run [ RunTime:0.001278s ]
INFO: TokenBuild Behavior ::run [ RunTime:0.000979s ]
INFO: WriteHtmlCache Behavior ::run [ RunTime:0.000606s ]
INFO: ShowRuntime Behavior ::run [ RunTime:0.001064s ]
INFO: [ view_filter ] --END-- [ RunTime:0.004581s ]
INFO: [ view_end ] --START--
INFO: ShowPageTrace Behavior ::run [ RunTime:0.001117s ]
INFO: [ view_end ] --END-- [ RunTime:0.001341s ]

[ 2014-03-27T16:00:52+08:00 ] 127.0.0.1 /index.php/Uploadify/Index.html
INFO: [ route_check ] --START--
INFO: CheckRoute Behavior ::run [ RunTime:0.001885s ]
INFO: [ route_check ] --END-- [ RunTime:0.002167s ]
INFO: [ app_begin ] --START--
INFO: ReadHtmlCache Behavior ::run [ RunTime:0.001085s ]
INFO: [ app_begin ] --END-- [ RunTime:0.001321s ]
INFO: [ view_parse ] --START--
NOTIC: [8] Undefined variable: space D:\wamp\www\hearainDisk\Runtime\Cache\14193f95d001286b1eaa3137107b1eac.php 第 329 行.
INFO: ParseTemplate Behavior ::run [ RunTime:0.063768s ]
INFO: [ view_parse ] --END-- [ RunTime:0.064040s ]
INFO: [ view_filter ] --START--
INFO: ContentReplace Behavior ::run [ RunTime:0.001420s ]
INFO: TokenBuild Behavior ::run [ RunTime:0.001168s ]
INFO: WriteHtmlCache Behavior ::run [ RunTime:0.000879s ]
INFO: ShowRuntime Behavior ::run [ RunTime:0.001342s ]
INFO: [ view_filter ] --END-- [ RunTime:0.005555s ]
INFO: [ view_end ] --START--
INFO: ShowPageTrace Behavior ::run [ RunTime:0.001527s ]
INFO: [ view_end ] --END-- [ RunTime:0.001769s ]

[ 2014-03-27T16:00:54+08:00 ] 127.0.0.1 /index.php/Uploadify/
INFO: [ route_check ] --START--
INFO: CheckRoute Behavior ::run [ RunTime:0.001242s ]
INFO: [ route_check ] --END-- [ RunTime:0.001508s ]
INFO: [ app_begin ] --START--
INFO: ReadHtmlCache Behavior ::run [ RunTime:0.001162s ]
INFO: [ app_begin ] --END-- [ RunTime:0.001493s ]
INFO: [ view_parse ] --START--
NOTIC: [8] Undefined variable: space D:\wamp\www\hearainDisk\Runtime\Cache\5dab210446abf4c1aac33d1daafad071.php 第 329 行.
INFO: ParseTemplate Behavior ::run [ RunTime:0.027739s ]
INFO: [ view_parse ] --END-- [ RunTime:0.028147s ]
INFO: [ view_filter ] --START--
INFO: ContentReplace Behavior ::run [ RunTime:0.001448s ]
INFO: TokenBuild Behavior ::run [ RunTime:0.001910s ]
INFO: WriteHtmlCache Behavior ::run [ RunTime:0.000683s ]
INFO: ShowRuntime Behavior ::run [ RunTime:0.001125s ]
INFO: [ view_filter ] --END-- [ RunTime:0.005968s ]
INFO: [ view_end ] --START--
INFO: ShowPageTrace Behavior ::run [ RunTime:0.001176s ]
INFO: [ view_end ] --END-- [ RunTime:0.001444s ]

[ 2014-03-27T16:01:02+08:00 ] 127.0.0.1 /index.php/Index/index.html
INFO: [ route_check ] --START--
INFO: CheckRoute Behavior ::run [ RunTime:0.002037s ]
INFO: [ route_check ] --END-- [ RunTime:0.002372s ]
INFO: [ app_begin ] --START--
INFO: ReadHtmlCache Behavior ::run [ RunTime:0.001101s ]
INFO: [ app_begin ] --END-- [ RunTime:0.001343s ]
SQL: select sum(file_size) as space from disk_files where user_name='admin' [ RunTime:0.001185s ]
INFO: [ view_parse ] --START--
INFO: ParseTemplate Behavior ::run [ RunTime:0.049019s ]
INFO: [ view_parse ] --END-- [ RunTime:0.049283s ]
INFO: [ view_filter ] --START--
INFO: ContentReplace Behavior ::run [ RunTime:0.003667s ]
INFO: TokenBuild Behavior ::run [ RunTime:0.000971s ]
INFO: WriteHtmlCache Behavior ::run [ RunTime:0.000664s ]
INFO: ShowRuntime Behavior ::run [ RunTime:0.003880s ]
INFO: [ view_filter ] --END-- [ RunTime:0.009842s ]
INFO: [ view_end ] --START--
INFO: ShowPageTrace Behavior ::run [ RunTime:0.002559s ]
INFO: [ view_end ] --END-- [ RunTime:0.002914s ]

[ 2014-03-27T16:01:04+08:00 ] 127.0.0.1 /index.php/Index/files.html
INFO: [ route_check ] --START--
INFO: CheckRoute Behavior ::run [ RunTime:0.001549s ]
INFO: [ route_check ] --END-- [ RunTime:0.001816s ]
INFO: [ app_begin ] --START--
INFO: ReadHtmlCache Behavior ::run [ RunTime:0.001042s ]
INFO: [ app_begin ] --END-- [ RunTime:0.001250s ]
SQL: SHOW COLUMNS FROM `disk_files` [ RunTime:0.004261s ]
SQL: SELECT * FROM `disk_files` WHERE ( user_name='admin' ) ORDER BY time  [ RunTime:0.001318s ]

[ 2014-03-27T16:01:28+08:00 ] 127.0.0.1 /
INFO: [ app_begin ] --START--
INFO: ReadHtmlCache Behavior ::run [ RunTime:0.001011s ]
INFO: [ app_begin ] --END-- [ RunTime:0.001259s ]

[ 2014-03-27T16:01:29+08:00 ] 127.0.0.1 /index.php/Login/index.html
INFO: [ route_check ] --START--
INFO: CheckRoute Behavior ::run [ RunTime:0.001335s ]
INFO: [ route_check ] --END-- [ RunTime:0.001598s ]
INFO: [ app_begin ] --START--
INFO: ReadHtmlCache Behavior ::run [ RunTime:0.001370s ]
INFO: [ app_begin ] --END-- [ RunTime:0.001600s ]
INFO: [ view_parse ] --START--
INFO: ParseTemplate Behavior ::run [ RunTime:0.020729s ]
INFO: [ view_parse ] --END-- [ RunTime:0.021001s ]
INFO: [ view_filter ] --START--
INFO: ContentReplace Behavior ::run [ RunTime:0.001051s ]
INFO: TokenBuild Behavior ::run [ RunTime:0.000980s ]
INFO: WriteHtmlCache Behavior ::run [ RunTime:0.001115s ]
INFO: ShowRuntime Behavior ::run [ RunTime:0.002001s ]
INFO: [ view_filter ] --END-- [ RunTime:0.005948s ]
INFO: [ view_end ] --START--
INFO: ShowPageTrace Behavior ::run [ RunTime:0.001189s ]
INFO: [ view_end ] --END-- [ RunTime:0.009270s ]

[ 2014-03-27T16:01:30+08:00 ] 127.0.0.1 /index.php/Login/index.html
INFO: [ route_check ] --START--
INFO: CheckRoute Behavior ::run [ RunTime:0.001985s ]
INFO: [ route_check ] --END-- [ RunTime:0.002253s ]
INFO: [ app_begin ] --START--
INFO: ReadHtmlCache Behavior ::run [ RunTime:0.001244s ]
INFO: [ app_begin ] --END-- [ RunTime:0.001508s ]
INFO: [ view_parse ] --START--
INFO: ParseTemplate Behavior ::run [ RunTime:0.028409s ]
INFO: [ view_parse ] --END-- [ RunTime:0.028677s ]
INFO: [ view_filter ] --START--
INFO: ContentReplace Behavior ::run [ RunTime:0.001250s ]
INFO: TokenBuild Behavior ::run [ RunTime:0.001078s ]
INFO: WriteHtmlCache Behavior ::run [ RunTime:0.000802s ]
INFO: ShowRuntime Behavior ::run [ RunTime:0.001267s ]
INFO: [ view_filter ] --END-- [ RunTime:0.011395s ]
INFO: [ view_end ] --START--
INFO: ShowPageTrace Behavior ::run [ RunTime:0.001248s ]
INFO: [ view_end ] --END-- [ RunTime:0.001479s ]

[ 2014-03-27T16:01:38+08:00 ] 127.0.0.1 /index.php/Login/login.html?loginname=admin&passwd=123
INFO: [ route_check ] --START--
INFO: CheckRoute Behavior ::run [ RunTime:0.001788s ]
INFO: [ route_check ] --END-- [ RunTime:0.002063s ]
INFO: [ app_begin ] --START--
INFO: ReadHtmlCache Behavior ::run [ RunTime:0.002972s ]
INFO: [ app_begin ] --END-- [ RunTime:0.003264s ]
NOTIC: 建议使用I方法替代_get
NOTIC: 建议使用I方法替代_get
SQL: SHOW COLUMNS FROM `disk_login` [ RunTime:0.009528s ]
SQL: SELECT * FROM `disk_login` WHERE ( user_name='admin' AND pwd='123' ) LIMIT 1   [ RunTime:0.002199s ]

[ 2014-03-27T16:01:39+08:00 ] 127.0.0.1 /index.php/Index/index.html
INFO: [ route_check ] --START--
INFO: CheckRoute Behavior ::run [ RunTime:0.001196s ]
INFO: [ route_check ] --END-- [ RunTime:0.001459s ]
INFO: [ app_begin ] --START--
INFO: ReadHtmlCache Behavior ::run [ RunTime:0.001115s ]
INFO: [ app_begin ] --END-- [ RunTime:0.001353s ]
SQL: select sum(file_size) as space from disk_files where user_name='admin' [ RunTime:0.000540s ]
INFO: [ view_parse ] --START--
INFO: ParseTemplate Behavior ::run [ RunTime:0.032324s ]
INFO: [ view_parse ] --END-- [ RunTime:0.032587s ]
INFO: [ view_filter ] --START--
INFO: ContentReplace Behavior ::run [ RunTime:0.002514s ]
INFO: TokenBuild Behavior ::run [ RunTime:0.005537s ]
INFO: WriteHtmlCache Behavior ::run [ RunTime:0.001164s ]
INFO: ShowRuntime Behavior ::run [ RunTime:0.001356s ]
INFO: [ view_filter ] --END-- [ RunTime:0.011259s ]
INFO: [ view_end ] --START--
INFO: ShowPageTrace Behavior ::run [ RunTime:0.001708s ]
INFO: [ view_end ] --END-- [ RunTime:0.002017s ]

[ 2014-03-27T16:01:41+08:00 ] 127.0.0.1 /index.php/Index/files.html
INFO: [ route_check ] --START--
INFO: CheckRoute Behavior ::run [ RunTime:0.002730s ]
INFO: [ route_check ] --END-- [ RunTime:0.003077s ]
INFO: [ app_begin ] --START--
INFO: ReadHtmlCache Behavior ::run [ RunTime:0.001475s ]
INFO: [ app_begin ] --END-- [ RunTime:0.001702s ]
SQL: SHOW COLUMNS FROM `disk_files` [ RunTime:0.005385s ]
SQL: SELECT * FROM `disk_files` WHERE ( user_name='admin' ) ORDER BY time  [ RunTime:0.001297s ]

[ 2014-03-27T16:01:58+08:00 ] 127.0.0.1 /index.php/Index/preview_zip.html?file_Path=%2FPublic%2FUpload%2Fadmin%2F53328b1903aed.zip
INFO: [ route_check ] --START--
INFO: CheckRoute Behavior ::run [ RunTime:0.001669s ]
INFO: [ route_check ] --END-- [ RunTime:0.001950s ]
INFO: [ app_begin ] --START--
INFO: ReadHtmlCache Behavior ::run [ RunTime:0.001119s ]
INFO: [ app_begin ] --END-- [ RunTime:0.001348s ]
NOTIC: 建议使用I方法替代_get

[ 2014-03-27T16:02:12+08:00 ] 127.0.0.1 /index.php/Index/preview_text.html?file_Path=%2FPublic%2FUpload%2Fadmin%2F533299856f471.txt
INFO: [ route_check ] --START--
INFO: CheckRoute Behavior ::run [ RunTime:0.001682s ]
INFO: [ route_check ] --END-- [ RunTime:0.001963s ]
INFO: [ app_begin ] --START--
INFO: ReadHtmlCache Behavior ::run [ RunTime:0.001657s ]
INFO: [ app_begin ] --END-- [ RunTime:0.001873s ]
NOTIC: 建议使用I方法替代_get

[ 2014-03-27T16:02:54+08:00 ] 127.0.0.1 /index.php/Index/get_musicCover.html?musicname=%E5%BC%A0%E6%9D%B0-%E5%A4%A9%E4%B8%8B
INFO: [ route_check ] --START--
INFO: CheckRoute Behavior ::run [ RunTime:0.001398s ]
INFO: [ route_check ] --END-- [ RunTime:0.001684s ]
INFO: [ app_begin ] --START--
INFO: ReadHtmlCache Behavior ::run [ RunTime:0.001437s ]
INFO: [ app_begin ] --END-- [ RunTime:0.001755s ]
NOTIC: 建议使用I方法替代_get

[ 2014-03-27T16:03:38+08:00 ] 127.0.0.1 /index.php/Index/get_musicCover.html?musicname=%E5%BC%A0%E6%9D%B0-%E5%A4%A9%E4%B8%8B
INFO: [ route_check ] --START--
INFO: CheckRoute Behavior ::run [ RunTime:0.001886s ]
INFO: [ route_check ] --END-- [ RunTime:0.002231s ]
INFO: [ app_begin ] --START--
INFO: ReadHtmlCache Behavior ::run [ RunTime:0.001385s ]
INFO: [ app_begin ] --END-- [ RunTime:0.001655s ]
NOTIC: 建议使用I方法替代_get

[ 2014-03-27T16:03:43+08:00 ] 127.0.0.1 /index.php/Index/index.html
INFO: [ route_check ] --START--
INFO: CheckRoute Behavior ::run [ RunTime:0.002084s ]
INFO: [ route_check ] --END-- [ RunTime:0.002395s ]
INFO: [ app_begin ] --START--
INFO: ReadHtmlCache Behavior ::run [ RunTime:0.001281s ]
INFO: [ app_begin ] --END-- [ RunTime:0.001560s ]
SQL: select sum(file_size) as space from disk_files where user_name='admin' [ RunTime:0.000436s ]
INFO: [ view_parse ] --START--
INFO: ParseTemplate Behavior ::run [ RunTime:0.037791s ]
INFO: [ view_parse ] --END-- [ RunTime:0.038065s ]
INFO: [ view_filter ] --START--
INFO: ContentReplace Behavior ::run [ RunTime:0.002547s ]
INFO: TokenBuild Behavior ::run [ RunTime:0.001721s ]
INFO: WriteHtmlCache Behavior ::run [ RunTime:0.001078s ]
INFO: ShowRuntime Behavior ::run [ RunTime:0.001327s ]
INFO: [ view_filter ] --END-- [ RunTime:0.009905s ]
INFO: [ view_end ] --START--
INFO: ShowPageTrace Behavior ::run [ RunTime:0.002171s ]
INFO: [ view_end ] --END-- [ RunTime:0.002511s ]

[ 2014-03-27T16:03:44+08:00 ] 127.0.0.1 /index.php/Index/files.html
INFO: [ route_check ] --START--
INFO: CheckRoute Behavior ::run [ RunTime:0.002748s ]
INFO: [ route_check ] --END-- [ RunTime:0.003011s ]
INFO: [ app_begin ] --START--
INFO: ReadHtmlCache Behavior ::run [ RunTime:0.000982s ]
INFO: [ app_begin ] --END-- [ RunTime:0.001175s ]
SQL: SHOW COLUMNS FROM `disk_files` [ RunTime:0.010637s ]
SQL: SELECT * FROM `disk_files` WHERE ( user_name='admin' ) ORDER BY time  [ RunTime:0.003250s ]

[ 2014-03-27T16:03:48+08:00 ] 127.0.0.1 /index.php/Index/get_musicCover.html?musicname=%E5%BC%A0%E6%9D%B0-%E5%A4%A9%E4%B8%8B
INFO: [ route_check ] --START--
INFO: CheckRoute Behavior ::run [ RunTime:0.001826s ]
INFO: [ route_check ] --END-- [ RunTime:0.002182s ]
INFO: [ app_begin ] --START--
INFO: ReadHtmlCache Behavior ::run [ RunTime:0.001315s ]
INFO: [ app_begin ] --END-- [ RunTime:0.001579s ]
NOTIC: 建议使用I方法替代_get

[ 2014-03-27T16:03:56+08:00 ] 127.0.0.1 /index.php/Index/index.html
INFO: [ route_check ] --START--
INFO: CheckRoute Behavior ::run [ RunTime:0.001386s ]
INFO: [ route_check ] --END-- [ RunTime:0.001672s ]
INFO: [ app_begin ] --START--
INFO: ReadHtmlCache Behavior ::run [ RunTime:0.001394s ]
INFO: [ app_begin ] --END-- [ RunTime:0.001634s ]
SQL: select sum(file_size) as space from disk_files where user_name='admin' [ RunTime:0.000427s ]
INFO: [ view_parse ] --START--
INFO: ParseTemplate Behavior ::run [ RunTime:0.032350s ]
INFO: [ view_parse ] --END-- [ RunTime:0.032606s ]
INFO: [ view_filter ] --START--
INFO: ContentReplace Behavior ::run [ RunTime:0.001968s ]
INFO: TokenBuild Behavior ::run [ RunTime:0.000975s ]
INFO: WriteHtmlCache Behavior ::run [ RunTime:0.000842s ]
INFO: ShowRuntime Behavior ::run [ RunTime:0.001266s ]
INFO: [ view_filter ] --END-- [ RunTime:0.007252s ]
INFO: [ view_end ] --START--
INFO: ShowPageTrace Behavior ::run [ RunTime:0.001153s ]
INFO: [ view_end ] --END-- [ RunTime:0.001387s ]

[ 2014-03-27T16:03:58+08:00 ] 127.0.0.1 /index.php/Index/files.html
INFO: [ route_check ] --START--
INFO: CheckRoute Behavior ::run [ RunTime:0.001744s ]
INFO: [ route_check ] --END-- [ RunTime:0.002081s ]
INFO: [ app_begin ] --START--
INFO: ReadHtmlCache Behavior ::run [ RunTime:0.001287s ]
INFO: [ app_begin ] --END-- [ RunTime:0.001506s ]
SQL: SHOW COLUMNS FROM `disk_files` [ RunTime:0.006278s ]
SQL: SELECT * FROM `disk_files` WHERE ( user_name='admin' ) ORDER BY time  [ RunTime:0.002954s ]

[ 2014-03-27T16:04:01+08:00 ] 127.0.0.1 /index.php/Index/get_musicCover.html?musicname=%E5%BC%A0%E6%9D%B0-%E5%A4%A9%E4%B8%8B
INFO: [ route_check ] --START--
INFO: CheckRoute Behavior ::run [ RunTime:0.001244s ]
INFO: [ route_check ] --END-- [ RunTime:0.001509s ]
INFO: [ app_begin ] --START--
INFO: ReadHtmlCache Behavior ::run [ RunTime:0.000967s ]
INFO: [ app_begin ] --END-- [ RunTime:0.001160s ]
NOTIC: 建议使用I方法替代_get

[ 2014-03-27T16:08:26+08:00 ] 127.0.0.1 /index.php/Index/index.html
INFO: [ route_check ] --START--
INFO: CheckRoute Behavior ::run [ RunTime:0.001651s ]
INFO: [ route_check ] --END-- [ RunTime:0.001921s ]
INFO: [ app_begin ] --START--
INFO: ReadHtmlCache Behavior ::run [ RunTime:0.001233s ]
INFO: [ app_begin ] --END-- [ RunTime:0.001484s ]
SQL: select sum(file_size) as space from disk_files where user_name='admin' [ RunTime:0.000549s ]
INFO: [ view_parse ] --START--
INFO: ParseTemplate Behavior ::run [ RunTime:0.032800s ]
INFO: [ view_parse ] --END-- [ RunTime:0.033480s ]
INFO: [ view_filter ] --START--
INFO: ContentReplace Behavior ::run [ RunTime:0.001519s ]
INFO: TokenBuild Behavior ::run [ RunTime:0.001083s ]
INFO: WriteHtmlCache Behavior ::run [ RunTime:0.000775s ]
INFO: ShowRuntime Behavior ::run [ RunTime:0.001264s ]
INFO: [ view_filter ] --END-- [ RunTime:0.005298s ]
INFO: [ view_end ] --START--
INFO: ShowPageTrace Behavior ::run [ RunTime:0.001291s ]
INFO: [ view_end ] --END-- [ RunTime:0.001530s ]

[ 2014-03-27T16:08:27+08:00 ] 127.0.0.1 /index.php/Index/files.html
INFO: [ route_check ] --START--
INFO: CheckRoute Behavior ::run [ RunTime:0.001339s ]
INFO: [ route_check ] --END-- [ RunTime:0.001652s ]
INFO: [ app_begin ] --START--
INFO: ReadHtmlCache Behavior ::run [ RunTime:0.001135s ]
INFO: [ app_begin ] --END-- [ RunTime:0.001341s ]
SQL: SHOW COLUMNS FROM `disk_files` [ RunTime:0.006171s ]
SQL: SELECT * FROM `disk_files` WHERE ( user_name='admin' ) ORDER BY time  [ RunTime:0.001671s ]

[ 2014-03-27T16:09:40+08:00 ] 127.0.0.1 /index.php/Index/index.html
INFO: [ route_check ] --START--
INFO: CheckRoute Behavior ::run [ RunTime:0.001333s ]
INFO: [ route_check ] --END-- [ RunTime:0.001602s ]
INFO: [ app_begin ] --START--
INFO: ReadHtmlCache Behavior ::run [ RunTime:0.001219s ]
INFO: [ app_begin ] --END-- [ RunTime:0.001461s ]
SQL: select sum(file_size) as space from disk_files where user_name='admin' [ RunTime:0.001244s ]
INFO: [ view_parse ] --START--
INFO: ParseTemplate Behavior ::run [ RunTime:0.036707s ]
INFO: [ view_parse ] --END-- [ RunTime:0.036963s ]
INFO: [ view_filter ] --START--
INFO: ContentReplace Behavior ::run [ RunTime:0.021119s ]
INFO: TokenBuild Behavior ::run [ RunTime:0.001043s ]
INFO: WriteHtmlCache Behavior ::run [ RunTime:0.000720s ]
INFO: ShowRuntime Behavior ::run [ RunTime:0.001115s ]
INFO: [ view_filter ] --END-- [ RunTime:0.024671s ]
INFO: [ view_end ] --START--
INFO: ShowPageTrace Behavior ::run [ RunTime:0.001191s ]
INFO: [ view_end ] --END-- [ RunTime:0.001431s ]

[ 2014-03-27T16:09:43+08:00 ] 127.0.0.1 /index.php/Index/files.html
INFO: [ route_check ] --START--
INFO: CheckRoute Behavior ::run [ RunTime:0.001652s ]
INFO: [ route_check ] --END-- [ RunTime:0.003221s ]
INFO: [ app_begin ] --START--
INFO: ReadHtmlCache Behavior ::run [ RunTime:0.001071s ]
INFO: [ app_begin ] --END-- [ RunTime:0.001282s ]
SQL: SHOW COLUMNS FROM `disk_files` [ RunTime:0.004923s ]
SQL: SELECT * FROM `disk_files` WHERE ( user_name='admin' ) ORDER BY time  [ RunTime:0.001214s ]

[ 2014-03-27T16:20:24+08:00 ] 127.0.0.1 /index.php/Index/index.html
INFO: [ route_check ] --START--
INFO: CheckRoute Behavior ::run [ RunTime:0.002219s ]
INFO: [ route_check ] --END-- [ RunTime:0.002512s ]
INFO: [ app_begin ] --START--
INFO: ReadHtmlCache Behavior ::run [ RunTime:0.001104s ]
INFO: [ app_begin ] --END-- [ RunTime:0.001359s ]
SQL: select sum(file_size) as space from disk_files where user_name='admin' [ RunTime:0.001319s ]
INFO: [ view_parse ] --START--
INFO: ParseTemplate Behavior ::run [ RunTime:0.033420s ]
INFO: [ view_parse ] --END-- [ RunTime:0.033710s ]
INFO: [ view_filter ] --START--
INFO: ContentReplace Behavior ::run [ RunTime:0.007923s ]
INFO: TokenBuild Behavior ::run [ RunTime:0.001302s ]
INFO: WriteHtmlCache Behavior ::run [ RunTime:0.000799s ]
INFO: ShowRuntime Behavior ::run [ RunTime:0.002330s ]
INFO: [ view_filter ] --END-- [ RunTime:0.013049s ]
INFO: [ view_end ] --START--
INFO: ShowPageTrace Behavior ::run [ RunTime:0.001338s ]
INFO: [ view_end ] --END-- [ RunTime:0.001560s ]

[ 2014-03-27T16:20:27+08:00 ] 127.0.0.1 /index.php/Index/files.html
INFO: [ route_check ] --START--
INFO: CheckRoute Behavior ::run [ RunTime:0.001328s ]
INFO: [ route_check ] --END-- [ RunTime:0.001636s ]
INFO: [ app_begin ] --START--
INFO: ReadHtmlCache Behavior ::run [ RunTime:0.002229s ]
INFO: [ app_begin ] --END-- [ RunTime:0.002473s ]
SQL: SHOW COLUMNS FROM `disk_files` [ RunTime:0.008397s ]
SQL: SELECT * FROM `disk_files` WHERE ( user_name='admin' ) ORDER BY time  [ RunTime:0.002435s ]

[ 2014-03-27T16:39:35+08:00 ] 127.0.0.1 /index.php/Share/index.html?method=0&singleFile=533282b0882f0.zip&user=admin&nike=bootstrap.zip
INFO: [ route_check ] --START--
INFO: CheckRoute Behavior ::run [ RunTime:0.001678s ]
INFO: [ route_check ] --END-- [ RunTime:0.001965s ]
INFO: [ app_begin ] --START--
INFO: ReadHtmlCache Behavior ::run [ RunTime:0.001182s ]
INFO: [ app_begin ] --END-- [ RunTime:0.001446s ]
INFO: [ view_parse ] --START--
NOTIC: [8] Undefined variable: name D:\wamp\www\hearainDisk\Runtime\Cache\5b288db83805a7ab008a5f3187b671ce.php 第 126 行.
INFO: ParseTemplate Behavior ::run [ RunTime:0.019862s ]
INFO: [ view_parse ] --END-- [ RunTime:0.020104s ]
INFO: [ view_filter ] --START--
INFO: ContentReplace Behavior ::run [ RunTime:0.001303s ]
INFO: TokenBuild Behavior ::run [ RunTime:0.001465s ]
INFO: WriteHtmlCache Behavior ::run [ RunTime:0.002648s ]
INFO: ShowRuntime Behavior ::run [ RunTime:0.001294s ]
INFO: [ view_filter ] --END-- [ RunTime:0.007480s ]
INFO: [ view_end ] --START--
INFO: ShowPageTrace Behavior ::run [ RunTime:0.003975s ]
INFO: [ view_end ] --END-- [ RunTime:0.004244s ]

[ 2014-03-27T16:39:53+08:00 ] 127.0.0.1 /index.php/Share/index.html?method=0&singleFile=53328b1652771.doc&user=admin&nike=%E5%85%B3%E4%BA%8E%E7%99%BD%E4%B8%8B%E9%AB%98%E6%96%B0%E5%9B%AD%E5%8C%BA%E5%85%AC%E4%BA%A4%E7%BA%BF%E8%B7%AF%E8%BF%90%E8%A1%8C%E7%9A%84%E9%80%9A%E7%9F%A5.doc
INFO: [ route_check ] --START--
INFO: CheckRoute Behavior ::run [ RunTime:0.001442s ]
INFO: [ route_check ] --END-- [ RunTime:0.001744s ]
INFO: [ app_begin ] --START--
INFO: ReadHtmlCache Behavior ::run [ RunTime:0.001111s ]
INFO: [ app_begin ] --END-- [ RunTime:0.001347s ]
INFO: [ view_parse ] --START--
NOTIC: [8] Undefined variable: name D:\wamp\www\hearainDisk\Runtime\Cache\5b288db83805a7ab008a5f3187b671ce.php 第 126 行.
INFO: ParseTemplate Behavior ::run [ RunTime:0.019914s ]
INFO: [ view_parse ] --END-- [ RunTime:0.020187s ]
INFO: [ view_filter ] --START--
INFO: ContentReplace Behavior ::run [ RunTime:0.001041s ]
INFO: TokenBuild Behavior ::run [ RunTime:0.000894s ]
INFO: WriteHtmlCache Behavior ::run [ RunTime:0.000634s ]
INFO: ShowRuntime Behavior ::run [ RunTime:0.001165s ]
INFO: [ view_filter ] --END-- [ RunTime:0.004406s ]
INFO: [ view_end ] --START--
INFO: ShowPageTrace Behavior ::run [ RunTime:0.001182s ]
INFO: [ view_end ] --END-- [ RunTime:0.002275s ]

