[ 2014-05-17T14:40:19+08:00 ] 127.0.0.1 /
INFO: [ app_begin ] --START--
INFO: ReadHtmlCache Behavior ::run [ RunTime:0.487610s ]
INFO: [ app_begin ] --END-- [ RunTime:0.487888s ]

[ 2014-05-17T14:40:25+08:00 ] 127.0.0.1 /index.php/Login/index.html
INFO: [ route_check ] --START--
INFO: CheckRoute Behavior ::run [ RunTime:0.290643s ]
INFO: [ route_check ] --END-- [ RunTime:0.290749s ]
INFO: [ app_begin ] --START--
INFO: ReadHtmlCache Behavior ::run [ RunTime:0.000350s ]
INFO: [ app_begin ] --END-- [ RunTime:0.000412s ]
INFO: [ view_parse ] --START--
INFO: ParseTemplate Behavior ::run [ RunTime:1.690434s ]
INFO: [ view_parse ] --END-- [ RunTime:1.690708s ]
INFO: [ view_filter ] --START--
INFO: ContentReplace Behavior ::run [ RunTime:0.109725s ]
INFO: TokenBuild Behavior ::run [ RunTime:0.179617s ]
INFO: WriteHtmlCache Behavior ::run [ RunTime:0.116172s ]
INFO: ShowRuntime Behavior ::run [ RunTime:0.201773s ]
INFO: [ view_filter ] --END-- [ RunTime:0.607841s ]
INFO: [ view_end ] --START--
INFO: ShowPageTrace Behavior ::run [ RunTime:0.220507s ]
INFO: [ view_end ] --END-- [ RunTime:0.220654s ]

[ 2014-05-17T14:40:27+08:00 ] 127.0.0.1 /index.php/Login/index.html
INFO: [ route_check ] --START--
INFO: CheckRoute Behavior ::run [ RunTime:0.000891s ]
INFO: [ route_check ] --END-- [ RunTime:0.000978s ]
INFO: [ app_begin ] --START--
INFO: ReadHtmlCache Behavior ::run [ RunTime:0.000861s ]
INFO: [ app_begin ] --END-- [ RunTime:0.000929s ]
INFO: [ view_parse ] --START--
INFO: ParseTemplate Behavior ::run [ RunTime:0.033919s ]
INFO: [ view_parse ] --END-- [ RunTime:0.034111s ]
INFO: [ view_filter ] --START--
INFO: ContentReplace Behavior ::run [ RunTime:0.001401s ]
INFO: TokenBuild Behavior ::run [ RunTime:0.001292s ]
INFO: WriteHtmlCache Behavior ::run [ RunTime:0.001225s ]
INFO: ShowRuntime Behavior ::run [ RunTime:0.001346s ]
INFO: [ view_filter ] --END-- [ RunTime:0.005506s ]
INFO: [ view_end ] --START--
INFO: ShowPageTrace Behavior ::run [ RunTime:0.001284s ]
INFO: [ view_end ] --END-- [ RunTime:0.001369s ]

[ 2014-05-17T14:40:46+08:00 ] 127.0.0.1 /index.php/Login/login.html?loginname=admin&passwd=123456
INFO: [ route_check ] --START--
INFO: CheckRoute Behavior ::run [ RunTime:0.000305s ]
INFO: [ route_check ] --END-- [ RunTime:0.000391s ]
INFO: [ app_begin ] --START--
INFO: ReadHtmlCache Behavior ::run [ RunTime:0.000308s ]
INFO: [ app_begin ] --END-- [ RunTime:0.000367s ]
NOTIC: Âª∫ËÆÆ‰ΩøÁî®IÊñπÊ≥ïÊõø‰ª£_get
NOTIC: Âª∫ËÆÆ‰ΩøÁî®IÊñπÊ≥ïÊõø‰ª£_get
SQL: SHOW COLUMNS FROM `disk_login` [ RunTime:0.579664s ]
SQL: SELECT * FROM `disk_login` WHERE ( user_name='admin' AND pwd='123456' ) LIMIT 1   [ RunTime:0.000794s ]

[ 2014-05-17T14:40:48+08:00 ] 127.0.0.1 /index.php/Index/index.html
INFO: [ route_check ] --START--
INFO: CheckRoute Behavior ::run [ RunTime:0.000299s ]
INFO: [ route_check ] --END-- [ RunTime:0.000383s ]
INFO: [ app_begin ] --START--
INFO: ReadHtmlCache Behavior ::run [ RunTime:0.000292s ]
INFO: [ app_begin ] --END-- [ RunTime:0.000355s ]
SQL: select sum(file_size) as space from disk_files where user_name='admin' [ RunTime:0.252391s ]
INFO: [ view_parse ] --START--
INFO: ParseTemplate Behavior ::run [ RunTime:0.809128s ]
INFO: [ view_parse ] --END-- [ RunTime:0.809370s ]
INFO: [ view_filter ] --START--
INFO: ContentReplace Behavior ::run [ RunTime:0.000934s ]
INFO: TokenBuild Behavior ::run [ RunTime:0.000689s ]
INFO: WriteHtmlCache Behavior ::run [ RunTime:0.000547s ]
INFO: ShowRuntime Behavior ::run [ RunTime:0.000657s ]
INFO: [ view_filter ] --END-- [ RunTime:0.003217s ]
NOTIC: [2] Cannot modify header information - headers already sent by (output started at D:\APMServ5.2.6\APMServ5.2.6\www\htdocs\hearainDisk\Lib\Action\IndexAction.class.php:1) D:\APMServ5.2.6\APMServ5.2.6\www\htdocs\ThinkPHP\Lib\Core\View.class.php Á¨¨ 95 Ë°å.
NOTIC: [2] Cannot modify header information - headers already sent by (output started at D:\APMServ5.2.6\APMServ5.2.6\www\htdocs\hearainDisk\Lib\Action\IndexAction.class.php:1) D:\APMServ5.2.6\APMServ5.2.6\www\htdocs\ThinkPHP\Lib\Core\View.class.php Á¨¨ 96 Ë°å.
NOTIC: [2] Cannot modify header information - headers already sent by (output started at D:\APMServ5.2.6\APMServ5.2.6\www\htdocs\hearainDisk\Lib\Action\IndexAction.class.php:1) D:\APMServ5.2.6\APMServ5.2.6\www\htdocs\ThinkPHP\Lib\Core\View.class.php Á¨¨ 97 Ë°å.
INFO: [ view_end ] --START--
INFO: ShowPageTrace Behavior ::run [ RunTime:0.000663s ]
INFO: [ view_end ] --END-- [ RunTime:0.000808s ]

[ 2014-05-17T14:40:50+08:00 ] 127.0.0.1 /index.php/Index/files.html
INFO: [ route_check ] --START--
INFO: CheckRoute Behavior ::run [ RunTime:0.000305s ]
INFO: [ route_check ] --END-- [ RunTime:0.000393s ]
INFO: [ app_begin ] --START--
INFO: ReadHtmlCache Behavior ::run [ RunTime:0.000438s ]
INFO: [ app_begin ] --END-- [ RunTime:0.000546s ]
SQL: SHOW COLUMNS FROM `disk_files` [ RunTime:0.002914s ]
SQL: SELECT * FROM `disk_files` WHERE ( user_name='admin' ) ORDER BY time  [ RunTime:0.000982s ]
NOTIC: [2] Cannot modify header information - headers already sent by (output started at D:\APMServ5.2.6\APMServ5.2.6\www\htdocs\hearainDisk\Lib\Action\IndexAction.class.php:1) D:\APMServ5.2.6\APMServ5.2.6\www\htdocs\ThinkPHP\Lib\Core\Action.class.php Á¨¨ 321 Ë°å.

[ 2014-05-17T14:41:04+08:00 ] 127.0.0.1 /index.php/Pic/index.html
INFO: [ route_check ] --START--
INFO: CheckRoute Behavior ::run [ RunTime:0.000293s ]
INFO: [ route_check ] --END-- [ RunTime:0.000374s ]
INFO: [ app_begin ] --START--
INFO: ReadHtmlCache Behavior ::run [ RunTime:0.000281s ]
INFO: [ app_begin ] --END-- [ RunTime:0.000348s ]
INFO: [ view_parse ] --START--
NOTIC: [8] Undefined variable: space D:\APMServ5.2.6\APMServ5.2.6\www\htdocs\hearainDisk\Runtime\Cache\2ae5014e24cd35f6e8fa1281f54e6f84.php Á¨¨ 396 Ë°å.
INFO: ParseTemplate Behavior ::run [ RunTime:0.396138s ]
INFO: [ view_parse ] --END-- [ RunTime:0.396333s ]
INFO: [ view_filter ] --START--
INFO: ContentReplace Behavior ::run [ RunTime:0.000462s ]
INFO: TokenBuild Behavior ::run [ RunTime:0.000309s ]
INFO: WriteHtmlCache Behavior ::run [ RunTime:0.000252s ]
INFO: ShowRuntime Behavior ::run [ RunTime:0.000310s ]
INFO: [ view_filter ] --END-- [ RunTime:0.001496s ]
INFO: [ view_end ] --START--
INFO: ShowPageTrace Behavior ::run [ RunTime:0.000399s ]
INFO: [ view_end ] --END-- [ RunTime:0.000469s ]

[ 2014-05-17T14:41:04+08:00 ] 127.0.0.1 /index.php/Index/pic.html
INFO: [ route_check ] --START--
INFO: CheckRoute Behavior ::run [ RunTime:0.000297s ]
INFO: [ route_check ] --END-- [ RunTime:0.000384s ]
INFO: [ app_begin ] --START--
INFO: ReadHtmlCache Behavior ::run [ RunTime:0.000283s ]
INFO: [ app_begin ] --END-- [ RunTime:0.000336s ]
SQL: SHOW COLUMNS FROM `disk_files` [ RunTime:0.002617s ]
SQL: SELECT * FROM `disk_files` WHERE ( user_name='admin' AND (type='jpg' OR type='png' OR type='gif') ) ORDER BY time  [ RunTime:0.000811s ]
NOTIC: [2] Cannot modify header information - headers already sent by (output started at D:\APMServ5.2.6\APMServ5.2.6\www\htdocs\hearainDisk\Lib\Action\IndexAction.class.php:1) D:\APMServ5.2.6\APMServ5.2.6\www\htdocs\ThinkPHP\Lib\Core\Action.class.php Á¨¨ 321 Ë°å.

[ 2014-05-17T14:41:08+08:00 ] 127.0.0.1 /index.php/Bt/index.html
INFO: [ route_check ] --START--
INFO: CheckRoute Behavior ::run [ RunTime:0.000753s ]
INFO: [ route_check ] --END-- [ RunTime:0.000950s ]
INFO: [ app_begin ] --START--
INFO: ReadHtmlCache Behavior ::run [ RunTime:0.000283s ]
INFO: [ app_begin ] --END-- [ RunTime:0.000340s ]
INFO: [ view_parse ] --START--
NOTIC: [8] Undefined variable: space D:\APMServ5.2.6\APMServ5.2.6\www\htdocs\hearainDisk\Runtime\Cache\8db591ca46b7a303ea5355cf846af4ff.php Á¨¨ 396 Ë°å.
INFO: ParseTemplate Behavior ::run [ RunTime:0.941383s ]
INFO: [ view_parse ] --END-- [ RunTime:0.941630s ]
INFO: [ view_filter ] --START--
INFO: ContentReplace Behavior ::run [ RunTime:0.001222s ]
INFO: TokenBuild Behavior ::run [ RunTime:0.000931s ]
INFO: WriteHtmlCache Behavior ::run [ RunTime:0.000912s ]
INFO: ShowRuntime Behavior ::run [ RunTime:0.000846s ]
INFO: [ view_filter ] --END-- [ RunTime:0.004402s ]
INFO: [ view_end ] --START--
INFO: ShowPageTrace Behavior ::run [ RunTime:0.000760s ]
INFO: [ view_end ] --END-- [ RunTime:0.000916s ]

[ 2014-05-17T14:41:08+08:00 ] 127.0.0.1 /index.php/Index/bt.html
INFO: [ route_check ] --START--
INFO: CheckRoute Behavior ::run [ RunTime:0.000320s ]
INFO: [ route_check ] --END-- [ RunTime:0.000407s ]
INFO: [ app_begin ] --START--
INFO: ReadHtmlCache Behavior ::run [ RunTime:0.000296s ]
INFO: [ app_begin ] --END-- [ RunTime:0.000354s ]
SQL: SHOW COLUMNS FROM `disk_files` [ RunTime:0.002706s ]
SQL: SELECT * FROM `disk_files` WHERE ( user_name='admin' AND type='torrent' ) ORDER BY time  [ RunTime:0.000740s ]
NOTIC: [2] Cannot modify header information - headers already sent by (output started at D:\APMServ5.2.6\APMServ5.2.6\www\htdocs\hearainDisk\Lib\Action\IndexAction.class.php:1) D:\APMServ5.2.6\APMServ5.2.6\www\htdocs\ThinkPHP\Lib\Core\Action.class.php Á¨¨ 321 Ë°å.

[ 2014-05-17T14:41:13+08:00 ] 127.0.0.1 /index.php/Index/index.html
INFO: [ route_check ] --START--
INFO: CheckRoute Behavior ::run [ RunTime:0.000738s ]
INFO: [ route_check ] --END-- [ RunTime:0.000921s ]
INFO: [ app_begin ] --START--
INFO: ReadHtmlCache Behavior ::run [ RunTime:0.000651s ]
INFO: [ app_begin ] --END-- [ RunTime:0.000784s ]
SQL: select sum(file_size) as space from disk_files where user_name='admin' [ RunTime:0.000614s ]
INFO: [ view_parse ] --START--
INFO: ParseTemplate Behavior ::run [ RunTime:0.016774s ]
INFO: [ view_parse ] --END-- [ RunTime:0.016899s ]
INFO: [ view_filter ] --START--
INFO: ContentReplace Behavior ::run [ RunTime:0.000422s ]
INFO: TokenBuild Behavior ::run [ RunTime:0.000296s ]
INFO: WriteHtmlCache Behavior ::run [ RunTime:0.000244s ]
INFO: ShowRuntime Behavior ::run [ RunTime:0.000306s ]
INFO: [ view_filter ] --END-- [ RunTime:0.001423s ]
NOTIC: [2] Cannot modify header information - headers already sent by (output started at D:\APMServ5.2.6\APMServ5.2.6\www\htdocs\hearainDisk\Lib\Action\IndexAction.class.php:1) D:\APMServ5.2.6\APMServ5.2.6\www\htdocs\ThinkPHP\Lib\Core\View.class.php Á¨¨ 95 Ë°å.
NOTIC: [2] Cannot modify header information - headers already sent by (output started at D:\APMServ5.2.6\APMServ5.2.6\www\htdocs\hearainDisk\Lib\Action\IndexAction.class.php:1) D:\APMServ5.2.6\APMServ5.2.6\www\htdocs\ThinkPHP\Lib\Core\View.class.php Á¨¨ 96 Ë°å.
NOTIC: [2] Cannot modify header information - headers already sent by (output started at D:\APMServ5.2.6\APMServ5.2.6\www\htdocs\hearainDisk\Lib\Action\IndexAction.class.php:1) D:\APMServ5.2.6\APMServ5.2.6\www\htdocs\ThinkPHP\Lib\Core\View.class.php Á¨¨ 97 Ë°å.
INFO: [ view_end ] --START--
INFO: ShowPageTrace Behavior ::run [ RunTime:0.000281s ]
INFO: [ view_end ] --END-- [ RunTime:0.000338s ]

[ 2014-05-17T14:41:14+08:00 ] 127.0.0.1 /index.php/Index/files.html
INFO: [ route_check ] --START--
INFO: CheckRoute Behavior ::run [ RunTime:0.000290s ]
INFO: [ route_check ] --END-- [ RunTime:0.000369s ]
INFO: [ app_begin ] --START--
INFO: ReadHtmlCache Behavior ::run [ RunTime:0.000285s ]
INFO: [ app_begin ] --END-- [ RunTime:0.000343s ]
SQL: SHOW COLUMNS FROM `disk_files` [ RunTime:0.002600s ]
SQL: SELECT * FROM `disk_files` WHERE ( user_name='admin' ) ORDER BY time  [ RunTime:0.000907s ]
NOTIC: [2] Cannot modify header information - headers already sent by (output started at D:\APMServ5.2.6\APMServ5.2.6\www\htdocs\hearainDisk\Lib\Action\IndexAction.class.php:1) D:\APMServ5.2.6\APMServ5.2.6\www\htdocs\ThinkPHP\Lib\Core\Action.class.php Á¨¨ 321 Ë°å.

[ 2014-05-17T15:28:39+08:00 ] 127.0.0.1 /index.php/Login/logout.html
INFO: [ route_check ] --START--
INFO: CheckRoute Behavior ::run [ RunTime:0.001974s ]
INFO: [ route_check ] --END-- [ RunTime:0.002098s ]
INFO: [ app_begin ] --START--
INFO: ReadHtmlCache Behavior ::run [ RunTime:0.001327s ]
INFO: [ app_begin ] --END-- [ RunTime:0.001391s ]

[ 2014-05-17T15:28:39+08:00 ] 127.0.0.1 /index.php/Login/index.html
INFO: [ route_check ] --START--
INFO: CheckRoute Behavior ::run [ RunTime:0.001322s ]
INFO: [ route_check ] --END-- [ RunTime:0.001401s ]
INFO: [ app_begin ] --START--
INFO: ReadHtmlCache Behavior ::run [ RunTime:0.001321s ]
INFO: [ app_begin ] --END-- [ RunTime:0.001387s ]
INFO: [ view_parse ] --START--
INFO: ParseTemplate Behavior ::run [ RunTime:0.018182s ]
INFO: [ view_parse ] --END-- [ RunTime:0.018276s ]
INFO: [ view_filter ] --START--
INFO: ContentReplace Behavior ::run [ RunTime:0.001386s ]
INFO: TokenBuild Behavior ::run [ RunTime:0.001312s ]
INFO: WriteHtmlCache Behavior ::run [ RunTime:0.001266s ]
INFO: ShowRuntime Behavior ::run [ RunTime:0.001315s ]
INFO: [ view_filter ] --END-- [ RunTime:0.005444s ]
INFO: [ view_end ] --START--
INFO: ShowPageTrace Behavior ::run [ RunTime:0.001294s ]
INFO: [ view_end ] --END-- [ RunTime:0.001351s ]

[ 2014-05-17T15:28:39+08:00 ] 127.0.0.1 /index.php/Login/index.html
INFO: [ route_check ] --START--
INFO: CheckRoute Behavior ::run [ RunTime:0.001989s ]
INFO: [ route_check ] --END-- [ RunTime:0.002169s ]
INFO: [ app_begin ] --START--
INFO: ReadHtmlCache Behavior ::run [ RunTime:0.002127s ]
INFO: [ app_begin ] --END-- [ RunTime:0.002257s ]
INFO: [ view_parse ] --START--
INFO: ParseTemplate Behavior ::run [ RunTime:0.012062s ]
INFO: [ view_parse ] --END-- [ RunTime:0.012159s ]
INFO: [ view_filter ] --START--
INFO: ContentReplace Behavior ::run [ RunTime:0.001400s ]
INFO: TokenBuild Behavior ::run [ RunTime:0.001413s ]
INFO: WriteHtmlCache Behavior ::run [ RunTime:0.001430s ]
INFO: ShowRuntime Behavior ::run [ RunTime:0.001436s ]
INFO: [ view_filter ] --END-- [ RunTime:0.005925s ]
INFO: [ view_end ] --START--
INFO: ShowPageTrace Behavior ::run [ RunTime:0.001423s ]
INFO: [ view_end ] --END-- [ RunTime:0.001508s ]

[ 2014-05-17T15:28:47+08:00 ] 127.0.0.1 /index.php/Login/login.html?loginname=admin&passwd=123456
INFO: [ route_check ] --START--
INFO: CheckRoute Behavior ::run [ RunTime:0.002333s ]
INFO: [ route_check ] --END-- [ RunTime:0.002477s ]
INFO: [ app_begin ] --START--
INFO: ReadHtmlCache Behavior ::run [ RunTime:0.002312s ]
INFO: [ app_begin ] --END-- [ RunTime:0.002412s ]
NOTIC: Âª∫ËÆÆ‰ΩøÁî®IÊñπÊ≥ïÊõø‰ª£_get
NOTIC: Âª∫ËÆÆ‰ΩøÁî®IÊñπÊ≥ïÊõø‰ª£_get
SQL: SHOW COLUMNS FROM `disk_login` [ RunTime:0.003001s ]
SQL: SELECT * FROM `disk_login` WHERE ( user_name='admin' AND pwd='123456' ) LIMIT 1   [ RunTime:0.000535s ]

[ 2014-05-17T15:28:47+08:00 ] 127.0.0.1 /index.php/Index/index.html
INFO: [ route_check ] --START--
INFO: CheckRoute Behavior ::run [ RunTime:0.001436s ]
INFO: [ route_check ] --END-- [ RunTime:0.001532s ]
INFO: [ app_begin ] --START--
INFO: ReadHtmlCache Behavior ::run [ RunTime:0.001350s ]
INFO: [ app_begin ] --END-- [ RunTime:0.001445s ]
SQL: select sum(file_size) as space from disk_files where user_name='admin' [ RunTime:0.000875s ]
INFO: [ view_parse ] --START--
INFO: ParseTemplate Behavior ::run [ RunTime:0.022633s ]
INFO: [ view_parse ] --END-- [ RunTime:0.022777s ]
INFO: [ view_filter ] --START--
INFO: ContentReplace Behavior ::run [ RunTime:0.002626s ]
INFO: TokenBuild Behavior ::run [ RunTime:0.001464s ]
INFO: WriteHtmlCache Behavior ::run [ RunTime:0.001564s ]
INFO: ShowRuntime Behavior ::run [ RunTime:0.001517s ]
INFO: [ view_filter ] --END-- [ RunTime:0.007451s ]
NOTIC: [2] Cannot modify header information - headers already sent by (output started at D:\APMServ5.2.6\APMServ5.2.6\www\htdocs\hearainDisk\Lib\Action\IndexAction.class.php:1) D:\APMServ5.2.6\APMServ5.2.6\www\htdocs\ThinkPHP\Lib\Core\View.class.php Á¨¨ 95 Ë°å.
NOTIC: [2] Cannot modify header information - headers already sent by (output started at D:\APMServ5.2.6\APMServ5.2.6\www\htdocs\hearainDisk\Lib\Action\IndexAction.class.php:1) D:\APMServ5.2.6\APMServ5.2.6\www\htdocs\ThinkPHP\Lib\Core\View.class.php Á¨¨ 96 Ë°å.
NOTIC: [2] Cannot modify header information - headers already sent by (output started at D:\APMServ5.2.6\APMServ5.2.6\www\htdocs\hearainDisk\Lib\Action\IndexAction.class.php:1) D:\APMServ5.2.6\APMServ5.2.6\www\htdocs\ThinkPHP\Lib\Core\View.class.php Á¨¨ 97 Ë°å.
INFO: [ view_end ] --START--
INFO: ShowPageTrace Behavior ::run [ RunTime:0.001670s ]
INFO: [ view_end ] --END-- [ RunTime:0.001766s ]

[ 2014-05-17T15:28:47+08:00 ] 127.0.0.1 /index.php/Index/files.html
INFO: [ route_check ] --START--
INFO: CheckRoute Behavior ::run [ RunTime:0.001416s ]
INFO: [ route_check ] --END-- [ RunTime:0.001507s ]
INFO: [ app_begin ] --START--
INFO: ReadHtmlCache Behavior ::run [ RunTime:0.001318s ]
INFO: [ app_begin ] --END-- [ RunTime:0.001376s ]
SQL: SHOW COLUMNS FROM `disk_files` [ RunTime:0.002724s ]
SQL: SELECT * FROM `disk_files` WHERE ( user_name='admin' ) ORDER BY time  [ RunTime:0.000818s ]
NOTIC: [2] Cannot modify header information - headers already sent by (output started at D:\APMServ5.2.6\APMServ5.2.6\www\htdocs\hearainDisk\Lib\Action\IndexAction.class.php:1) D:\APMServ5.2.6\APMServ5.2.6\www\htdocs\ThinkPHP\Lib\Core\Action.class.php Á¨¨ 321 Ë°å.

[ 2014-05-17T15:28:49+08:00 ] 127.0.0.1 /index.php/Uploadify/Index.html
INFO: [ route_check ] --START--
INFO: CheckRoute Behavior ::run [ RunTime:0.002283s ]
INFO: [ route_check ] --END-- [ RunTime:0.002445s ]
INFO: [ app_begin ] --START--
INFO: ReadHtmlCache Behavior ::run [ RunTime:0.002249s ]
INFO: [ app_begin ] --END-- [ RunTime:0.002376s ]
INFO: [ view_parse ] --START--
NOTIC: [8] Undefined variable: space D:\APMServ5.2.6\APMServ5.2.6\www\htdocs\hearainDisk\Runtime\Cache\14193f95d001286b1eaa3137107b1eac.php Á¨¨ 331 Ë°å.
INFO: ParseTemplate Behavior ::run [ RunTime:0.285408s ]
INFO: [ view_parse ] --END-- [ RunTime:0.285594s ]
INFO: [ view_filter ] --START--
INFO: ContentReplace Behavior ::run [ RunTime:0.002955s ]
INFO: TokenBuild Behavior ::run [ RunTime:0.002032s ]
INFO: WriteHtmlCache Behavior ::run [ RunTime:0.001990s ]
INFO: ShowRuntime Behavior ::run [ RunTime:0.002092s ]
INFO: [ view_filter ] --END-- [ RunTime:0.009373s ]
INFO: [ view_end ] --START--
INFO: ShowPageTrace Behavior ::run [ RunTime:0.002308s ]
INFO: [ view_end ] --END-- [ RunTime:0.002415s ]

[ 2014-05-17T15:28:51+08:00 ] 127.0.0.1 /index.php/Uploadify/
INFO: [ route_check ] --START--
INFO: CheckRoute Behavior ::run [ RunTime:0.002744s ]
INFO: [ route_check ] --END-- [ RunTime:0.002923s ]
INFO: [ app_begin ] --START--
INFO: ReadHtmlCache Behavior ::run [ RunTime:0.002674s ]
INFO: [ app_begin ] --END-- [ RunTime:0.002798s ]
INFO: [ view_parse ] --START--
NOTIC: [8] Undefined variable: space D:\APMServ5.2.6\APMServ5.2.6\www\htdocs\hearainDisk\Runtime\Cache\5dab210446abf4c1aac33d1daafad071.php Á¨¨ 331 Ë°å.
INFO: ParseTemplate Behavior ::run [ RunTime:0.047061s ]
INFO: [ view_parse ] --END-- [ RunTime:0.047152s ]
INFO: [ view_filter ] --START--
INFO: ContentReplace Behavior ::run [ RunTime:0.001476s ]
INFO: TokenBuild Behavior ::run [ RunTime:0.001317s ]
INFO: WriteHtmlCache Behavior ::run [ RunTime:0.001266s ]
INFO: ShowRuntime Behavior ::run [ RunTime:0.001343s ]
INFO: [ view_filter ] --END-- [ RunTime:0.005569s ]
INFO: [ view_end ] --START--
INFO: ShowPageTrace Behavior ::run [ RunTime:0.001468s ]
INFO: [ view_end ] --END-- [ RunTime:0.001541s ]

[ 2014-05-17T15:29:02+08:00 ] 127.0.0.1 /index.php/Uploadify/upload.html
INFO: [ route_check ] --START--
INFO: CheckRoute Behavior ::run [ RunTime:0.001347s ]
INFO: [ route_check ] --END-- [ RunTime:0.001443s ]
INFO: [ app_begin ] --START--
INFO: ReadHtmlCache Behavior ::run [ RunTime:0.001310s ]
INFO: [ app_begin ] --END-- [ RunTime:0.001374s ]
SQL: SHOW COLUMNS FROM `disk_files` [ RunTime:0.003998s ]
SQL: INSERT INTO `disk_files` (`file_name`,`file_nickname`,`type`,`time`,`public`,`user_name`,`file_size`,`md5`) VALUES ('53770fbe29032.jpg','65f01a2b5e5f0dbfec7b7d55b6bc71f7.jpg','jpg','2014-05-17 15:29:02',0,'admin',691804,'a39ff7d301e6fa74de1801f14e92af0b') [ RunTime:0.000577s ]

[ 2014-05-17T15:29:07+08:00 ] 127.0.0.1 /index.php/Index/index.html
INFO: [ route_check ] --START--
INFO: CheckRoute Behavior ::run [ RunTime:0.001328s ]
INFO: [ route_check ] --END-- [ RunTime:0.001418s ]
INFO: [ app_begin ] --START--
INFO: ReadHtmlCache Behavior ::run [ RunTime:0.001299s ]
INFO: [ app_begin ] --END-- [ RunTime:0.001360s ]
SQL: select sum(file_size) as space from disk_files where user_name='admin' [ RunTime:0.000312s ]
INFO: [ view_parse ] --START--
INFO: ParseTemplate Behavior ::run [ RunTime:0.022615s ]
INFO: [ view_parse ] --END-- [ RunTime:0.022752s ]
INFO: [ view_filter ] --START--
INFO: ContentReplace Behavior ::run [ RunTime:0.002143s ]
INFO: TokenBuild Behavior ::run [ RunTime:0.001590s ]
INFO: WriteHtmlCache Behavior ::run [ RunTime:0.001548s ]
INFO: ShowRuntime Behavior ::run [ RunTime:0.002065s ]
INFO: [ view_filter ] --END-- [ RunTime:0.007721s ]
NOTIC: [2] Cannot modify header information - headers already sent by (output started at D:\APMServ5.2.6\APMServ5.2.6\www\htdocs\hearainDisk\Lib\Action\IndexAction.class.php:1) D:\APMServ5.2.6\APMServ5.2.6\www\htdocs\ThinkPHP\Lib\Core\View.class.php Á¨¨ 95 Ë°å.
NOTIC: [2] Cannot modify header information - headers already sent by (output started at D:\APMServ5.2.6\APMServ5.2.6\www\htdocs\hearainDisk\Lib\Action\IndexAction.class.php:1) D:\APMServ5.2.6\APMServ5.2.6\www\htdocs\ThinkPHP\Lib\Core\View.class.php Á¨¨ 96 Ë°å.
NOTIC: [2] Cannot modify header information - headers already sent by (output started at D:\APMServ5.2.6\APMServ5.2.6\www\htdocs\hearainDisk\Lib\Action\IndexAction.class.php:1) D:\APMServ5.2.6\APMServ5.2.6\www\htdocs\ThinkPHP\Lib\Core\View.class.php Á¨¨ 97 Ë°å.
INFO: [ view_end ] --START--
INFO: ShowPageTrace Behavior ::run [ RunTime:0.001590s ]
INFO: [ view_end ] --END-- [ RunTime:0.001692s ]

[ 2014-05-17T15:29:07+08:00 ] 127.0.0.1 /index.php/Index/files.html
INFO: [ route_check ] --START--
INFO: CheckRoute Behavior ::run [ RunTime:0.001335s ]
INFO: [ route_check ] --END-- [ RunTime:0.001426s ]
INFO: [ app_begin ] --START--
INFO: ReadHtmlCache Behavior ::run [ RunTime:0.001334s ]
INFO: [ app_begin ] --END-- [ RunTime:0.001398s ]
SQL: SHOW COLUMNS FROM `disk_files` [ RunTime:0.002692s ]
SQL: SELECT * FROM `disk_files` WHERE ( user_name='admin' ) ORDER BY time  [ RunTime:0.000980s ]
NOTIC: [2] Cannot modify header information - headers already sent by (output started at D:\APMServ5.2.6\APMServ5.2.6\www\htdocs\hearainDisk\Lib\Action\IndexAction.class.php:1) D:\APMServ5.2.6\APMServ5.2.6\www\htdocs\ThinkPHP\Lib\Core\Action.class.php Á¨¨ 321 Ë°å.

[ 2014-05-17T15:29:34+08:00 ] 127.0.0.1 /index.php/Download/download.html?file_name=5372e2bb4a9b8.jpg%2C5372e2bb62873.jpg%2C5372e2baea1a9.jpg%2C5372e2bb2d725.jpg%2C53770fbe29032.jpg%2C
INFO: [ route_check ] --START--
INFO: CheckRoute Behavior ::run [ RunTime:0.001376s ]
INFO: [ route_check ] --END-- [ RunTime:0.001465s ]
INFO: [ app_begin ] --START--
INFO: ReadHtmlCache Behavior ::run [ RunTime:0.001409s ]
INFO: [ app_begin ] --END-- [ RunTime:0.001485s ]
NOTIC: Âª∫ËÆÆ‰ΩøÁî®IÊñπÊ≥ïÊõø‰ª£_get
NOTIC: [8] Undefined variable: file D:\APMServ5.2.6\APMServ5.2.6\www\htdocs\hearainDisk\Lib\Action\DownloadAction.class.php Á¨¨ 16 Ë°å.

[ 2014-05-17T15:29:51+08:00 ] 127.0.0.1 /index.php/Uploadify/del.html?file_name=53770fbe29032.jpg%2C
INFO: [ route_check ] --START--
INFO: CheckRoute Behavior ::run [ RunTime:0.000858s ]
INFO: [ route_check ] --END-- [ RunTime:0.000945s ]
INFO: [ app_begin ] --START--
INFO: ReadHtmlCache Behavior ::run [ RunTime:0.000828s ]
INFO: [ app_begin ] --END-- [ RunTime:0.000885s ]
NOTIC: Âª∫ËÆÆ‰ΩøÁî®IÊñπÊ≥ïÊõø‰ª£_get
SQL: SHOW COLUMNS FROM `disk_files` [ RunTime:0.002934s ]
SQL: DELETE FROM `disk_files` WHERE ( file_name='53770fbe29032.jpg' ) [ RunTime:0.000758s ]
NOTIC: [2] unlink(D:/APMServ5.2.6/APMServ5.2.6/www/htdocs/Public/Upload/admin/) [<a href='function.unlink'>function.unlink</a>]: Permission denied D:\APMServ5.2.6\APMServ5.2.6\www\htdocs\hearainDisk\Lib\Action\UploadifyAction.class.php Á¨¨ 64 Ë°å.
SQL: DELETE FROM `disk_files` WHERE ( file_name='' ) [ RunTime:0.000196s ]

[ 2014-05-17T15:29:51+08:00 ] 127.0.0.1 /index.php/Index/index.html
INFO: [ route_check ] --START--
INFO: CheckRoute Behavior ::run [ RunTime:0.000840s ]
INFO: [ route_check ] --END-- [ RunTime:0.000924s ]
INFO: [ app_begin ] --START--
INFO: ReadHtmlCache Behavior ::run [ RunTime:0.000797s ]
INFO: [ app_begin ] --END-- [ RunTime:0.000867s ]
SQL: select sum(file_size) as space from disk_files where user_name='admin' [ RunTime:0.000291s ]
INFO: [ view_parse ] --START--
INFO: ParseTemplate Behavior ::run [ RunTime:0.018450s ]
INFO: [ view_parse ] --END-- [ RunTime:0.018536s ]
INFO: [ view_filter ] --START--
INFO: ContentReplace Behavior ::run [ RunTime:0.001007s ]
INFO: TokenBuild Behavior ::run [ RunTime:0.000869s ]
INFO: WriteHtmlCache Behavior ::run [ RunTime:0.000804s ]
INFO: ShowRuntime Behavior ::run [ RunTime:0.000856s ]
INFO: [ view_filter ] --END-- [ RunTime:0.003701s ]
NOTIC: [2] Cannot modify header information - headers already sent by (output started at D:\APMServ5.2.6\APMServ5.2.6\www\htdocs\hearainDisk\Lib\Action\IndexAction.class.php:1) D:\APMServ5.2.6\APMServ5.2.6\www\htdocs\ThinkPHP\Lib\Core\View.class.php Á¨¨ 95 Ë°å.
NOTIC: [2] Cannot modify header information - headers already sent by (output started at D:\APMServ5.2.6\APMServ5.2.6\www\htdocs\hearainDisk\Lib\Action\IndexAction.class.php:1) D:\APMServ5.2.6\APMServ5.2.6\www\htdocs\ThinkPHP\Lib\Core\View.class.php Á¨¨ 96 Ë°å.
NOTIC: [2] Cannot modify header information - headers already sent by (output started at D:\APMServ5.2.6\APMServ5.2.6\www\htdocs\hearainDisk\Lib\Action\IndexAction.class.php:1) D:\APMServ5.2.6\APMServ5.2.6\www\htdocs\ThinkPHP\Lib\Core\View.class.php Á¨¨ 97 Ë°å.
INFO: [ view_end ] --START--
INFO: ShowPageTrace Behavior ::run [ RunTime:0.000869s ]
INFO: [ view_end ] --END-- [ RunTime:0.000938s ]

[ 2014-05-17T15:29:51+08:00 ] 127.0.0.1 /index.php/Index/files.html
INFO: [ route_check ] --START--
INFO: CheckRoute Behavior ::run [ RunTime:0.001470s ]
INFO: [ route_check ] --END-- [ RunTime:0.001565s ]
INFO: [ app_begin ] --START--
INFO: ReadHtmlCache Behavior ::run [ RunTime:0.001482s ]
INFO: [ app_begin ] --END-- [ RunTime:0.001560s ]
SQL: SHOW COLUMNS FROM `disk_files` [ RunTime:0.002632s ]
SQL: SELECT * FROM `disk_files` WHERE ( user_name='admin' ) ORDER BY time  [ RunTime:0.000818s ]
NOTIC: [2] Cannot modify header information - headers already sent by (output started at D:\APMServ5.2.6\APMServ5.2.6\www\htdocs\hearainDisk\Lib\Action\IndexAction.class.php:1) D:\APMServ5.2.6\APMServ5.2.6\www\htdocs\ThinkPHP\Lib\Core\Action.class.php Á¨¨ 321 Ë°å.

[ 2014-05-17T15:30:26+08:00 ] 127.0.0.1 /index.php/Share/index.html?method=0&singleFile=5324023b7d659.zip&user=admin&nike=%E5%A4%AA%E6%B9%96%E5%AD%A6%E9%99%A2%E8%AE%A1%E7%AE%97%E6%9C%BA%E4%B8%93%E4%B8%9A%E6%AF%95%E4%B8%9A%E8%AE%BE%E8%AE%A1%E4%BB%BB%E5%8A%A1%E4%B9%A6.zip
INFO: [ route_check ] --START--
INFO: CheckRoute Behavior ::run [ RunTime:0.001420s ]
INFO: [ route_check ] --END-- [ RunTime:0.001510s ]
INFO: [ app_begin ] --START--
INFO: ReadHtmlCache Behavior ::run [ RunTime:0.001349s ]
INFO: [ app_begin ] --END-- [ RunTime:0.001419s ]
NOTIC: [2] filesize() [<a href='function.filesize'>function.filesize</a>]: stat failed for D:/APMServ5.2.6/APMServ5.2.6/www/htdocsPublic/Upload/admin/5324023b7d659.zip D:\APMServ5.2.6\APMServ5.2.6\www\htdocs\hearainDisk\Lib\Action\ShareAction.class.php Á¨¨ 15 Ë°å.
INFO: [ view_parse ] --START--
NOTIC: [8] Undefined variable: name D:\APMServ5.2.6\APMServ5.2.6\www\htdocs\hearainDisk\Runtime\Cache\5b288db83805a7ab008a5f3187b671ce.php Á¨¨ 126 Ë°å.
INFO: ParseTemplate Behavior ::run [ RunTime:0.155607s ]
INFO: [ view_parse ] --END-- [ RunTime:0.155769s ]
INFO: [ view_filter ] --START--
INFO: ContentReplace Behavior ::run [ RunTime:0.003715s ]
INFO: TokenBuild Behavior ::run [ RunTime:0.003477s ]
INFO: WriteHtmlCache Behavior ::run [ RunTime:0.003730s ]
INFO: ShowRuntime Behavior ::run [ RunTime:0.003597s ]
INFO: [ view_filter ] --END-- [ RunTime:0.014960s ]
INFO: [ view_end ] --START--
INFO: ShowPageTrace Behavior ::run [ RunTime:0.003482s ]
INFO: [ view_end ] --END-- [ RunTime:0.003633s ]

[ 2014-05-17T15:30:43+08:00 ] 127.0.0.1 /index.php/Index/get_musicCover.html?musicname=%E5%BC%A0%E5%8D%AB%E5%81%A5-%E7%9C%9F%E8%8B%B1%E9%9B%84
INFO: [ route_check ] --START--
INFO: CheckRoute Behavior ::run [ RunTime:0.001309s ]
INFO: [ route_check ] --END-- [ RunTime:0.001391s ]
INFO: [ app_begin ] --START--
INFO: ReadHtmlCache Behavior ::run [ RunTime:0.001304s ]
INFO: [ app_begin ] --END-- [ RunTime:0.001359s ]
NOTIC: Âª∫ËÆÆ‰ΩøÁî®IÊñπÊ≥ïÊõø‰ª£_get
NOTIC: [2] file_get_contents() [<a href='function.file-get-contents'>function.file-get-contents</a>]: php_network_getaddresses: getaddrinfo failed: ≤ª÷™µ¿’‚—˘µƒ÷˜ª˙°£  D:\APMServ5.2.6\APMServ5.2.6\www\htdocs\ThinkPHP\Extend\Vendor\HtmlDom\simple_html_dom.php Á¨¨ 75 Ë°å.
NOTIC: [2] file_get_contents(http://www.xiami.com/search?key=Âº†Âç´ÂÅ•-ÁúüËã±ÈõÑ) [<a href='function.file-get-contents'>function.file-get-contents</a>]: failed to open stream: php_network_getaddresses: getaddrinfo failed: ≤ª÷™µ¿’‚—˘µƒ÷˜ª˙°£  D:\APMServ5.2.6\APMServ5.2.6\www\htdocs\ThinkPHP\Extend\Vendor\HtmlDom\simple_html_dom.php Á¨¨ 75 Ë°å.

[ 2014-05-17T15:30:43+08:00 ] 127.0.0.1 /index.php/Index/%3Cbr%20/%3E%3Cb%3EFatal%20error%3C/b%3E:%20%20Call%20to%20a%20member%20function%20find()%20on%20a%20non-object%20in%20%3Cb%3ED:/APMServ5.2.6/APMServ5.2.6/www/htdocs/hearainDisk/Lib/Action/IndexAction.class.php%3C/b%3E%20on%20line%20%3Cb%3E99%3C/b%3E%3Cbr%20/%3E%3C!DOCTYPE%20html%20PUBLIC
INFO: [ route_check ] --START--
INFO: CheckRoute Behavior ::run [ RunTime:0.001739s ]
INFO: [ route_check ] --END-- [ RunTime:0.001843s ]
INFO: [ app_begin ] --START--
INFO: ReadHtmlCache Behavior ::run [ RunTime:0.001781s ]
INFO: [ app_begin ] --END-- [ RunTime:0.001869s ]
ERR: ÈùûÊ≥ïÊìç‰Ωú:

[ 2014-05-17T15:31:03+08:00 ] 127.0.0.1 /index.php/Index/index.html
INFO: [ route_check ] --START--
INFO: CheckRoute Behavior ::run [ RunTime:0.001407s ]
INFO: [ route_check ] --END-- [ RunTime:0.001495s ]
INFO: [ app_begin ] --START--
INFO: ReadHtmlCache Behavior ::run [ RunTime:0.001416s ]
INFO: [ app_begin ] --END-- [ RunTime:0.001478s ]
SQL: select sum(file_size) as space from disk_files where user_name='admin' [ RunTime:0.000293s ]
INFO: [ view_parse ] --START--
INFO: ParseTemplate Behavior ::run [ RunTime:0.021200s ]
INFO: [ view_parse ] --END-- [ RunTime:0.021284s ]
INFO: [ view_filter ] --START--
INFO: ContentReplace Behavior ::run [ RunTime:0.001597s ]
INFO: TokenBuild Behavior ::run [ RunTime:0.001365s ]
INFO: WriteHtmlCache Behavior ::run [ RunTime:0.001300s ]
INFO: ShowRuntime Behavior ::run [ RunTime:0.001360s ]
INFO: [ view_filter ] --END-- [ RunTime:0.005792s ]
NOTIC: [2] Cannot modify header information - headers already sent by (output started at D:\APMServ5.2.6\APMServ5.2.6\www\htdocs\hearainDisk\Lib\Action\IndexAction.class.php:1) D:\APMServ5.2.6\APMServ5.2.6\www\htdocs\ThinkPHP\Lib\Core\View.class.php Á¨¨ 95 Ë°å.
NOTIC: [2] Cannot modify header information - headers already sent by (output started at D:\APMServ5.2.6\APMServ5.2.6\www\htdocs\hearainDisk\Lib\Action\IndexAction.class.php:1) D:\APMServ5.2.6\APMServ5.2.6\www\htdocs\ThinkPHP\Lib\Core\View.class.php Á¨¨ 96 Ë°å.
NOTIC: [2] Cannot modify header information - headers already sent by (output started at D:\APMServ5.2.6\APMServ5.2.6\www\htdocs\hearainDisk\Lib\Action\IndexAction.class.php:1) D:\APMServ5.2.6\APMServ5.2.6\www\htdocs\ThinkPHP\Lib\Core\View.class.php Á¨¨ 97 Ë°å.
INFO: [ view_end ] --START--
INFO: ShowPageTrace Behavior ::run [ RunTime:0.001467s ]
INFO: [ view_end ] --END-- [ RunTime:0.001533s ]

[ 2014-05-17T15:31:04+08:00 ] 127.0.0.1 /index.php/Index/files.html
INFO: [ route_check ] --START--
INFO: CheckRoute Behavior ::run [ RunTime:0.000889s ]
INFO: [ route_check ] --END-- [ RunTime:0.000980s ]
INFO: [ app_begin ] --START--
INFO: ReadHtmlCache Behavior ::run [ RunTime:0.000837s ]
INFO: [ app_begin ] --END-- [ RunTime:0.000900s ]
SQL: SHOW COLUMNS FROM `disk_files` [ RunTime:0.004138s ]
SQL: SELECT * FROM `disk_files` WHERE ( user_name='admin' ) ORDER BY time  [ RunTime:0.000753s ]
NOTIC: [2] Cannot modify header information - headers already sent by (output started at D:\APMServ5.2.6\APMServ5.2.6\www\htdocs\hearainDisk\Lib\Action\IndexAction.class.php:1) D:\APMServ5.2.6\APMServ5.2.6\www\htdocs\ThinkPHP\Lib\Core\Action.class.php Á¨¨ 321 Ë°å.

[ 2014-05-17T15:31:10+08:00 ] 127.0.0.1 /index.php/Index/preview_text.html?file_Path=%2FPublic%2FUpload%2Fadmin%2F536848945616e.txt
INFO: [ route_check ] --START--
INFO: CheckRoute Behavior ::run [ RunTime:0.000735s ]
INFO: [ route_check ] --END-- [ RunTime:0.000928s ]
INFO: [ app_begin ] --START--
INFO: ReadHtmlCache Behavior ::run [ RunTime:0.000740s ]
INFO: [ app_begin ] --END-- [ RunTime:0.000876s ]
NOTIC: Âª∫ËÆÆ‰ΩøÁî®IÊñπÊ≥ïÊõø‰ª£_get

[ 2014-05-17T15:31:17+08:00 ] 127.0.0.1 /index.php/Index/preview_zip.html?file_Path=%2FPublic%2FUpload%2Fadmin%2F5324023b7d659.zip
INFO: [ route_check ] --START--
INFO: CheckRoute Behavior ::run [ RunTime:0.000733s ]
INFO: [ route_check ] --END-- [ RunTime:0.000921s ]
INFO: [ app_begin ] --START--
INFO: ReadHtmlCache Behavior ::run [ RunTime:0.000697s ]
INFO: [ app_begin ] --END-- [ RunTime:0.000827s ]
NOTIC: Âª∫ËÆÆ‰ΩøÁî®IÊñπÊ≥ïÊõø‰ª£_get

[ 2014-05-17T15:31:35+08:00 ] 127.0.0.1 /index.php/Pic/index.html
INFO: [ route_check ] --START--
INFO: CheckRoute Behavior ::run [ RunTime:0.000856s ]
INFO: [ route_check ] --END-- [ RunTime:0.000944s ]
INFO: [ app_begin ] --START--
INFO: ReadHtmlCache Behavior ::run [ RunTime:0.000920s ]
INFO: [ app_begin ] --END-- [ RunTime:0.000986s ]
INFO: [ view_parse ] --START--
NOTIC: [8] Undefined variable: space D:\APMServ5.2.6\APMServ5.2.6\www\htdocs\hearainDisk\Runtime\Cache\2ae5014e24cd35f6e8fa1281f54e6f84.php Á¨¨ 396 Ë°å.
INFO: ParseTemplate Behavior ::run [ RunTime:0.022651s ]
INFO: [ view_parse ] --END-- [ RunTime:0.022738s ]
INFO: [ view_filter ] --START--
INFO: ContentReplace Behavior ::run [ RunTime:0.001021s ]
INFO: TokenBuild Behavior ::run [ RunTime:0.000861s ]
INFO: WriteHtmlCache Behavior ::run [ RunTime:0.000794s ]
INFO: ShowRuntime Behavior ::run [ RunTime:0.000853s ]
INFO: [ view_filter ] --END-- [ RunTime:0.003690s ]
INFO: [ view_end ] --START--
INFO: ShowPageTrace Behavior ::run [ RunTime:0.000841s ]
INFO: [ view_end ] --END-- [ RunTime:0.000903s ]

[ 2014-05-17T15:31:35+08:00 ] 127.0.0.1 /index.php/Index/pic.html
INFO: [ route_check ] --START--
INFO: CheckRoute Behavior ::run [ RunTime:0.000316s ]
INFO: [ route_check ] --END-- [ RunTime:0.000404s ]
INFO: [ app_begin ] --START--
INFO: ReadHtmlCache Behavior ::run [ RunTime:0.000305s ]
INFO: [ app_begin ] --END-- [ RunTime:0.000364s ]
SQL: SHOW COLUMNS FROM `disk_files` [ RunTime:0.003216s ]
SQL: SELECT * FROM `disk_files` WHERE ( user_name='admin' AND (type='jpg' OR type='png' OR type='gif') ) ORDER BY time  [ RunTime:0.001339s ]
NOTIC: [2] Cannot modify header information - headers already sent by (output started at D:\APMServ5.2.6\APMServ5.2.6\www\htdocs\hearainDisk\Lib\Action\IndexAction.class.php:1) D:\APMServ5.2.6\APMServ5.2.6\www\htdocs\ThinkPHP\Lib\Core\Action.class.php Á¨¨ 321 Ë°å.

[ 2014-05-17T15:31:35+08:00 ] 127.0.0.1 /index.php/Doc/index.html
INFO: [ route_check ] --START--
INFO: CheckRoute Behavior ::run [ RunTime:0.000714s ]
INFO: [ route_check ] --END-- [ RunTime:0.000899s ]
INFO: [ app_begin ] --START--
INFO: ReadHtmlCache Behavior ::run [ RunTime:0.000704s ]
INFO: [ app_begin ] --END-- [ RunTime:0.000843s ]
INFO: [ view_parse ] --START--
NOTIC: [8] Undefined variable: space D:\APMServ5.2.6\APMServ5.2.6\www\htdocs\hearainDisk\Runtime\Cache\951107bc5086cfff2469c97b5730e550.php Á¨¨ 396 Ë°å.
INFO: ParseTemplate Behavior ::run [ RunTime:0.068831s ]
INFO: [ view_parse ] --END-- [ RunTime:0.069006s ]
INFO: [ view_filter ] --START--
INFO: ContentReplace Behavior ::run [ RunTime:0.000669s ]
INFO: TokenBuild Behavior ::run [ RunTime:0.000472s ]
INFO: WriteHtmlCache Behavior ::run [ RunTime:0.000391s ]
INFO: ShowRuntime Behavior ::run [ RunTime:0.000529s ]
INFO: [ view_filter ] --END-- [ RunTime:0.002312s ]
INFO: [ view_end ] --START--
INFO: ShowPageTrace Behavior ::run [ RunTime:0.000449s ]
INFO: [ view_end ] --END-- [ RunTime:0.000553s ]

[ 2014-05-17T15:31:36+08:00 ] 127.0.0.1 /index.php/Index/doc.html
INFO: [ route_check ] --START--
INFO: CheckRoute Behavior ::run [ RunTime:0.000297s ]
INFO: [ route_check ] --END-- [ RunTime:0.000380s ]
INFO: [ app_begin ] --START--
INFO: ReadHtmlCache Behavior ::run [ RunTime:0.000289s ]
INFO: [ app_begin ] --END-- [ RunTime:0.000346s ]
SQL: SHOW COLUMNS FROM `disk_files` [ RunTime:0.002730s ]
SQL: SELECT * FROM `disk_files` WHERE ( user_name='admin' AND (type='doc' OR type='txt') ) ORDER BY time  [ RunTime:0.000723s ]
NOTIC: [2] Cannot modify header information - headers already sent by (output started at D:\APMServ5.2.6\APMServ5.2.6\www\htdocs\hearainDisk\Lib\Action\IndexAction.class.php:1) D:\APMServ5.2.6\APMServ5.2.6\www\htdocs\ThinkPHP\Lib\Core\Action.class.php Á¨¨ 321 Ë°å.

[ 2014-05-17T15:31:36+08:00 ] 127.0.0.1 /index.php/Mov/index.html
INFO: [ route_check ] --START--
INFO: CheckRoute Behavior ::run [ RunTime:0.000790s ]
INFO: [ route_check ] --END-- [ RunTime:0.001027s ]
INFO: [ app_begin ] --START--
INFO: ReadHtmlCache Behavior ::run [ RunTime:0.000586s ]
INFO: [ app_begin ] --END-- [ RunTime:0.000695s ]
INFO: [ view_parse ] --START--
NOTIC: [8] Undefined variable: space D:\APMServ5.2.6\APMServ5.2.6\www\htdocs\hearainDisk\Runtime\Cache\6cce1a5c75190c3e854119705f1a81da.php Á¨¨ 396 Ë°å.
INFO: ParseTemplate Behavior ::run [ RunTime:0.052479s ]
INFO: [ view_parse ] --END-- [ RunTime:0.052571s ]
INFO: [ view_filter ] --START--
INFO: ContentReplace Behavior ::run [ RunTime:0.000442s ]
INFO: TokenBuild Behavior ::run [ RunTime:0.000325s ]
INFO: WriteHtmlCache Behavior ::run [ RunTime:0.000257s ]
INFO: ShowRuntime Behavior ::run [ RunTime:0.000316s ]
INFO: [ view_filter ] --END-- [ RunTime:0.001505s ]
INFO: [ view_end ] --START--
INFO: ShowPageTrace Behavior ::run [ RunTime:0.000286s ]
INFO: [ view_end ] --END-- [ RunTime:0.000345s ]

[ 2014-05-17T15:31:36+08:00 ] 127.0.0.1 /index.php/Index/mov.html
INFO: [ route_check ] --START--
INFO: CheckRoute Behavior ::run [ RunTime:0.000375s ]
INFO: [ route_check ] --END-- [ RunTime:0.000493s ]
INFO: [ app_begin ] --START--
INFO: ReadHtmlCache Behavior ::run [ RunTime:0.000356s ]
INFO: [ app_begin ] --END-- [ RunTime:0.000429s ]
SQL: SHOW COLUMNS FROM `disk_files` [ RunTime:0.002813s ]
SQL: SELECT * FROM `disk_files` WHERE ( user_name='admin' AND (type='avi' OR type='mp4' OR type='rmvb' OR type='mov' OR type='wmv' OR type='3gp' OR type='flv') ) ORDER BY time  [ RunTime:0.000766s ]
NOTIC: [2] Cannot modify header information - headers already sent by (output started at D:\APMServ5.2.6\APMServ5.2.6\www\htdocs\hearainDisk\Lib\Action\IndexAction.class.php:1) D:\APMServ5.2.6\APMServ5.2.6\www\htdocs\ThinkPHP\Lib\Core\Action.class.php Á¨¨ 321 Ë°å.

[ 2014-05-17T15:31:37+08:00 ] 127.0.0.1 /index.php/Doc/index.html
INFO: [ route_check ] --START--
INFO: CheckRoute Behavior ::run [ RunTime:0.000436s ]
INFO: [ route_check ] --END-- [ RunTime:0.000565s ]
INFO: [ app_begin ] --START--
INFO: ReadHtmlCache Behavior ::run [ RunTime:0.000498s ]
INFO: [ app_begin ] --END-- [ RunTime:0.000622s ]
INFO: [ view_parse ] --START--
NOTIC: [8] Undefined variable: space D:\APMServ5.2.6\APMServ5.2.6\www\htdocs\hearainDisk\Runtime\Cache\951107bc5086cfff2469c97b5730e550.php Á¨¨ 396 Ë°å.
INFO: ParseTemplate Behavior ::run [ RunTime:0.053245s ]
INFO: [ view_parse ] --END-- [ RunTime:0.053364s ]
INFO: [ view_filter ] --START--
INFO: ContentReplace Behavior ::run [ RunTime:0.000605s ]
INFO: TokenBuild Behavior ::run [ RunTime:0.000551s ]
INFO: WriteHtmlCache Behavior ::run [ RunTime:0.000387s ]
INFO: ShowRuntime Behavior ::run [ RunTime:0.000461s ]
INFO: [ view_filter ] --END-- [ RunTime:0.002241s ]
INFO: [ view_end ] --START--
INFO: ShowPageTrace Behavior ::run [ RunTime:0.000428s ]
INFO: [ view_end ] --END-- [ RunTime:0.000514s ]

[ 2014-05-17T15:31:37+08:00 ] 127.0.0.1 /index.php/Index/doc.html
INFO: [ route_check ] --START--
INFO: CheckRoute Behavior ::run [ RunTime:0.000299s ]
INFO: [ route_check ] --END-- [ RunTime:0.000385s ]
INFO: [ app_begin ] --START--
INFO: ReadHtmlCache Behavior ::run [ RunTime:0.000287s ]
INFO: [ app_begin ] --END-- [ RunTime:0.000341s ]
SQL: SHOW COLUMNS FROM `disk_files` [ RunTime:0.002898s ]
SQL: SELECT * FROM `disk_files` WHERE ( user_name='admin' AND (type='doc' OR type='txt') ) ORDER BY time  [ RunTime:0.000843s ]
NOTIC: [2] Cannot modify header information - headers already sent by (output started at D:\APMServ5.2.6\APMServ5.2.6\www\htdocs\hearainDisk\Lib\Action\IndexAction.class.php:1) D:\APMServ5.2.6\APMServ5.2.6\www\htdocs\ThinkPHP\Lib\Core\Action.class.php Á¨¨ 321 Ë°å.

[ 2014-05-17T15:31:39+08:00 ] 127.0.0.1 /index.php/Pic/index.html
INFO: [ route_check ] --START--
INFO: CheckRoute Behavior ::run [ RunTime:0.000783s ]
INFO: [ route_check ] --END-- [ RunTime:0.000993s ]
INFO: [ app_begin ] --START--
INFO: ReadHtmlCache Behavior ::run [ RunTime:0.000761s ]
INFO: [ app_begin ] --END-- [ RunTime:0.000915s ]
INFO: [ view_parse ] --START--
NOTIC: [8] Undefined variable: space D:\APMServ5.2.6\APMServ5.2.6\www\htdocs\hearainDisk\Runtime\Cache\2ae5014e24cd35f6e8fa1281f54e6f84.php Á¨¨ 396 Ë°å.
INFO: ParseTemplate Behavior ::run [ RunTime:0.015001s ]
INFO: [ view_parse ] --END-- [ RunTime:0.015141s ]
INFO: [ view_filter ] --START--
INFO: ContentReplace Behavior ::run [ RunTime:0.000407s ]
INFO: TokenBuild Behavior ::run [ RunTime:0.000301s ]
INFO: WriteHtmlCache Behavior ::run [ RunTime:0.000247s ]
INFO: ShowRuntime Behavior ::run [ RunTime:0.000306s ]
INFO: [ view_filter ] --END-- [ RunTime:0.001416s ]
INFO: [ view_end ] --START--
INFO: ShowPageTrace Behavior ::run [ RunTime:0.000282s ]
INFO: [ view_end ] --END-- [ RunTime:0.000340s ]

[ 2014-05-17T15:31:40+08:00 ] 127.0.0.1 /index.php/Index/pic.html
INFO: [ route_check ] --START--
INFO: CheckRoute Behavior ::run [ RunTime:0.000443s ]
INFO: [ route_check ] --END-- [ RunTime:0.000565s ]
INFO: [ app_begin ] --START--
INFO: ReadHtmlCache Behavior ::run [ RunTime:0.000458s ]
INFO: [ app_begin ] --END-- [ RunTime:0.000541s ]
SQL: SHOW COLUMNS FROM `disk_files` [ RunTime:0.002718s ]
SQL: SELECT * FROM `disk_files` WHERE ( user_name='admin' AND (type='jpg' OR type='png' OR type='gif') ) ORDER BY time  [ RunTime:0.001157s ]
NOTIC: [2] Cannot modify header information - headers already sent by (output started at D:\APMServ5.2.6\APMServ5.2.6\www\htdocs\hearainDisk\Lib\Action\IndexAction.class.php:1) D:\APMServ5.2.6\APMServ5.2.6\www\htdocs\ThinkPHP\Lib\Core\Action.class.php Á¨¨ 321 Ë°å.

[ 2014-05-17T15:31:42+08:00 ] 127.0.0.1 /index.php/Mov/index.html
INFO: [ route_check ] --START--
INFO: CheckRoute Behavior ::run [ RunTime:0.000772s ]
INFO: [ route_check ] --END-- [ RunTime:0.000972s ]
INFO: [ app_begin ] --START--
INFO: ReadHtmlCache Behavior ::run [ RunTime:0.000895s ]
INFO: [ app_begin ] --END-- [ RunTime:0.001059s ]
INFO: [ view_parse ] --START--
NOTIC: [8] Undefined variable: space D:\APMServ5.2.6\APMServ5.2.6\www\htdocs\hearainDisk\Runtime\Cache\6cce1a5c75190c3e854119705f1a81da.php Á¨¨ 396 Ë°å.
INFO: ParseTemplate Behavior ::run [ RunTime:0.014686s ]
INFO: [ view_parse ] --END-- [ RunTime:0.014827s ]
INFO: [ view_filter ] --START--
INFO: ContentReplace Behavior ::run [ RunTime:0.000420s ]
INFO: TokenBuild Behavior ::run [ RunTime:0.000297s ]
INFO: WriteHtmlCache Behavior ::run [ RunTime:0.000243s ]
INFO: ShowRuntime Behavior ::run [ RunTime:0.000306s ]
INFO: [ view_filter ] --END-- [ RunTime:0.001423s ]
INFO: [ view_end ] --START--
INFO: ShowPageTrace Behavior ::run [ RunTime:0.000282s ]
INFO: [ view_end ] --END-- [ RunTime:0.000339s ]

[ 2014-05-17T15:31:42+08:00 ] 127.0.0.1 /index.php/Index/mov.html
INFO: [ route_check ] --START--
INFO: CheckRoute Behavior ::run [ RunTime:0.000301s ]
INFO: [ route_check ] --END-- [ RunTime:0.000388s ]
INFO: [ app_begin ] --START--
INFO: ReadHtmlCache Behavior ::run [ RunTime:0.000301s ]
INFO: [ app_begin ] --END-- [ RunTime:0.000355s ]
SQL: SHOW COLUMNS FROM `disk_files` [ RunTime:0.002804s ]
SQL: SELECT * FROM `disk_files` WHERE ( user_name='admin' AND (type='avi' OR type='mp4' OR type='rmvb' OR type='mov' OR type='wmv' OR type='3gp' OR type='flv') ) ORDER BY time  [ RunTime:0.000747s ]
NOTIC: [2] Cannot modify header information - headers already sent by (output started at D:\APMServ5.2.6\APMServ5.2.6\www\htdocs\hearainDisk\Lib\Action\IndexAction.class.php:1) D:\APMServ5.2.6\APMServ5.2.6\www\htdocs\ThinkPHP\Lib\Core\Action.class.php Á¨¨ 321 Ë°å.

[ 2014-05-17T15:31:44+08:00 ] 127.0.0.1 /index.php/Musi/index.html
INFO: [ route_check ] --START--
INFO: CheckRoute Behavior ::run [ RunTime:0.000757s ]
INFO: [ route_check ] --END-- [ RunTime:0.000947s ]
INFO: [ app_begin ] --START--
INFO: ReadHtmlCache Behavior ::run [ RunTime:0.000714s ]
INFO: [ app_begin ] --END-- [ RunTime:0.000857s ]
INFO: [ view_parse ] --START--
NOTIC: [8] Undefined variable: space D:\APMServ5.2.6\APMServ5.2.6\www\htdocs\hearainDisk\Runtime\Cache\393a69292249314b1625a454f551efa1.php Á¨¨ 396 Ë°å.
INFO: ParseTemplate Behavior ::run [ RunTime:0.075976s ]
INFO: [ view_parse ] --END-- [ RunTime:0.076211s ]
INFO: [ view_filter ] --START--
INFO: ContentReplace Behavior ::run [ RunTime:0.001107s ]
INFO: TokenBuild Behavior ::run [ RunTime:0.000789s ]
INFO: WriteHtmlCache Behavior ::run [ RunTime:0.000652s ]
INFO: ShowRuntime Behavior ::run [ RunTime:0.000831s ]
INFO: [ view_filter ] --END-- [ RunTime:0.003802s ]
INFO: [ view_end ] --START--
INFO: ShowPageTrace Behavior ::run [ RunTime:0.000762s ]
INFO: [ view_end ] --END-- [ RunTime:0.000915s ]

[ 2014-05-17T15:31:44+08:00 ] 127.0.0.1 /index.php/Index/musi.html
INFO: [ route_check ] --START--
INFO: CheckRoute Behavior ::run [ RunTime:0.000316s ]
INFO: [ route_check ] --END-- [ RunTime:0.000410s ]
INFO: [ app_begin ] --START--
INFO: ReadHtmlCache Behavior ::run [ RunTime:0.000457s ]
INFO: [ app_begin ] --END-- [ RunTime:0.000534s ]
SQL: SHOW COLUMNS FROM `disk_files` [ RunTime:0.002693s ]
SQL: SELECT * FROM `disk_files` WHERE ( user_name='admin' AND (type='mp3' OR type='wma' OR type='aac') ) ORDER BY time  [ RunTime:0.001175s ]
NOTIC: [2] Cannot modify header information - headers already sent by (output started at D:\APMServ5.2.6\APMServ5.2.6\www\htdocs\hearainDisk\Lib\Action\IndexAction.class.php:1) D:\APMServ5.2.6\APMServ5.2.6\www\htdocs\ThinkPHP\Lib\Core\Action.class.php Á¨¨ 321 Ë°å.

[ 2014-05-17T15:31:45+08:00 ] 127.0.0.1 /index.php/Other/index.html
INFO: [ route_check ] --START--
INFO: CheckRoute Behavior ::run [ RunTime:0.000468s ]
INFO: [ route_check ] --END-- [ RunTime:0.000657s ]
INFO: [ app_begin ] --START--
INFO: ReadHtmlCache Behavior ::run [ RunTime:0.000444s ]
INFO: [ app_begin ] --END-- [ RunTime:0.000533s ]
INFO: [ view_parse ] --START--
NOTIC: [8] Undefined variable: space D:\APMServ5.2.6\APMServ5.2.6\www\htdocs\hearainDisk\Runtime\Cache\ad45f857350de64ebae21e7c8c9e28f6.php Á¨¨ 396 Ë°å.
INFO: ParseTemplate Behavior ::run [ RunTime:0.038277s ]
INFO: [ view_parse ] --END-- [ RunTime:0.038493s ]
INFO: [ view_filter ] --START--
INFO: ContentReplace Behavior ::run [ RunTime:0.000923s ]
INFO: TokenBuild Behavior ::run [ RunTime:0.000673s ]
INFO: WriteHtmlCache Behavior ::run [ RunTime:0.000582s ]
INFO: ShowRuntime Behavior ::run [ RunTime:0.000712s ]
INFO: [ view_filter ] --END-- [ RunTime:0.003240s ]
INFO: [ view_end ] --START--
INFO: ShowPageTrace Behavior ::run [ RunTime:0.000644s ]
INFO: [ view_end ] --END-- [ RunTime:0.000787s ]

[ 2014-05-17T15:31:45+08:00 ] 127.0.0.1 /index.php/Index/other.html
INFO: [ route_check ] --START--
INFO: CheckRoute Behavior ::run [ RunTime:0.000432s ]
INFO: [ route_check ] --END-- [ RunTime:0.000550s ]
INFO: [ app_begin ] --START--
INFO: ReadHtmlCache Behavior ::run [ RunTime:0.000426s ]
INFO: [ app_begin ] --END-- [ RunTime:0.000509s ]
SQL: SHOW COLUMNS FROM `disk_files` [ RunTime:0.002944s ]
SQL: SELECT * FROM `disk_files` WHERE ( user_name='admin' AND type!='doc' AND type!='txt' AND type!='jpg' AND type!='png' AND type!='gif' AND type!='torrent' AND type!='mp3' AND type!='wma' AND type!='aac' AND type!='avi' AND type!='mp4' AND type!='rmvb' AND type!='mov' AND type!='wmv' AND type!='3gp' AND type!='flv' ) ORDER BY time  [ RunTime:0.000782s ]
NOTIC: [2] Cannot modify header information - headers already sent by (output started at D:\APMServ5.2.6\APMServ5.2.6\www\htdocs\hearainDisk\Lib\Action\IndexAction.class.php:1) D:\APMServ5.2.6\APMServ5.2.6\www\htdocs\ThinkPHP\Lib\Core\Action.class.php Á¨¨ 321 Ë°å.

[ 2014-05-17T15:31:49+08:00 ] 127.0.0.1 /index.php/Index/index.html
INFO: [ route_check ] --START--
INFO: CheckRoute Behavior ::run [ RunTime:0.000489s ]
INFO: [ route_check ] --END-- [ RunTime:0.000617s ]
INFO: [ app_begin ] --START--
INFO: ReadHtmlCache Behavior ::run [ RunTime:0.000494s ]
INFO: [ app_begin ] --END-- [ RunTime:0.000595s ]
SQL: select sum(file_size) as space from disk_files where user_name='admin' [ RunTime:0.000578s ]
INFO: [ view_parse ] --START--
INFO: ParseTemplate Behavior ::run [ RunTime:0.022044s ]
INFO: [ view_parse ] --END-- [ RunTime:0.022153s ]
INFO: [ view_filter ] --START--
INFO: ContentReplace Behavior ::run [ RunTime:0.000433s ]
INFO: TokenBuild Behavior ::run [ RunTime:0.000309s ]
INFO: WriteHtmlCache Behavior ::run [ RunTime:0.000259s ]
INFO: ShowRuntime Behavior ::run [ RunTime:0.000318s ]
INFO: [ view_filter ] --END-- [ RunTime:0.001482s ]
NOTIC: [2] Cannot modify header information - headers already sent by (output started at D:\APMServ5.2.6\APMServ5.2.6\www\htdocs\hearainDisk\Lib\Action\IndexAction.class.php:1) D:\APMServ5.2.6\APMServ5.2.6\www\htdocs\ThinkPHP\Lib\Core\View.class.php Á¨¨ 95 Ë°å.
NOTIC: [2] Cannot modify header information - headers already sent by (output started at D:\APMServ5.2.6\APMServ5.2.6\www\htdocs\hearainDisk\Lib\Action\IndexAction.class.php:1) D:\APMServ5.2.6\APMServ5.2.6\www\htdocs\ThinkPHP\Lib\Core\View.class.php Á¨¨ 96 Ë°å.
NOTIC: [2] Cannot modify header information - headers already sent by (output started at D:\APMServ5.2.6\APMServ5.2.6\www\htdocs\hearainDisk\Lib\Action\IndexAction.class.php:1) D:\APMServ5.2.6\APMServ5.2.6\www\htdocs\ThinkPHP\Lib\Core\View.class.php Á¨¨ 97 Ë°å.
INFO: [ view_end ] --START--
INFO: ShowPageTrace Behavior ::run [ RunTime:0.000293s ]
INFO: [ view_end ] --END-- [ RunTime:0.000353s ]

[ 2014-05-17T15:31:49+08:00 ] 127.0.0.1 /index.php/Index/files.html
INFO: [ route_check ] --START--
INFO: CheckRoute Behavior ::run [ RunTime:0.000294s ]
INFO: [ route_check ] --END-- [ RunTime:0.000375s ]
INFO: [ app_begin ] --START--
INFO: ReadHtmlCache Behavior ::run [ RunTime:0.000286s ]
INFO: [ app_begin ] --END-- [ RunTime:0.000339s ]
SQL: SHOW COLUMNS FROM `disk_files` [ RunTime:0.002793s ]
SQL: SELECT * FROM `disk_files` WHERE ( user_name='admin' ) ORDER BY time  [ RunTime:0.001028s ]
NOTIC: [2] Cannot modify header information - headers already sent by (output started at D:\APMServ5.2.6\APMServ5.2.6\www\htdocs\hearainDisk\Lib\Action\IndexAction.class.php:1) D:\APMServ5.2.6\APMServ5.2.6\www\htdocs\ThinkPHP\Lib\Core\Action.class.php Á¨¨ 321 Ë°å.

[ 2014-05-17T15:31:51+08:00 ] 127.0.0.1 /index.php/Login/logout.html
INFO: [ route_check ] --START--
INFO: CheckRoute Behavior ::run [ RunTime:0.000310s ]
INFO: [ route_check ] --END-- [ RunTime:0.000398s ]
INFO: [ app_begin ] --START--
INFO: ReadHtmlCache Behavior ::run [ RunTime:0.000294s ]
INFO: [ app_begin ] --END-- [ RunTime:0.000356s ]

[ 2014-05-17T15:31:51+08:00 ] 127.0.0.1 /index.php/Login/index.html
INFO: [ route_check ] --START--
INFO: CheckRoute Behavior ::run [ RunTime:0.000293s ]
INFO: [ route_check ] --END-- [ RunTime:0.000373s ]
INFO: [ app_begin ] --START--
INFO: ReadHtmlCache Behavior ::run [ RunTime:0.000286s ]
INFO: [ app_begin ] --END-- [ RunTime:0.000343s ]
INFO: [ view_parse ] --START--
INFO: ParseTemplate Behavior ::run [ RunTime:0.008739s ]
INFO: [ view_parse ] --END-- [ RunTime:0.008829s ]
INFO: [ view_filter ] --START--
INFO: ContentReplace Behavior ::run [ RunTime:0.000347s ]
INFO: TokenBuild Behavior ::run [ RunTime:0.000289s ]
INFO: WriteHtmlCache Behavior ::run [ RunTime:0.000245s ]
INFO: ShowRuntime Behavior ::run [ RunTime:0.000291s ]
INFO: [ view_filter ] --END-- [ RunTime:0.001332s ]
INFO: [ view_end ] --START--
INFO: ShowPageTrace Behavior ::run [ RunTime:0.000270s ]
INFO: [ view_end ] --END-- [ RunTime:0.000322s ]

[ 2014-05-17T15:31:51+08:00 ] 127.0.0.1 /index.php/Login/index.html
INFO: [ route_check ] --START--
INFO: CheckRoute Behavior ::run [ RunTime:0.000339s ]
INFO: [ route_check ] --END-- [ RunTime:0.000432s ]
INFO: [ app_begin ] --START--
INFO: ReadHtmlCache Behavior ::run [ RunTime:0.000308s ]
INFO: [ app_begin ] --END-- [ RunTime:0.000367s ]
INFO: [ view_parse ] --START--
INFO: ParseTemplate Behavior ::run [ RunTime:0.006860s ]
INFO: [ view_parse ] --END-- [ RunTime:0.006951s ]
INFO: [ view_filter ] --START--
INFO: ContentReplace Behavior ::run [ RunTime:0.000332s ]
INFO: TokenBuild Behavior ::run [ RunTime:0.000287s ]
INFO: WriteHtmlCache Behavior ::run [ RunTime:0.000249s ]
INFO: ShowRuntime Behavior ::run [ RunTime:0.000292s ]
INFO: [ view_filter ] --END-- [ RunTime:0.001319s ]
INFO: [ view_end ] --START--
INFO: ShowPageTrace Behavior ::run [ RunTime:0.000271s ]
INFO: [ view_end ] --END-- [ RunTime:0.000325s ]

[ 2014-05-17T15:31:53+08:00 ] 127.0.0.1 /index.php/Register/index.html
INFO: [ route_check ] --START--
INFO: CheckRoute Behavior ::run [ RunTime:0.002488s ]
INFO: [ route_check ] --END-- [ RunTime:0.002703s ]
INFO: [ app_begin ] --START--
INFO: ReadHtmlCache Behavior ::run [ RunTime:0.002082s ]
INFO: [ app_begin ] --END-- [ RunTime:0.002240s ]
INFO: [ view_parse ] --START--
INFO: ParseTemplate Behavior ::run [ RunTime:0.067593s ]
INFO: [ view_parse ] --END-- [ RunTime:0.067770s ]
INFO: [ view_filter ] --START--
INFO: ContentReplace Behavior ::run [ RunTime:0.001391s ]
INFO: TokenBuild Behavior ::run [ RunTime:0.001220s ]
INFO: WriteHtmlCache Behavior ::run [ RunTime:0.001184s ]
INFO: ShowRuntime Behavior ::run [ RunTime:0.001212s ]
INFO: [ view_filter ] --END-- [ RunTime:0.005246s ]
INFO: [ view_end ] --START--
INFO: ShowPageTrace Behavior ::run [ RunTime:0.001181s ]
INFO: [ view_end ] --END-- [ RunTime:0.001261s ]

[ 2014-05-17T15:32:07+08:00 ] 127.0.0.1 /index.php/Register/register.html?loginname=aaaaaa&passwd=1234
INFO: [ route_check ] --START--
INFO: CheckRoute Behavior ::run [ RunTime:0.000712s ]
INFO: [ route_check ] --END-- [ RunTime:0.000900s ]
INFO: [ app_begin ] --START--
INFO: ReadHtmlCache Behavior ::run [ RunTime:0.000694s ]
INFO: [ app_begin ] --END-- [ RunTime:0.000822s ]
NOTIC: Âª∫ËÆÆ‰ΩøÁî®IÊñπÊ≥ïÊõø‰ª£_get
NOTIC: Âª∫ËÆÆ‰ΩøÁî®IÊñπÊ≥ïÊõø‰ª£_get
SQL: SHOW COLUMNS FROM `disk_login` [ RunTime:0.006294s ]
SQL: INSERT INTO `disk_login` (`user_name`,`pwd`) VALUES ('aaaaaa','1234') [ RunTime:0.001857s ]

[ 2014-05-17T15:32:07+08:00 ] 127.0.0.1 /index.php/Index/index.html
INFO: [ route_check ] --START--
INFO: CheckRoute Behavior ::run [ RunTime:0.000345s ]
INFO: [ route_check ] --END-- [ RunTime:0.000472s ]
INFO: [ app_begin ] --START--
INFO: ReadHtmlCache Behavior ::run [ RunTime:0.000286s ]
INFO: [ app_begin ] --END-- [ RunTime:0.000345s ]
SQL: select sum(file_size) as space from disk_files where user_name='aaaaaa' [ RunTime:0.000297s ]
INFO: [ view_parse ] --START--
INFO: ParseTemplate Behavior ::run [ RunTime:0.016255s ]
INFO: [ view_parse ] --END-- [ RunTime:0.016343s ]
INFO: [ view_filter ] --START--
INFO: ContentReplace Behavior ::run [ RunTime:0.000419s ]
INFO: TokenBuild Behavior ::run [ RunTime:0.000294s ]
INFO: WriteHtmlCache Behavior ::run [ RunTime:0.000243s ]
INFO: ShowRuntime Behavior ::run [ RunTime:0.000307s ]
INFO: [ view_filter ] --END-- [ RunTime:0.001416s ]
NOTIC: [2] Cannot modify header information - headers already sent by (output started at D:\APMServ5.2.6\APMServ5.2.6\www\htdocs\hearainDisk\Lib\Action\IndexAction.class.php:1) D:\APMServ5.2.6\APMServ5.2.6\www\htdocs\ThinkPHP\Lib\Core\View.class.php Á¨¨ 95 Ë°å.
NOTIC: [2] Cannot modify header information - headers already sent by (output started at D:\APMServ5.2.6\APMServ5.2.6\www\htdocs\hearainDisk\Lib\Action\IndexAction.class.php:1) D:\APMServ5.2.6\APMServ5.2.6\www\htdocs\ThinkPHP\Lib\Core\View.class.php Á¨¨ 96 Ë°å.
NOTIC: [2] Cannot modify header information - headers already sent by (output started at D:\APMServ5.2.6\APMServ5.2.6\www\htdocs\hearainDisk\Lib\Action\IndexAction.class.php:1) D:\APMServ5.2.6\APMServ5.2.6\www\htdocs\ThinkPHP\Lib\Core\View.class.php Á¨¨ 97 Ë°å.
INFO: [ view_end ] --START--
INFO: ShowPageTrace Behavior ::run [ RunTime:0.000277s ]
INFO: [ view_end ] --END-- [ RunTime:0.000334s ]

[ 2014-05-17T15:32:07+08:00 ] 127.0.0.1 /index.php/Index/files.html
INFO: [ route_check ] --START--
INFO: CheckRoute Behavior ::run [ RunTime:0.000411s ]
INFO: [ route_check ] --END-- [ RunTime:0.000539s ]
INFO: [ app_begin ] --START--
INFO: ReadHtmlCache Behavior ::run [ RunTime:0.000427s ]
INFO: [ app_begin ] --END-- [ RunTime:0.000504s ]
SQL: SHOW COLUMNS FROM `disk_files` [ RunTime:0.002697s ]
SQL: SELECT * FROM `disk_files` WHERE ( user_name='aaaaaa' ) ORDER BY time  [ RunTime:0.000632s ]
NOTIC: [2] Cannot modify header information - headers already sent by (output started at D:\APMServ5.2.6\APMServ5.2.6\www\htdocs\hearainDisk\Lib\Action\IndexAction.class.php:1) D:\APMServ5.2.6\APMServ5.2.6\www\htdocs\ThinkPHP\Lib\Core\Action.class.php Á¨¨ 321 Ë°å.

[ 2014-05-17T15:32:10+08:00 ] 127.0.0.1 /index.php/Pic/index.html
INFO: [ route_check ] --START--
INFO: CheckRoute Behavior ::run [ RunTime:0.000775s ]
INFO: [ route_check ] --END-- [ RunTime:0.000994s ]
INFO: [ app_begin ] --START--
INFO: ReadHtmlCache Behavior ::run [ RunTime:0.000712s ]
INFO: [ app_begin ] --END-- [ RunTime:0.000859s ]
INFO: [ view_parse ] --START--
NOTIC: [8] Undefined variable: space D:\APMServ5.2.6\APMServ5.2.6\www\htdocs\hearainDisk\Runtime\Cache\2ae5014e24cd35f6e8fa1281f54e6f84.php Á¨¨ 396 Ë°å.
INFO: ParseTemplate Behavior ::run [ RunTime:0.030248s ]
INFO: [ view_parse ] --END-- [ RunTime:0.030489s ]
INFO: [ view_filter ] --START--
INFO: ContentReplace Behavior ::run [ RunTime:0.000671s ]
INFO: TokenBuild Behavior ::run [ RunTime:0.000478s ]
INFO: WriteHtmlCache Behavior ::run [ RunTime:0.000390s ]
INFO: ShowRuntime Behavior ::run [ RunTime:0.000485s ]
INFO: [ view_filter ] --END-- [ RunTime:0.002289s ]
INFO: [ view_end ] --START--
INFO: ShowPageTrace Behavior ::run [ RunTime:0.000446s ]
INFO: [ view_end ] --END-- [ RunTime:0.000539s ]

[ 2014-05-17T15:32:10+08:00 ] 127.0.0.1 /index.php/Index/pic.html
INFO: [ route_check ] --START--
INFO: CheckRoute Behavior ::run [ RunTime:0.000294s ]
INFO: [ route_check ] --END-- [ RunTime:0.000376s ]
INFO: [ app_begin ] --START--
INFO: ReadHtmlCache Behavior ::run [ RunTime:0.000284s ]
INFO: [ app_begin ] --END-- [ RunTime:0.000336s ]
SQL: SHOW COLUMNS FROM `disk_files` [ RunTime:0.003232s ]
SQL: SELECT * FROM `disk_files` WHERE ( user_name='aaaaaa' AND (type='jpg' OR type='png' OR type='gif') ) ORDER BY time  [ RunTime:0.000822s ]
NOTIC: [2] Cannot modify header information - headers already sent by (output started at D:\APMServ5.2.6\APMServ5.2.6\www\htdocs\hearainDisk\Lib\Action\IndexAction.class.php:1) D:\APMServ5.2.6\APMServ5.2.6\www\htdocs\ThinkPHP\Lib\Core\Action.class.php Á¨¨ 321 Ë°å.

[ 2014-05-17T15:32:11+08:00 ] 127.0.0.1 /index.php/Mov/index.html
INFO: [ route_check ] --START--
INFO: CheckRoute Behavior ::run [ RunTime:0.000751s ]
INFO: [ route_check ] --END-- [ RunTime:0.000958s ]
INFO: [ app_begin ] --START--
INFO: ReadHtmlCache Behavior ::run [ RunTime:0.000743s ]
INFO: [ app_begin ] --END-- [ RunTime:0.000896s ]
INFO: [ view_parse ] --START--
NOTIC: [8] Undefined variable: space D:\APMServ5.2.6\APMServ5.2.6\www\htdocs\hearainDisk\Runtime\Cache\6cce1a5c75190c3e854119705f1a81da.php Á¨¨ 396 Ë°å.
INFO: ParseTemplate Behavior ::run [ RunTime:0.022597s ]
INFO: [ view_parse ] --END-- [ RunTime:0.022724s ]
INFO: [ view_filter ] --START--
INFO: ContentReplace Behavior ::run [ RunTime:0.000637s ]
INFO: TokenBuild Behavior ::run [ RunTime:0.000456s ]
INFO: WriteHtmlCache Behavior ::run [ RunTime:0.000390s ]
INFO: ShowRuntime Behavior ::run [ RunTime:0.000487s ]
INFO: [ view_filter ] --END-- [ RunTime:0.002225s ]
INFO: [ view_end ] --START--
INFO: ShowPageTrace Behavior ::run [ RunTime:0.000494s ]
INFO: [ view_end ] --END-- [ RunTime:0.000594s ]

[ 2014-05-17T15:32:11+08:00 ] 127.0.0.1 /index.php/Index/mov.html
INFO: [ route_check ] --START--
INFO: CheckRoute Behavior ::run [ RunTime:0.000289s ]
INFO: [ route_check ] --END-- [ RunTime:0.000371s ]
INFO: [ app_begin ] --START--
INFO: ReadHtmlCache Behavior ::run [ RunTime:0.000287s ]
INFO: [ app_begin ] --END-- [ RunTime:0.000350s ]
SQL: SHOW COLUMNS FROM `disk_files` [ RunTime:0.003146s ]
SQL: SELECT * FROM `disk_files` WHERE ( user_name='aaaaaa' AND (type='avi' OR type='mp4' OR type='rmvb' OR type='mov' OR type='wmv' OR type='3gp' OR type='flv') ) ORDER BY time  [ RunTime:0.000625s ]
NOTIC: [2] Cannot modify header information - headers already sent by (output started at D:\APMServ5.2.6\APMServ5.2.6\www\htdocs\hearainDisk\Lib\Action\IndexAction.class.php:1) D:\APMServ5.2.6\APMServ5.2.6\www\htdocs\ThinkPHP\Lib\Core\Action.class.php Á¨¨ 321 Ë°å.

[ 2014-05-17T15:32:11+08:00 ] 127.0.0.1 /index.php/Musi/index.html
INFO: [ route_check ] --START--
INFO: CheckRoute Behavior ::run [ RunTime:0.000650s ]
INFO: [ route_check ] --END-- [ RunTime:0.000817s ]
INFO: [ app_begin ] --START--
INFO: ReadHtmlCache Behavior ::run [ RunTime:0.000630s ]
INFO: [ app_begin ] --END-- [ RunTime:0.000759s ]
INFO: [ view_parse ] --START--
NOTIC: [8] Undefined variable: space D:\APMServ5.2.6\APMServ5.2.6\www\htdocs\hearainDisk\Runtime\Cache\393a69292249314b1625a454f551efa1.php Á¨¨ 396 Ë°å.
INFO: ParseTemplate Behavior ::run [ RunTime:0.022281s ]
INFO: [ view_parse ] --END-- [ RunTime:0.022416s ]
INFO: [ view_filter ] --START--
INFO: ContentReplace Behavior ::run [ RunTime:0.000407s ]
INFO: TokenBuild Behavior ::run [ RunTime:0.000285s ]
INFO: WriteHtmlCache Behavior ::run [ RunTime:0.000247s ]
INFO: ShowRuntime Behavior ::run [ RunTime:0.000300s ]
INFO: [ view_filter ] --END-- [ RunTime:0.001392s ]
INFO: [ view_end ] --START--
INFO: ShowPageTrace Behavior ::run [ RunTime:0.000284s ]
INFO: [ view_end ] --END-- [ RunTime:0.000341s ]

[ 2014-05-17T15:32:11+08:00 ] 127.0.0.1 /index.php/Index/musi.html
INFO: [ route_check ] --START--
INFO: CheckRoute Behavior ::run [ RunTime:0.000426s ]
INFO: [ route_check ] --END-- [ RunTime:0.000555s ]
INFO: [ app_begin ] --START--
INFO: ReadHtmlCache Behavior ::run [ RunTime:0.000387s ]
INFO: [ app_begin ] --END-- [ RunTime:0.000454s ]
SQL: SHOW COLUMNS FROM `disk_files` [ RunTime:0.002615s ]
SQL: SELECT * FROM `disk_files` WHERE ( user_name='aaaaaa' AND (type='mp3' OR type='wma' OR type='aac') ) ORDER BY time  [ RunTime:0.001056s ]
NOTIC: [2] Cannot modify header information - headers already sent by (output started at D:\APMServ5.2.6\APMServ5.2.6\www\htdocs\hearainDisk\Lib\Action\IndexAction.class.php:1) D:\APMServ5.2.6\APMServ5.2.6\www\htdocs\ThinkPHP\Lib\Core\Action.class.php Á¨¨ 321 Ë°å.

[ 2014-05-17T15:32:12+08:00 ] 127.0.0.1 /index.php/Pic/index.html
INFO: [ route_check ] --START--
INFO: CheckRoute Behavior ::run [ RunTime:0.000771s ]
INFO: [ route_check ] --END-- [ RunTime:0.000968s ]
INFO: [ app_begin ] --START--
INFO: ReadHtmlCache Behavior ::run [ RunTime:0.000747s ]
INFO: [ app_begin ] --END-- [ RunTime:0.000905s ]
INFO: [ view_parse ] --START--
NOTIC: [8] Undefined variable: space D:\APMServ5.2.6\APMServ5.2.6\www\htdocs\hearainDisk\Runtime\Cache\2ae5014e24cd35f6e8fa1281f54e6f84.php Á¨¨ 396 Ë°å.
INFO: ParseTemplate Behavior ::run [ RunTime:0.019098s ]
INFO: [ view_parse ] --END-- [ RunTime:0.019236s ]
INFO: [ view_filter ] --START--
INFO: ContentReplace Behavior ::run [ RunTime:0.000394s ]
INFO: TokenBuild Behavior ::run [ RunTime:0.000289s ]
INFO: WriteHtmlCache Behavior ::run [ RunTime:0.000237s ]
INFO: ShowRuntime Behavior ::run [ RunTime:0.000299s ]
INFO: [ view_filter ] --END-- [ RunTime:0.001372s ]
INFO: [ view_end ] --START--
INFO: ShowPageTrace Behavior ::run [ RunTime:0.000272s ]
INFO: [ view_end ] --END-- [ RunTime:0.000329s ]

[ 2014-05-17T15:32:12+08:00 ] 127.0.0.1 /index.php/Index/pic.html
INFO: [ route_check ] --START--
INFO: CheckRoute Behavior ::run [ RunTime:0.000285s ]
INFO: [ route_check ] --END-- [ RunTime:0.000365s ]
INFO: [ app_begin ] --START--
INFO: ReadHtmlCache Behavior ::run [ RunTime:0.000281s ]
INFO: [ app_begin ] --END-- [ RunTime:0.000334s ]
SQL: SHOW COLUMNS FROM `disk_files` [ RunTime:0.002640s ]
SQL: SELECT * FROM `disk_files` WHERE ( user_name='aaaaaa' AND (type='jpg' OR type='png' OR type='gif') ) ORDER BY time  [ RunTime:0.000695s ]
NOTIC: [2] Cannot modify header information - headers already sent by (output started at D:\APMServ5.2.6\APMServ5.2.6\www\htdocs\hearainDisk\Lib\Action\IndexAction.class.php:1) D:\APMServ5.2.6\APMServ5.2.6\www\htdocs\ThinkPHP\Lib\Core\Action.class.php Á¨¨ 321 Ë°å.

[ 2014-05-17T15:32:12+08:00 ] 127.0.0.1 /index.php/Bt/index.html
INFO: [ route_check ] --START--
INFO: CheckRoute Behavior ::run [ RunTime:0.000457s ]
INFO: [ route_check ] --END-- [ RunTime:0.000590s ]
INFO: [ app_begin ] --START--
INFO: ReadHtmlCache Behavior ::run [ RunTime:0.000476s ]
INFO: [ app_begin ] --END-- [ RunTime:0.000580s ]
INFO: [ view_parse ] --START--
NOTIC: [8] Undefined variable: space D:\APMServ5.2.6\APMServ5.2.6\www\htdocs\hearainDisk\Runtime\Cache\8db591ca46b7a303ea5355cf846af4ff.php Á¨¨ 396 Ë°å.
INFO: ParseTemplate Behavior ::run [ RunTime:0.022144s ]
INFO: [ view_parse ] --END-- [ RunTime:0.022263s ]
INFO: [ view_filter ] --START--
INFO: ContentReplace Behavior ::run [ RunTime:0.000408s ]
INFO: TokenBuild Behavior ::run [ RunTime:0.000293s ]
INFO: WriteHtmlCache Behavior ::run [ RunTime:0.000246s ]
INFO: ShowRuntime Behavior ::run [ RunTime:0.000310s ]
INFO: [ view_filter ] --END-- [ RunTime:0.001413s ]
INFO: [ view_end ] --START--
INFO: ShowPageTrace Behavior ::run [ RunTime:0.000328s ]
INFO: [ view_end ] --END-- [ RunTime:0.000389s ]

[ 2014-05-17T15:32:12+08:00 ] 127.0.0.1 /index.php/Index/bt.html
INFO: [ route_check ] --START--
INFO: CheckRoute Behavior ::run [ RunTime:0.000328s ]
INFO: [ route_check ] --END-- [ RunTime:0.000418s ]
INFO: [ app_begin ] --START--
INFO: ReadHtmlCache Behavior ::run [ RunTime:0.000286s ]
INFO: [ app_begin ] --END-- [ RunTime:0.000339s ]
SQL: SHOW COLUMNS FROM `disk_files` [ RunTime:0.002724s ]
SQL: SELECT * FROM `disk_files` WHERE ( user_name='aaaaaa' AND type='torrent' ) ORDER BY time  [ RunTime:0.000540s ]
NOTIC: [2] Cannot modify header information - headers already sent by (output started at D:\APMServ5.2.6\APMServ5.2.6\www\htdocs\hearainDisk\Lib\Action\IndexAction.class.php:1) D:\APMServ5.2.6\APMServ5.2.6\www\htdocs\ThinkPHP\Lib\Core\Action.class.php Á¨¨ 321 Ë°å.

[ 2014-05-17T15:32:12+08:00 ] 127.0.0.1 /index.php/Doc/index.html
INFO: [ route_check ] --START--
INFO: CheckRoute Behavior ::run [ RunTime:0.000290s ]
INFO: [ route_check ] --END-- [ RunTime:0.000367s ]
INFO: [ app_begin ] --START--
INFO: ReadHtmlCache Behavior ::run [ RunTime:0.000324s ]
INFO: [ app_begin ] --END-- [ RunTime:0.000387s ]
INFO: [ view_parse ] --START--
NOTIC: [8] Undefined variable: space D:\APMServ5.2.6\APMServ5.2.6\www\htdocs\hearainDisk\Runtime\Cache\951107bc5086cfff2469c97b5730e550.php Á¨¨ 396 Ë°å.
INFO: ParseTemplate Behavior ::run [ RunTime:0.016036s ]
INFO: [ view_parse ] --END-- [ RunTime:0.016132s ]
INFO: [ view_filter ] --START--
INFO: ContentReplace Behavior ::run [ RunTime:0.000523s ]
INFO: TokenBuild Behavior ::run [ RunTime:0.000296s ]
INFO: WriteHtmlCache Behavior ::run [ RunTime:0.000244s ]
INFO: ShowRuntime Behavior ::run [ RunTime:0.000305s ]
INFO: [ view_filter ] --END-- [ RunTime:0.001531s ]
INFO: [ view_end ] --START--
INFO: ShowPageTrace Behavior ::run [ RunTime:0.000276s ]
INFO: [ view_end ] --END-- [ RunTime:0.000334s ]

[ 2014-05-17T15:32:12+08:00 ] 127.0.0.1 /index.php/Index/doc.html
INFO: [ route_check ] --START--
INFO: CheckRoute Behavior ::run [ RunTime:0.000282s ]
INFO: [ route_check ] --END-- [ RunTime:0.000358s ]
INFO: [ app_begin ] --START--
INFO: ReadHtmlCache Behavior ::run [ RunTime:0.000276s ]
INFO: [ app_begin ] --END-- [ RunTime:0.000327s ]
SQL: SHOW COLUMNS FROM `disk_files` [ RunTime:0.002589s ]
SQL: SELECT * FROM `disk_files` WHERE ( user_name='aaaaaa' AND (type='doc' OR type='txt') ) ORDER BY time  [ RunTime:0.000729s ]
NOTIC: [2] Cannot modify header information - headers already sent by (output started at D:\APMServ5.2.6\APMServ5.2.6\www\htdocs\hearainDisk\Lib\Action\IndexAction.class.php:1) D:\APMServ5.2.6\APMServ5.2.6\www\htdocs\ThinkPHP\Lib\Core\Action.class.php Á¨¨ 321 Ë°å.

[ 2014-05-17T15:32:13+08:00 ] 127.0.0.1 /index.php/Index/index.html
INFO: [ route_check ] --START--
INFO: CheckRoute Behavior ::run [ RunTime:0.000443s ]
INFO: [ route_check ] --END-- [ RunTime:0.000570s ]
INFO: [ app_begin ] --START--
INFO: ReadHtmlCache Behavior ::run [ RunTime:0.000431s ]
INFO: [ app_begin ] --END-- [ RunTime:0.000518s ]
SQL: select sum(file_size) as space from disk_files where user_name='aaaaaa' [ RunTime:0.000413s ]
INFO: [ view_parse ] --START--
INFO: ParseTemplate Behavior ::run [ RunTime:0.022702s ]
INFO: [ view_parse ] --END-- [ RunTime:0.022800s ]
INFO: [ view_filter ] --START--
INFO: ContentReplace Behavior ::run [ RunTime:0.000415s ]
INFO: TokenBuild Behavior ::run [ RunTime:0.000292s ]
INFO: WriteHtmlCache Behavior ::run [ RunTime:0.000256s ]
INFO: ShowRuntime Behavior ::run [ RunTime:0.000308s ]
INFO: [ view_filter ] --END-- [ RunTime:0.001426s ]
NOTIC: [2] Cannot modify header information - headers already sent by (output started at D:\APMServ5.2.6\APMServ5.2.6\www\htdocs\hearainDisk\Lib\Action\IndexAction.class.php:1) D:\APMServ5.2.6\APMServ5.2.6\www\htdocs\ThinkPHP\Lib\Core\View.class.php Á¨¨ 95 Ë°å.
NOTIC: [2] Cannot modify header information - headers already sent by (output started at D:\APMServ5.2.6\APMServ5.2.6\www\htdocs\hearainDisk\Lib\Action\IndexAction.class.php:1) D:\APMServ5.2.6\APMServ5.2.6\www\htdocs\ThinkPHP\Lib\Core\View.class.php Á¨¨ 96 Ë°å.
NOTIC: [2] Cannot modify header information - headers already sent by (output started at D:\APMServ5.2.6\APMServ5.2.6\www\htdocs\hearainDisk\Lib\Action\IndexAction.class.php:1) D:\APMServ5.2.6\APMServ5.2.6\www\htdocs\ThinkPHP\Lib\Core\View.class.php Á¨¨ 97 Ë°å.
INFO: [ view_end ] --START--
INFO: ShowPageTrace Behavior ::run [ RunTime:0.000278s ]
INFO: [ view_end ] --END-- [ RunTime:0.000335s ]

[ 2014-05-17T15:32:13+08:00 ] 127.0.0.1 /index.php/Index/files.html
INFO: [ route_check ] --START--
INFO: CheckRoute Behavior ::run [ RunTime:0.000288s ]
INFO: [ route_check ] --END-- [ RunTime:0.000363s ]
INFO: [ app_begin ] --START--
INFO: ReadHtmlCache Behavior ::run [ RunTime:0.000281s ]
INFO: [ app_begin ] --END-- [ RunTime:0.000333s ]
SQL: SHOW COLUMNS FROM `disk_files` [ RunTime:0.002924s ]
SQL: SELECT * FROM `disk_files` WHERE ( user_name='aaaaaa' ) ORDER BY time  [ RunTime:0.000702s ]
NOTIC: [2] Cannot modify header information - headers already sent by (output started at D:\APMServ5.2.6\APMServ5.2.6\www\htdocs\hearainDisk\Lib\Action\IndexAction.class.php:1) D:\APMServ5.2.6\APMServ5.2.6\www\htdocs\ThinkPHP\Lib\Core\Action.class.php Á¨¨ 321 Ë°å.

[ 2014-05-17T15:32:13+08:00 ] 127.0.0.1 /index.php/Uploadify/Index.html
INFO: [ route_check ] --START--
INFO: CheckRoute Behavior ::run [ RunTime:0.000697s ]
INFO: [ route_check ] --END-- [ RunTime:0.000890s ]
INFO: [ app_begin ] --START--
INFO: ReadHtmlCache Behavior ::run [ RunTime:0.000677s ]
INFO: [ app_begin ] --END-- [ RunTime:0.000817s ]
INFO: [ view_parse ] --START--
NOTIC: [8] Undefined variable: space D:\APMServ5.2.6\APMServ5.2.6\www\htdocs\hearainDisk\Runtime\Cache\14193f95d001286b1eaa3137107b1eac.php Á¨¨ 331 Ë°å.
INFO: ParseTemplate Behavior ::run [ RunTime:0.018428s ]
INFO: [ view_parse ] --END-- [ RunTime:0.018611s ]
INFO: [ view_filter ] --START--
INFO: ContentReplace Behavior ::run [ RunTime:0.000422s ]
INFO: TokenBuild Behavior ::run [ RunTime:0.000320s ]
INFO: WriteHtmlCache Behavior ::run [ RunTime:0.000268s ]
INFO: ShowRuntime Behavior ::run [ RunTime:0.000307s ]
INFO: [ view_filter ] --END-- [ RunTime:0.001483s ]
INFO: [ view_end ] --START--
INFO: ShowPageTrace Behavior ::run [ RunTime:0.000282s ]
INFO: [ view_end ] --END-- [ RunTime:0.000340s ]

[ 2014-05-17T15:32:14+08:00 ] 127.0.0.1 /index.php/Uploadify/
INFO: [ route_check ] --START--
INFO: CheckRoute Behavior ::run [ RunTime:0.000334s ]
INFO: [ route_check ] --END-- [ RunTime:0.000443s ]
INFO: [ app_begin ] --START--
INFO: ReadHtmlCache Behavior ::run [ RunTime:0.000305s ]
INFO: [ app_begin ] --END-- [ RunTime:0.000370s ]
INFO: [ view_parse ] --START--
NOTIC: [8] Undefined variable: space D:\APMServ5.2.6\APMServ5.2.6\www\htdocs\hearainDisk\Runtime\Cache\5dab210446abf4c1aac33d1daafad071.php Á¨¨ 331 Ë°å.
INFO: ParseTemplate Behavior ::run [ RunTime:0.013976s ]
INFO: [ view_parse ] --END-- [ RunTime:0.014076s ]
INFO: [ view_filter ] --START--
INFO: ContentReplace Behavior ::run [ RunTime:0.000387s ]
INFO: TokenBuild Behavior ::run [ RunTime:0.000285s ]
INFO: WriteHtmlCache Behavior ::run [ RunTime:0.000234s ]
INFO: ShowRuntime Behavior ::run [ RunTime:0.000294s ]
INFO: [ view_filter ] --END-- [ RunTime:0.001356s ]
INFO: [ view_end ] --START--
INFO: ShowPageTrace Behavior ::run [ RunTime:0.000302s ]
INFO: [ view_end ] --END-- [ RunTime:0.000371s ]

[ 2014-05-17T15:32:17+08:00 ] 127.0.0.1 /index.php/Uploadify/upload.html
INFO: [ route_check ] --START--
INFO: CheckRoute Behavior ::run [ RunTime:0.000291s ]
INFO: [ route_check ] --END-- [ RunTime:0.000372s ]
INFO: [ app_begin ] --START--
INFO: ReadHtmlCache Behavior ::run [ RunTime:0.000277s ]
INFO: [ app_begin ] --END-- [ RunTime:0.000335s ]
SQL: SHOW COLUMNS FROM `disk_files` [ RunTime:0.002610s ]
SQL: INSERT INTO `disk_files` (`file_name`,`file_nickname`,`type`,`time`,`public`,`user_name`,`file_size`,`md5`) VALUES ('537710810e00a.jpg','07bd3fef5cc46116acafd59a.jpg','jpg','2014-05-17 15:32:17',0,'aaaaaa',203358,'d482e4f8d5ad9612ae9766c8a74cc0f5') [ RunTime:0.000305s ]

[ 2014-05-17T15:32:18+08:00 ] 127.0.0.1 /index.php/Index/index.html
INFO: [ route_check ] --START--
INFO: CheckRoute Behavior ::run [ RunTime:0.000791s ]
INFO: [ route_check ] --END-- [ RunTime:0.000993s ]
INFO: [ app_begin ] --START--
INFO: ReadHtmlCache Behavior ::run [ RunTime:0.000721s ]
INFO: [ app_begin ] --END-- [ RunTime:0.000850s ]
SQL: select sum(file_size) as space from disk_files where user_name='aaaaaa' [ RunTime:0.000310s ]
INFO: [ view_parse ] --START--
INFO: ParseTemplate Behavior ::run [ RunTime:0.016615s ]
INFO: [ view_parse ] --END-- [ RunTime:0.016700s ]
INFO: [ view_filter ] --START--
INFO: ContentReplace Behavior ::run [ RunTime:0.000427s ]
INFO: TokenBuild Behavior ::run [ RunTime:0.000290s ]
INFO: WriteHtmlCache Behavior ::run [ RunTime:0.000242s ]
INFO: ShowRuntime Behavior ::run [ RunTime:0.000305s ]
INFO: [ view_filter ] --END-- [ RunTime:0.001428s ]
NOTIC: [2] Cannot modify header information - headers already sent by (output started at D:\APMServ5.2.6\APMServ5.2.6\www\htdocs\hearainDisk\Lib\Action\IndexAction.class.php:1) D:\APMServ5.2.6\APMServ5.2.6\www\htdocs\ThinkPHP\Lib\Core\View.class.php Á¨¨ 95 Ë°å.
NOTIC: [2] Cannot modify header information - headers already sent by (output started at D:\APMServ5.2.6\APMServ5.2.6\www\htdocs\hearainDisk\Lib\Action\IndexAction.class.php:1) D:\APMServ5.2.6\APMServ5.2.6\www\htdocs\ThinkPHP\Lib\Core\View.class.php Á¨¨ 96 Ë°å.
NOTIC: [2] Cannot modify header information - headers already sent by (output started at D:\APMServ5.2.6\APMServ5.2.6\www\htdocs\hearainDisk\Lib\Action\IndexAction.class.php:1) D:\APMServ5.2.6\APMServ5.2.6\www\htdocs\ThinkPHP\Lib\Core\View.class.php Á¨¨ 97 Ë°å.
INFO: [ view_end ] --START--
INFO: ShowPageTrace Behavior ::run [ RunTime:0.000304s ]
INFO: [ view_end ] --END-- [ RunTime:0.000368s ]

[ 2014-05-17T15:32:18+08:00 ] 127.0.0.1 /index.php/Index/files.html
INFO: [ route_check ] --START--
INFO: CheckRoute Behavior ::run [ RunTime:0.000308s ]
INFO: [ route_check ] --END-- [ RunTime:0.000384s ]
INFO: [ app_begin ] --START--
INFO: ReadHtmlCache Behavior ::run [ RunTime:0.000290s ]
INFO: [ app_begin ] --END-- [ RunTime:0.000341s ]
SQL: SHOW COLUMNS FROM `disk_files` [ RunTime:0.002743s ]
SQL: SELECT * FROM `disk_files` WHERE ( user_name='aaaaaa' ) ORDER BY time  [ RunTime:0.000948s ]
NOTIC: [2] Cannot modify header information - headers already sent by (output started at D:\APMServ5.2.6\APMServ5.2.6\www\htdocs\hearainDisk\Lib\Action\IndexAction.class.php:1) D:\APMServ5.2.6\APMServ5.2.6\www\htdocs\ThinkPHP\Lib\Core\Action.class.php Á¨¨ 321 Ë°å.

[ 2014-05-17T15:32:30+08:00 ] 127.0.0.1 /index.php/Login/logout.html
INFO: [ route_check ] --START--
INFO: CheckRoute Behavior ::run [ RunTime:0.000784s ]
INFO: [ route_check ] --END-- [ RunTime:0.000994s ]
INFO: [ app_begin ] --START--
INFO: ReadHtmlCache Behavior ::run [ RunTime:0.000763s ]
INFO: [ app_begin ] --END-- [ RunTime:0.000913s ]

[ 2014-05-17T15:32:30+08:00 ] 127.0.0.1 /index.php/Login/index.html
INFO: [ route_check ] --START--
INFO: CheckRoute Behavior ::run [ RunTime:0.000296s ]
INFO: [ route_check ] --END-- [ RunTime:0.000372s ]
INFO: [ app_begin ] --START--
INFO: ReadHtmlCache Behavior ::run [ RunTime:0.000292s ]
INFO: [ app_begin ] --END-- [ RunTime:0.000348s ]
INFO: [ view_parse ] --START--
INFO: ParseTemplate Behavior ::run [ RunTime:0.009014s ]
INFO: [ view_parse ] --END-- [ RunTime:0.009102s ]
INFO: [ view_filter ] --START--
INFO: ContentReplace Behavior ::run [ RunTime:0.000326s ]
INFO: TokenBuild Behavior ::run [ RunTime:0.000284s ]
INFO: WriteHtmlCache Behavior ::run [ RunTime:0.000240s ]
INFO: ShowRuntime Behavior ::run [ RunTime:0.000289s ]
INFO: [ view_filter ] --END-- [ RunTime:0.001289s ]
INFO: [ view_end ] --START--
INFO: ShowPageTrace Behavior ::run [ RunTime:0.000327s ]
INFO: [ view_end ] --END-- [ RunTime:0.000386s ]

[ 2014-05-17T15:32:30+08:00 ] 127.0.0.1 /index.php/Login/index.html
INFO: [ route_check ] --START--
INFO: CheckRoute Behavior ::run [ RunTime:0.000298s ]
INFO: [ route_check ] --END-- [ RunTime:0.000380s ]
INFO: [ app_begin ] --START--
INFO: ReadHtmlCache Behavior ::run [ RunTime:0.000307s ]
INFO: [ app_begin ] --END-- [ RunTime:0.000366s ]
INFO: [ view_parse ] --START--
INFO: ParseTemplate Behavior ::run [ RunTime:0.006966s ]
INFO: [ view_parse ] --END-- [ RunTime:0.007051s ]
INFO: [ view_filter ] --START--
INFO: ContentReplace Behavior ::run [ RunTime:0.000316s ]
INFO: TokenBuild Behavior ::run [ RunTime:0.000282s ]
INFO: WriteHtmlCache Behavior ::run [ RunTime:0.000239s ]
INFO: ShowRuntime Behavior ::run [ RunTime:0.000287s ]
INFO: [ view_filter ] --END-- [ RunTime:0.001278s ]
INFO: [ view_end ] --START--
INFO: ShowPageTrace Behavior ::run [ RunTime:0.000269s ]
INFO: [ view_end ] --END-- [ RunTime:0.000322s ]

[ 2014-05-17T15:32:31+08:00 ] 127.0.0.1 /index.php/Admin/index.html
INFO: [ route_check ] --START--
INFO: CheckRoute Behavior ::run [ RunTime:0.000848s ]
INFO: [ route_check ] --END-- [ RunTime:0.001073s ]
INFO: [ app_begin ] --START--
INFO: ReadHtmlCache Behavior ::run [ RunTime:0.000742s ]
INFO: [ app_begin ] --END-- [ RunTime:0.000886s ]
INFO: [ view_parse ] --START--
INFO: ParseTemplate Behavior ::run [ RunTime:0.071723s ]
INFO: [ view_parse ] --END-- [ RunTime:0.071986s ]
INFO: [ view_filter ] --START--
INFO: ContentReplace Behavior ::run [ RunTime:0.000785s ]
INFO: TokenBuild Behavior ::run [ RunTime:0.000665s ]
INFO: WriteHtmlCache Behavior ::run [ RunTime:0.000562s ]
INFO: ShowRuntime Behavior ::run [ RunTime:0.000663s ]
INFO: [ view_filter ] --END-- [ RunTime:0.003035s ]
INFO: [ view_end ] --START--
INFO: ShowPageTrace Behavior ::run [ RunTime:0.000618s ]
INFO: [ view_end ] --END-- [ RunTime:0.000776s ]

[ 2014-05-17T15:32:36+08:00 ] 127.0.0.1 /index.php/Login/ucenterlogin.html?loginname=admin&passwd=123456
INFO: [ route_check ] --START--
INFO: CheckRoute Behavior ::run [ RunTime:0.000858s ]
INFO: [ route_check ] --END-- [ RunTime:0.001089s ]
INFO: [ app_begin ] --START--
INFO: ReadHtmlCache Behavior ::run [ RunTime:0.000826s ]
INFO: [ app_begin ] --END-- [ RunTime:0.000986s ]
NOTIC: Âª∫ËÆÆ‰ΩøÁî®IÊñπÊ≥ïÊõø‰ª£_get
NOTIC: Âª∫ËÆÆ‰ΩøÁî®IÊñπÊ≥ïÊõø‰ª£_get
SQL: SHOW COLUMNS FROM `disk_login` [ RunTime:0.003981s ]
SQL: SELECT * FROM `disk_login` WHERE ( user_name='admin' AND pwd='123456' ) LIMIT 1   [ RunTime:0.000587s ]

[ 2014-05-17T15:32:36+08:00 ] 127.0.0.1 /index.php/Ucenter/index.html
INFO: [ route_check ] --START--
INFO: CheckRoute Behavior ::run [ RunTime:0.000378s ]
INFO: [ route_check ] --END-- [ RunTime:0.000488s ]
INFO: [ app_begin ] --START--
INFO: ReadHtmlCache Behavior ::run [ RunTime:0.000310s ]
INFO: [ app_begin ] --END-- [ RunTime:0.000375s ]
INFO: [ view_parse ] --START--
INFO: ParseTemplate Behavior ::run [ RunTime:0.021745s ]
INFO: [ view_parse ] --END-- [ RunTime:0.021869s ]
INFO: [ view_filter ] --START--
INFO: ContentReplace Behavior ::run [ RunTime:0.000352s ]
INFO: TokenBuild Behavior ::run [ RunTime:0.000290s ]
INFO: WriteHtmlCache Behavior ::run [ RunTime:0.000246s ]
INFO: ShowRuntime Behavior ::run [ RunTime:0.000295s ]
INFO: [ view_filter ] --END-- [ RunTime:0.001339s ]
INFO: [ view_end ] --START--
INFO: ShowPageTrace Behavior ::run [ RunTime:0.000314s ]
INFO: [ view_end ] --END-- [ RunTime:0.000369s ]

[ 2014-05-17T15:32:52+08:00 ] 127.0.0.1 /index.php/Login/ucenterlogin.html?loginname=aaaa&passwd=1234
INFO: [ route_check ] --START--
INFO: CheckRoute Behavior ::run [ RunTime:0.000710s ]
INFO: [ route_check ] --END-- [ RunTime:0.000899s ]
INFO: [ app_begin ] --START--
INFO: ReadHtmlCache Behavior ::run [ RunTime:0.000742s ]
INFO: [ app_begin ] --END-- [ RunTime:0.000872s ]
NOTIC: Âª∫ËÆÆ‰ΩøÁî®IÊñπÊ≥ïÊõø‰ª£_get
NOTIC: Âª∫ËÆÆ‰ΩøÁî®IÊñπÊ≥ïÊõø‰ª£_get
SQL: SHOW COLUMNS FROM `disk_login` [ RunTime:0.003417s ]
SQL: SELECT * FROM `disk_login` WHERE ( user_name='admin' AND pwd='1234' ) LIMIT 1   [ RunTime:0.000836s ]

[ 2014-05-17T15:33:01+08:00 ] 127.0.0.1 /index.php/Login/index.html
INFO: [ route_check ] --START--
INFO: CheckRoute Behavior ::run [ RunTime:0.000486s ]
INFO: [ route_check ] --END-- [ RunTime:0.000620s ]
INFO: [ app_begin ] --START--
INFO: ReadHtmlCache Behavior ::run [ RunTime:0.000298s ]
INFO: [ app_begin ] --END-- [ RunTime:0.000358s ]
INFO: [ view_parse ] --START--
INFO: ParseTemplate Behavior ::run [ RunTime:0.009128s ]
INFO: [ view_parse ] --END-- [ RunTime:0.009230s ]
INFO: [ view_filter ] --START--
INFO: ContentReplace Behavior ::run [ RunTime:0.000329s ]
INFO: TokenBuild Behavior ::run [ RunTime:0.000284s ]
INFO: WriteHtmlCache Behavior ::run [ RunTime:0.000240s ]
INFO: ShowRuntime Behavior ::run [ RunTime:0.000290s ]
INFO: [ view_filter ] --END-- [ RunTime:0.001296s ]
INFO: [ view_end ] --START--
INFO: ShowPageTrace Behavior ::run [ RunTime:0.000269s ]
INFO: [ view_end ] --END-- [ RunTime:0.000323s ]

[ 2014-05-17T15:33:01+08:00 ] 127.0.0.1 /index.php/Login/index.html
INFO: [ route_check ] --START--
INFO: CheckRoute Behavior ::run [ RunTime:0.000403s ]
INFO: [ route_check ] --END-- [ RunTime:0.000498s ]
INFO: [ app_begin ] --START--
INFO: ReadHtmlCache Behavior ::run [ RunTime:0.000285s ]
INFO: [ app_begin ] --END-- [ RunTime:0.000342s ]
INFO: [ view_parse ] --START--
INFO: ParseTemplate Behavior ::run [ RunTime:0.007437s ]
INFO: [ view_parse ] --END-- [ RunTime:0.007522s ]
INFO: [ view_filter ] --START--
INFO: ContentReplace Behavior ::run [ RunTime:0.000323s ]
INFO: TokenBuild Behavior ::run [ RunTime:0.000289s ]
INFO: WriteHtmlCache Behavior ::run [ RunTime:0.000240s ]
INFO: ShowRuntime Behavior ::run [ RunTime:0.000288s ]
INFO: [ view_filter ] --END-- [ RunTime:0.001300s ]
INFO: [ view_end ] --START--
INFO: ShowPageTrace Behavior ::run [ RunTime:0.000269s ]
INFO: [ view_end ] --END-- [ RunTime:0.000326s ]

