[ 2014-03-01T14:32:24+08:00 ] 127.0.0.1 /
INFO: [ app_begin ] --START--
INFO: ReadHtmlCache Behavior ::run [ RunTime:0.006707s ]
INFO: [ app_begin ] --END-- [ RunTime:0.006879s ]

[ 2014-03-01T15:00:07+08:00 ] 127.0.0.1 /
INFO: [ app_begin ] --START--
INFO: ReadHtmlCache Behavior ::run [ RunTime:0.001340s ]
INFO: [ app_begin ] --END-- [ RunTime:0.001455s ]

[ 2014-03-01T15:00:09+08:00 ] 127.0.0.1 /index.php/Login/index.html
INFO: [ route_check ] --START--
INFO: CheckRoute Behavior ::run [ RunTime:0.320795s ]
INFO: [ route_check ] --END-- [ RunTime:0.320937s ]
INFO: [ app_begin ] --START--
INFO: ReadHtmlCache Behavior ::run [ RunTime:0.000601s ]
INFO: [ app_begin ] --END-- [ RunTime:0.000723s ]
INFO: [ view_parse ] --START--
INFO: ParseTemplate Behavior ::run [ RunTime:0.275725s ]
INFO: [ view_parse ] --END-- [ RunTime:0.275886s ]
INFO: [ view_filter ] --START--
INFO: ContentReplace Behavior ::run [ RunTime:0.043312s ]
INFO: TokenBuild Behavior ::run [ RunTime:0.033822s ]
INFO: WriteHtmlCache Behavior ::run [ RunTime:0.012157s ]
INFO: ShowRuntime Behavior ::run [ RunTime:0.016000s ]
INFO: [ view_filter ] --END-- [ RunTime:0.105618s ]
INFO: [ view_end ] --START--
INFO: ShowPageTrace Behavior ::run [ RunTime:0.028211s ]
INFO: [ view_end ] --END-- [ RunTime:0.028318s ]

[ 2014-03-01T15:00:09+08:00 ] 127.0.0.1 /index.php/Login/index.html
INFO: [ route_check ] --START--
INFO: CheckRoute Behavior ::run [ RunTime:0.001370s ]
INFO: [ route_check ] --END-- [ RunTime:0.001494s ]
INFO: [ app_begin ] --START--
INFO: ReadHtmlCache Behavior ::run [ RunTime:0.001273s ]
INFO: [ app_begin ] --END-- [ RunTime:0.001362s ]
INFO: [ view_parse ] --START--
INFO: ParseTemplate Behavior ::run [ RunTime:0.023751s ]
INFO: [ view_parse ] --END-- [ RunTime:0.023880s ]
INFO: [ view_filter ] --START--
INFO: ContentReplace Behavior ::run [ RunTime:0.001303s ]
INFO: TokenBuild Behavior ::run [ RunTime:0.001170s ]
INFO: WriteHtmlCache Behavior ::run [ RunTime:0.001407s ]
INFO: ShowRuntime Behavior ::run [ RunTime:0.001350s ]
INFO: [ view_filter ] --END-- [ RunTime:0.005580s ]
INFO: [ view_end ] --START--
INFO: ShowPageTrace Behavior ::run [ RunTime:0.002572s ]
INFO: [ view_end ] --END-- [ RunTime:0.002670s ]

[ 2014-03-01T16:25:21+08:00 ] 127.0.0.1 /index.php/Login/login.html?loginname=admin&passwd=123
INFO: [ route_check ] --START--
INFO: CheckRoute Behavior ::run [ RunTime:0.001043s ]
INFO: [ route_check ] --END-- [ RunTime:0.001148s ]
INFO: [ app_begin ] --START--
INFO: ReadHtmlCache Behavior ::run [ RunTime:0.001044s ]
INFO: [ app_begin ] --END-- [ RunTime:0.001186s ]
NOTIC: 建议使用I方法替代_get
NOTIC: 建议使用I方法替代_get
SQL: SHOW COLUMNS FROM `disk_login` [ RunTime:0.027906s ]
SQL: SELECT * FROM `disk_login` WHERE ( user_name='admin' AND pwd='123' ) LIMIT 1   [ RunTime:0.007059s ]

[ 2014-03-01T16:25:21+08:00 ] 127.0.0.1 /index.php/Index/index.html
INFO: [ route_check ] --START--
INFO: CheckRoute Behavior ::run [ RunTime:0.000610s ]
INFO: [ route_check ] --END-- [ RunTime:0.000766s ]
INFO: [ app_begin ] --START--
INFO: ReadHtmlCache Behavior ::run [ RunTime:0.000596s ]
INFO: [ app_begin ] --END-- [ RunTime:0.000716s ]

[ 2014-03-01T16:25:21+08:00 ] 127.0.0.1 /index.php/Login/index.html
INFO: [ route_check ] --START--
INFO: CheckRoute Behavior ::run [ RunTime:0.000293s ]
INFO: [ route_check ] --END-- [ RunTime:0.000377s ]
INFO: [ app_begin ] --START--
INFO: ReadHtmlCache Behavior ::run [ RunTime:0.000279s ]
INFO: [ app_begin ] --END-- [ RunTime:0.000335s ]
INFO: [ view_parse ] --START--
INFO: ParseTemplate Behavior ::run [ RunTime:0.016256s ]
INFO: [ view_parse ] --END-- [ RunTime:0.016353s ]
INFO: [ view_filter ] --START--
INFO: ContentReplace Behavior ::run [ RunTime:0.000997s ]
INFO: TokenBuild Behavior ::run [ RunTime:0.000869s ]
INFO: WriteHtmlCache Behavior ::run [ RunTime:0.000833s ]
INFO: ShowRuntime Behavior ::run [ RunTime:0.000901s ]
INFO: [ view_filter ] --END-- [ RunTime:0.003757s ]
INFO: [ view_end ] --START--
INFO: ShowPageTrace Behavior ::run [ RunTime:0.000850s ]
INFO: [ view_end ] --END-- [ RunTime:0.000905s ]

[ 2014-03-01T16:25:22+08:00 ] 127.0.0.1 /index.php/Login/index.html
INFO: [ route_check ] --START--
INFO: CheckRoute Behavior ::run [ RunTime:0.000979s ]
INFO: [ route_check ] --END-- [ RunTime:0.001073s ]
INFO: [ app_begin ] --START--
INFO: ReadHtmlCache Behavior ::run [ RunTime:0.000978s ]
INFO: [ app_begin ] --END-- [ RunTime:0.001083s ]
INFO: [ view_parse ] --START--
INFO: ParseTemplate Behavior ::run [ RunTime:0.011762s ]
INFO: [ view_parse ] --END-- [ RunTime:0.011866s ]
INFO: [ view_filter ] --START--
INFO: ContentReplace Behavior ::run [ RunTime:0.001059s ]
INFO: TokenBuild Behavior ::run [ RunTime:0.000863s ]
INFO: WriteHtmlCache Behavior ::run [ RunTime:0.000837s ]
INFO: ShowRuntime Behavior ::run [ RunTime:0.000920s ]
INFO: [ view_filter ] --END-- [ RunTime:0.003848s ]
INFO: [ view_end ] --START--
INFO: ShowPageTrace Behavior ::run [ RunTime:0.000849s ]
INFO: [ view_end ] --END-- [ RunTime:0.000905s ]

[ 2014-03-01T16:25:30+08:00 ] 127.0.0.1 /index.php/Login/login.html?loginname=admin&passwd=123456
INFO: [ route_check ] --START--
INFO: CheckRoute Behavior ::run [ RunTime:0.000456s ]
INFO: [ route_check ] --END-- [ RunTime:0.000571s ]
INFO: [ app_begin ] --START--
INFO: ReadHtmlCache Behavior ::run [ RunTime:0.000441s ]
INFO: [ app_begin ] --END-- [ RunTime:0.000520s ]
NOTIC: 建议使用I方法替代_get
NOTIC: 建议使用I方法替代_get
SQL: SHOW COLUMNS FROM `disk_login` [ RunTime:0.002572s ]
SQL: SELECT * FROM `disk_login` WHERE ( user_name='admin' AND pwd='123456' ) LIMIT 1   [ RunTime:0.000582s ]

[ 2014-03-01T16:25:30+08:00 ] 127.0.0.1 /index.php/Index/index.html
INFO: [ route_check ] --START--
INFO: CheckRoute Behavior ::run [ RunTime:0.000297s ]
INFO: [ route_check ] --END-- [ RunTime:0.000380s ]
INFO: [ app_begin ] --START--
INFO: ReadHtmlCache Behavior ::run [ RunTime:0.000286s ]
INFO: [ app_begin ] --END-- [ RunTime:0.000342s ]
INFO: [ view_parse ] --START--
INFO: ParseTemplate Behavior ::run [ RunTime:0.111641s ]
INFO: [ view_parse ] --END-- [ RunTime:0.111743s ]
INFO: [ view_filter ] --START--
INFO: ContentReplace Behavior ::run [ RunTime:0.000435s ]
INFO: TokenBuild Behavior ::run [ RunTime:0.000334s ]
INFO: WriteHtmlCache Behavior ::run [ RunTime:0.000251s ]
INFO: ShowRuntime Behavior ::run [ RunTime:0.000304s ]
INFO: [ view_filter ] --END-- [ RunTime:0.001483s ]
NOTIC: [2] Cannot modify header information - headers already sent by (output started at D:\APMServ5.2.6\APMServ5.2.6\www\htdocs\hearainDisk\Lib\Action\IndexAction.class.php:1) D:\APMServ5.2.6\APMServ5.2.6\www\htdocs\ThinkPHP\Lib\Core\View.class.php 第 95 行.
NOTIC: [2] Cannot modify header information - headers already sent by (output started at D:\APMServ5.2.6\APMServ5.2.6\www\htdocs\hearainDisk\Lib\Action\IndexAction.class.php:1) D:\APMServ5.2.6\APMServ5.2.6\www\htdocs\ThinkPHP\Lib\Core\View.class.php 第 96 行.
NOTIC: [2] Cannot modify header information - headers already sent by (output started at D:\APMServ5.2.6\APMServ5.2.6\www\htdocs\hearainDisk\Lib\Action\IndexAction.class.php:1) D:\APMServ5.2.6\APMServ5.2.6\www\htdocs\ThinkPHP\Lib\Core\View.class.php 第 97 行.
INFO: [ view_end ] --START--
INFO: ShowPageTrace Behavior ::run [ RunTime:0.000279s ]
INFO: [ view_end ] --END-- [ RunTime:0.000336s ]

[ 2014-03-01T16:25:30+08:00 ] 127.0.0.1 /index.php/Index/files.html
INFO: [ route_check ] --START--
INFO: CheckRoute Behavior ::run [ RunTime:0.000896s ]
INFO: [ route_check ] --END-- [ RunTime:0.000985s ]
INFO: [ app_begin ] --START--
INFO: ReadHtmlCache Behavior ::run [ RunTime:0.000847s ]
INFO: [ app_begin ] --END-- [ RunTime:0.000904s ]
SQL: SHOW COLUMNS FROM `disk_files` [ RunTime:0.115813s ]
SQL: SELECT * FROM `disk_files` WHERE ( user_name='admin' ) ORDER BY time  [ RunTime:0.001458s ]
NOTIC: [2] Cannot modify header information - headers already sent by (output started at D:\APMServ5.2.6\APMServ5.2.6\www\htdocs\hearainDisk\Lib\Action\IndexAction.class.php:1) D:\APMServ5.2.6\APMServ5.2.6\www\htdocs\ThinkPHP\Lib\Core\Action.class.php 第 321 行.

[ 2014-03-01T16:25:35+08:00 ] 127.0.0.1 /index.php/Pic/index.html
INFO: [ route_check ] --START--
INFO: CheckRoute Behavior ::run [ RunTime:0.000724s ]
INFO: [ route_check ] --END-- [ RunTime:0.000908s ]
INFO: [ app_begin ] --START--
INFO: ReadHtmlCache Behavior ::run [ RunTime:0.000705s ]
INFO: [ app_begin ] --END-- [ RunTime:0.000842s ]
INFO: [ view_parse ] --START--
INFO: ParseTemplate Behavior ::run [ RunTime:0.063942s ]
INFO: [ view_parse ] --END-- [ RunTime:0.064083s ]
INFO: [ view_filter ] --START--
INFO: ContentReplace Behavior ::run [ RunTime:0.000504s ]
INFO: TokenBuild Behavior ::run [ RunTime:0.000291s ]
INFO: WriteHtmlCache Behavior ::run [ RunTime:0.000248s ]
INFO: ShowRuntime Behavior ::run [ RunTime:0.000303s ]
INFO: [ view_filter ] --END-- [ RunTime:0.001500s ]
INFO: [ view_end ] --START--
INFO: ShowPageTrace Behavior ::run [ RunTime:0.000324s ]
INFO: [ view_end ] --END-- [ RunTime:0.000388s ]

[ 2014-03-01T16:25:35+08:00 ] 127.0.0.1 /index.php/Index/pic.html
INFO: [ route_check ] --START--
INFO: CheckRoute Behavior ::run [ RunTime:0.000293s ]
INFO: [ route_check ] --END-- [ RunTime:0.000374s ]
INFO: [ app_begin ] --START--
INFO: ReadHtmlCache Behavior ::run [ RunTime:0.000286s ]
INFO: [ app_begin ] --END-- [ RunTime:0.000337s ]
SQL: SHOW COLUMNS FROM `disk_files` [ RunTime:0.002823s ]
SQL: SELECT * FROM `disk_files` WHERE ( user_name='admin' AND (type='jpg' OR type='png' OR type='gif') ) ORDER BY time  [ RunTime:0.000973s ]
NOTIC: [2] Cannot modify header information - headers already sent by (output started at D:\APMServ5.2.6\APMServ5.2.6\www\htdocs\hearainDisk\Lib\Action\IndexAction.class.php:1) D:\APMServ5.2.6\APMServ5.2.6\www\htdocs\ThinkPHP\Lib\Core\Action.class.php 第 321 行.

[ 2014-03-01T16:25:41+08:00 ] 127.0.0.1 /index.php/Pic/index.html
INFO: [ route_check ] --START--
INFO: CheckRoute Behavior ::run [ RunTime:0.000459s ]
INFO: [ route_check ] --END-- [ RunTime:0.000584s ]
INFO: [ app_begin ] --START--
INFO: ReadHtmlCache Behavior ::run [ RunTime:0.000450s ]
INFO: [ app_begin ] --END-- [ RunTime:0.000538s ]
INFO: [ view_parse ] --START--
INFO: ParseTemplate Behavior ::run [ RunTime:0.020587s ]
INFO: [ view_parse ] --END-- [ RunTime:0.020723s ]
INFO: [ view_filter ] --START--
INFO: ContentReplace Behavior ::run [ RunTime:0.000711s ]
INFO: TokenBuild Behavior ::run [ RunTime:0.000481s ]
INFO: WriteHtmlCache Behavior ::run [ RunTime:0.000401s ]
INFO: ShowRuntime Behavior ::run [ RunTime:0.000484s ]
INFO: [ view_filter ] --END-- [ RunTime:0.002324s ]
INFO: [ view_end ] --START--
INFO: ShowPageTrace Behavior ::run [ RunTime:0.000439s ]
INFO: [ view_end ] --END-- [ RunTime:0.000587s ]

[ 2014-03-01T16:25:41+08:00 ] 127.0.0.1 /index.php/Index/pic.html
INFO: [ route_check ] --START--
INFO: CheckRoute Behavior ::run [ RunTime:0.000298s ]
INFO: [ route_check ] --END-- [ RunTime:0.000379s ]
INFO: [ app_begin ] --START--
INFO: ReadHtmlCache Behavior ::run [ RunTime:0.000283s ]
INFO: [ app_begin ] --END-- [ RunTime:0.000336s ]
SQL: SHOW COLUMNS FROM `disk_files` [ RunTime:0.004092s ]
SQL: SELECT * FROM `disk_files` WHERE ( user_name='admin' AND (type='jpg' OR type='png' OR type='gif') ) ORDER BY time  [ RunTime:0.000779s ]
NOTIC: [2] Cannot modify header information - headers already sent by (output started at D:\APMServ5.2.6\APMServ5.2.6\www\htdocs\hearainDisk\Lib\Action\IndexAction.class.php:1) D:\APMServ5.2.6\APMServ5.2.6\www\htdocs\ThinkPHP\Lib\Core\Action.class.php 第 321 行.

