[ 2014-02-22T23:32:54+08:00 ] 127.0.0.1 /
INFO: [ app_begin ] --START--
INFO: ReadHtmlCache Behavior ::run [ RunTime:0.029320s ]
INFO: [ app_begin ] --END-- [ RunTime:0.029498s ]

[ 2014-02-22T23:32:56+08:00 ] 127.0.0.1 /index.php/Login/index.html
INFO: [ route_check ] --START--
INFO: CheckRoute Behavior ::run [ RunTime:0.098736s ]
INFO: [ route_check ] --END-- [ RunTime:0.098831s ]
INFO: [ app_begin ] --START--
INFO: ReadHtmlCache Behavior ::run [ RunTime:0.000364s ]
INFO: [ app_begin ] --END-- [ RunTime:0.000427s ]
INFO: [ view_parse ] --START--
INFO: ParseTemplate Behavior ::run [ RunTime:0.886146s ]
INFO: [ view_parse ] --END-- [ RunTime:0.886268s ]
INFO: [ view_filter ] --START--
INFO: ContentReplace Behavior ::run [ RunTime:0.032749s ]
INFO: TokenBuild Behavior ::run [ RunTime:0.033896s ]
INFO: WriteHtmlCache Behavior ::run [ RunTime:0.022271s ]
INFO: ShowRuntime Behavior ::run [ RunTime:0.039712s ]
INFO: [ view_filter ] --END-- [ RunTime:0.128957s ]
INFO: [ view_end ] --START--
INFO: ShowPageTrace Behavior ::run [ RunTime:0.027840s ]
INFO: [ view_end ] --END-- [ RunTime:0.027963s ]

[ 2014-02-22T23:32:56+08:00 ] 127.0.0.1 /index.php/Login/index.html
INFO: [ route_check ] --START--
INFO: CheckRoute Behavior ::run [ RunTime:0.000909s ]
INFO: [ route_check ] --END-- [ RunTime:0.000994s ]
INFO: [ app_begin ] --START--
INFO: ReadHtmlCache Behavior ::run [ RunTime:0.000947s ]
INFO: [ app_begin ] --END-- [ RunTime:0.001012s ]
INFO: [ view_parse ] --START--
INFO: ParseTemplate Behavior ::run [ RunTime:0.016584s ]
INFO: [ view_parse ] --END-- [ RunTime:0.016692s ]
INFO: [ view_filter ] --START--
INFO: ContentReplace Behavior ::run [ RunTime:0.001083s ]
INFO: TokenBuild Behavior ::run [ RunTime:0.001041s ]
INFO: WriteHtmlCache Behavior ::run [ RunTime:0.000866s ]
INFO: ShowRuntime Behavior ::run [ RunTime:0.000964s ]
INFO: [ view_filter ] --END-- [ RunTime:0.004154s ]
INFO: [ view_end ] --START--
INFO: ShowPageTrace Behavior ::run [ RunTime:0.000899s ]
INFO: [ view_end ] --END-- [ RunTime:0.000962s ]

