[ 2014-05-16T11:31:43+08:00 ] 127.0.0.1 /
INFO: [ app_begin ] --START--
INFO: ReadHtmlCache Behavior ::run [ RunTime:0.029290s ]
INFO: [ app_begin ] --END-- [ RunTime:0.029478s ]

[ 2014-05-16T11:31:44+08:00 ] 127.0.0.1 /index.php/Login/index.html
INFO: [ route_check ] --START--
INFO: CheckRoute Behavior ::run [ RunTime:0.063887s ]
INFO: [ route_check ] --END-- [ RunTime:0.064020s ]
INFO: [ app_begin ] --START--
INFO: ReadHtmlCache Behavior ::run [ RunTime:0.000479s ]
INFO: [ app_begin ] --END-- [ RunTime:0.000557s ]
INFO: [ view_parse ] --START--
INFO: ParseTemplate Behavior ::run [ RunTime:0.201032s ]
INFO: [ view_parse ] --END-- [ RunTime:0.201199s ]
INFO: [ view_filter ] --START--
INFO: ContentReplace Behavior ::run [ RunTime:0.067738s ]
INFO: TokenBuild Behavior ::run [ RunTime:0.112853s ]
INFO: WriteHtmlCache Behavior ::run [ RunTime:0.054222s ]
INFO: ShowRuntime Behavior ::run [ RunTime:0.140729s ]
INFO: [ view_filter ] --END-- [ RunTime:0.376043s ]
INFO: [ view_end ] --START--
INFO: ShowPageTrace Behavior ::run [ RunTime:0.028088s ]
INFO: [ view_end ] --END-- [ RunTime:0.028270s ]

[ 2014-05-16T11:31:44+08:00 ] 127.0.0.1 /index.php/Login/index.html
INFO: [ route_check ] --START--
INFO: CheckRoute Behavior ::run [ RunTime:0.001791s ]
INFO: [ route_check ] --END-- [ RunTime:0.001998s ]
INFO: [ app_begin ] --START--
INFO: ReadHtmlCache Behavior ::run [ RunTime:0.001276s ]
INFO: [ app_begin ] --END-- [ RunTime:0.001365s ]
INFO: [ view_parse ] --START--
INFO: ParseTemplate Behavior ::run [ RunTime:0.019103s ]
INFO: [ view_parse ] --END-- [ RunTime:0.019220s ]
INFO: [ view_filter ] --START--
INFO: ContentReplace Behavior ::run [ RunTime:0.001233s ]
INFO: TokenBuild Behavior ::run [ RunTime:0.001247s ]
INFO: WriteHtmlCache Behavior ::run [ RunTime:0.001137s ]
INFO: ShowRuntime Behavior ::run [ RunTime:0.001226s ]
INFO: [ view_filter ] --END-- [ RunTime:0.005062s ]
INFO: [ view_end ] --START--
INFO: ShowPageTrace Behavior ::run [ RunTime:0.001183s ]
INFO: [ view_end ] --END-- [ RunTime:0.001262s ]

[ 2014-05-16T11:32:04+08:00 ] 127.0.0.1 /index.php/Login/login.html?loginname=admin&passwd=123456
INFO: [ route_check ] --START--
INFO: CheckRoute Behavior ::run [ RunTime:0.000432s ]
INFO: [ route_check ] --END-- [ RunTime:0.000544s ]
INFO: [ app_begin ] --START--
INFO: ReadHtmlCache Behavior ::run [ RunTime:0.000573s ]
INFO: [ app_begin ] --END-- [ RunTime:0.000669s ]
NOTIC: 建议使用I方法替代_get
NOTIC: 建议使用I方法替代_get
SQL: SHOW COLUMNS FROM `disk_login` [ RunTime:0.025920s ]
SQL: SELECT * FROM `disk_login` WHERE ( user_name='admin' AND pwd='123456' ) LIMIT 1   [ RunTime:0.001368s ]

[ 2014-05-16T11:32:04+08:00 ] 127.0.0.1 /index.php/Index/index.html
INFO: [ route_check ] --START--
INFO: CheckRoute Behavior ::run [ RunTime:0.000438s ]
INFO: [ route_check ] --END-- [ RunTime:0.000540s ]
INFO: [ app_begin ] --START--
INFO: ReadHtmlCache Behavior ::run [ RunTime:0.000395s ]
INFO: [ app_begin ] --END-- [ RunTime:0.000474s ]
SQL: select sum(file_size) as space from disk_files where user_name='admin' [ RunTime:0.028434s ]
INFO: [ view_parse ] --START--
INFO: ParseTemplate Behavior ::run [ RunTime:0.133424s ]
INFO: [ view_parse ] --END-- [ RunTime:0.133540s ]
INFO: [ view_filter ] --START--
INFO: ContentReplace Behavior ::run [ RunTime:0.000615s ]
INFO: TokenBuild Behavior ::run [ RunTime:0.000524s ]
INFO: WriteHtmlCache Behavior ::run [ RunTime:0.000356s ]
INFO: ShowRuntime Behavior ::run [ RunTime:0.000763s ]
INFO: [ view_filter ] --END-- [ RunTime:0.002490s ]
NOTIC: [2] Cannot modify header information - headers already sent by (output started at D:\APMServ5.2.6\APMServ5.2.6\www\htdocs\hearainDisk\Lib\Action\IndexAction.class.php:1) D:\APMServ5.2.6\APMServ5.2.6\www\htdocs\ThinkPHP\Lib\Core\View.class.php 第 95 行.
NOTIC: [2] Cannot modify header information - headers already sent by (output started at D:\APMServ5.2.6\APMServ5.2.6\www\htdocs\hearainDisk\Lib\Action\IndexAction.class.php:1) D:\APMServ5.2.6\APMServ5.2.6\www\htdocs\ThinkPHP\Lib\Core\View.class.php 第 96 行.
NOTIC: [2] Cannot modify header information - headers already sent by (output started at D:\APMServ5.2.6\APMServ5.2.6\www\htdocs\hearainDisk\Lib\Action\IndexAction.class.php:1) D:\APMServ5.2.6\APMServ5.2.6\www\htdocs\ThinkPHP\Lib\Core\View.class.php 第 97 行.
INFO: [ view_end ] --START--
INFO: ShowPageTrace Behavior ::run [ RunTime:0.000567s ]
INFO: [ view_end ] --END-- [ RunTime:0.000698s ]

[ 2014-05-16T11:32:05+08:00 ] 127.0.0.1 /index.php/Index/files.html
INFO: [ route_check ] --START--
INFO: CheckRoute Behavior ::run [ RunTime:0.000397s ]
INFO: [ route_check ] --END-- [ RunTime:0.000501s ]
INFO: [ app_begin ] --START--
INFO: ReadHtmlCache Behavior ::run [ RunTime:0.000452s ]
INFO: [ app_begin ] --END-- [ RunTime:0.000527s ]
SQL: SHOW COLUMNS FROM `disk_files` [ RunTime:0.003979s ]
SQL: SELECT * FROM `disk_files` WHERE ( user_name='admin' ) ORDER BY time  [ RunTime:0.001201s ]
NOTIC: [2] Cannot modify header information - headers already sent by (output started at D:\APMServ5.2.6\APMServ5.2.6\www\htdocs\hearainDisk\Lib\Action\IndexAction.class.php:1) D:\APMServ5.2.6\APMServ5.2.6\www\htdocs\ThinkPHP\Lib\Core\Action.class.php 第 321 行.

[ 2014-05-16T11:32:21+08:00 ] 127.0.0.1 /index.php/Pic/index.html
INFO: [ route_check ] --START--
INFO: CheckRoute Behavior ::run [ RunTime:0.000789s ]
INFO: [ route_check ] --END-- [ RunTime:0.000994s ]
INFO: [ app_begin ] --START--
INFO: ReadHtmlCache Behavior ::run [ RunTime:0.000781s ]
INFO: [ app_begin ] --END-- [ RunTime:0.000930s ]
INFO: [ view_parse ] --START--
NOTIC: [8] Undefined variable: space D:\APMServ5.2.6\APMServ5.2.6\www\htdocs\hearainDisk\Runtime\Cache\2ae5014e24cd35f6e8fa1281f54e6f84.php 第 396 行.
INFO: ParseTemplate Behavior ::run [ RunTime:0.081453s ]
INFO: [ view_parse ] --END-- [ RunTime:0.081623s ]
INFO: [ view_filter ] --START--
INFO: ContentReplace Behavior ::run [ RunTime:0.001100s ]
INFO: TokenBuild Behavior ::run [ RunTime:0.000782s ]
INFO: WriteHtmlCache Behavior ::run [ RunTime:0.000682s ]
INFO: ShowRuntime Behavior ::run [ RunTime:0.000838s ]
INFO: [ view_filter ] --END-- [ RunTime:0.003809s ]
INFO: [ view_end ] --START--
INFO: ShowPageTrace Behavior ::run [ RunTime:0.000752s ]
INFO: [ view_end ] --END-- [ RunTime:0.000904s ]

[ 2014-05-16T11:32:21+08:00 ] 127.0.0.1 /index.php/Index/pic.html
INFO: [ route_check ] --START--
INFO: CheckRoute Behavior ::run [ RunTime:0.000595s ]
INFO: [ route_check ] --END-- [ RunTime:0.000744s ]
INFO: [ app_begin ] --START--
INFO: ReadHtmlCache Behavior ::run [ RunTime:0.000601s ]
INFO: [ app_begin ] --END-- [ RunTime:0.000718s ]
SQL: SHOW COLUMNS FROM `disk_files` [ RunTime:0.004184s ]
SQL: SELECT * FROM `disk_files` WHERE ( user_name='admin' AND (type='jpg' OR type='png' OR type='gif') ) ORDER BY time  [ RunTime:0.001418s ]
NOTIC: [2] Cannot modify header information - headers already sent by (output started at D:\APMServ5.2.6\APMServ5.2.6\www\htdocs\hearainDisk\Lib\Action\IndexAction.class.php:1) D:\APMServ5.2.6\APMServ5.2.6\www\htdocs\ThinkPHP\Lib\Core\Action.class.php 第 321 行.

[ 2014-05-16T11:32:22+08:00 ] 127.0.0.1 /index.php/Doc/index.html
INFO: [ route_check ] --START--
INFO: CheckRoute Behavior ::run [ RunTime:0.000597s ]
INFO: [ route_check ] --END-- [ RunTime:0.000745s ]
INFO: [ app_begin ] --START--
INFO: ReadHtmlCache Behavior ::run [ RunTime:0.000610s ]
INFO: [ app_begin ] --END-- [ RunTime:0.000725s ]
INFO: [ view_parse ] --START--
NOTIC: [8] Undefined variable: space D:\APMServ5.2.6\APMServ5.2.6\www\htdocs\hearainDisk\Runtime\Cache\951107bc5086cfff2469c97b5730e550.php 第 396 行.
INFO: ParseTemplate Behavior ::run [ RunTime:0.129881s ]
INFO: [ view_parse ] --END-- [ RunTime:0.130064s ]
INFO: [ view_filter ] --START--
INFO: ContentReplace Behavior ::run [ RunTime:0.002247s ]
INFO: TokenBuild Behavior ::run [ RunTime:0.001095s ]
INFO: WriteHtmlCache Behavior ::run [ RunTime:0.000737s ]
INFO: ShowRuntime Behavior ::run [ RunTime:0.001033s ]
INFO: [ view_filter ] --END-- [ RunTime:0.005617s ]
INFO: [ view_end ] --START--
INFO: ShowPageTrace Behavior ::run [ RunTime:0.001157s ]
INFO: [ view_end ] --END-- [ RunTime:0.001755s ]

[ 2014-05-16T11:32:22+08:00 ] 127.0.0.1 /index.php/Index/doc.html
INFO: [ route_check ] --START--
INFO: CheckRoute Behavior ::run [ RunTime:0.000573s ]
INFO: [ route_check ] --END-- [ RunTime:0.000722s ]
INFO: [ app_begin ] --START--
INFO: ReadHtmlCache Behavior ::run [ RunTime:0.000572s ]
INFO: [ app_begin ] --END-- [ RunTime:0.000679s ]
SQL: SHOW COLUMNS FROM `disk_files` [ RunTime:0.003624s ]
SQL: SELECT * FROM `disk_files` WHERE ( user_name='admin' AND (type='doc' OR type='txt') ) ORDER BY time  [ RunTime:0.001448s ]
NOTIC: [2] Cannot modify header information - headers already sent by (output started at D:\APMServ5.2.6\APMServ5.2.6\www\htdocs\hearainDisk\Lib\Action\IndexAction.class.php:1) D:\APMServ5.2.6\APMServ5.2.6\www\htdocs\ThinkPHP\Lib\Core\Action.class.php 第 321 行.

[ 2014-05-16T11:32:22+08:00 ] 127.0.0.1 /index.php/Mov/index.html
INFO: [ route_check ] --START--
INFO: CheckRoute Behavior ::run [ RunTime:0.000736s ]
INFO: [ route_check ] --END-- [ RunTime:0.000916s ]
INFO: [ app_begin ] --START--
INFO: ReadHtmlCache Behavior ::run [ RunTime:0.000701s ]
INFO: [ app_begin ] --END-- [ RunTime:0.000838s ]
INFO: [ view_parse ] --START--
NOTIC: [8] Undefined variable: space D:\APMServ5.2.6\APMServ5.2.6\www\htdocs\hearainDisk\Runtime\Cache\6cce1a5c75190c3e854119705f1a81da.php 第 396 行.
INFO: ParseTemplate Behavior ::run [ RunTime:0.056480s ]
INFO: [ view_parse ] --END-- [ RunTime:0.056601s ]
INFO: [ view_filter ] --START--
INFO: ContentReplace Behavior ::run [ RunTime:0.000545s ]
INFO: TokenBuild Behavior ::run [ RunTime:0.000390s ]
INFO: WriteHtmlCache Behavior ::run [ RunTime:0.000324s ]
INFO: ShowRuntime Behavior ::run [ RunTime:0.000435s ]
INFO: [ view_filter ] --END-- [ RunTime:0.001897s ]
INFO: [ view_end ] --START--
INFO: ShowPageTrace Behavior ::run [ RunTime:0.000516s ]
INFO: [ view_end ] --END-- [ RunTime:0.000620s ]

[ 2014-05-16T11:32:23+08:00 ] 127.0.0.1 /index.php/Index/mov.html
INFO: [ route_check ] --START--
INFO: CheckRoute Behavior ::run [ RunTime:0.000402s ]
INFO: [ route_check ] --END-- [ RunTime:0.000507s ]
INFO: [ app_begin ] --START--
INFO: ReadHtmlCache Behavior ::run [ RunTime:0.000386s ]
INFO: [ app_begin ] --END-- [ RunTime:0.000456s ]
SQL: SHOW COLUMNS FROM `disk_files` [ RunTime:0.003684s ]
SQL: SELECT * FROM `disk_files` WHERE ( user_name='admin' AND (type='avi' OR type='mp4' OR type='rmvb' OR type='mov' OR type='wmv' OR type='3gp' OR type='flv') ) ORDER BY time  [ RunTime:0.001175s ]
NOTIC: [2] Cannot modify header information - headers already sent by (output started at D:\APMServ5.2.6\APMServ5.2.6\www\htdocs\hearainDisk\Lib\Action\IndexAction.class.php:1) D:\APMServ5.2.6\APMServ5.2.6\www\htdocs\ThinkPHP\Lib\Core\Action.class.php 第 321 行.

[ 2014-05-16T11:32:23+08:00 ] 127.0.0.1 /index.php/Bt/index.html
INFO: [ route_check ] --START--
INFO: CheckRoute Behavior ::run [ RunTime:0.000875s ]
INFO: [ route_check ] --END-- [ RunTime:0.001152s ]
INFO: [ app_begin ] --START--
INFO: ReadHtmlCache Behavior ::run [ RunTime:0.000773s ]
INFO: [ app_begin ] --END-- [ RunTime:0.000922s ]
INFO: [ view_parse ] --START--
NOTIC: [8] Undefined variable: space D:\APMServ5.2.6\APMServ5.2.6\www\htdocs\hearainDisk\Runtime\Cache\8db591ca46b7a303ea5355cf846af4ff.php 第 396 行.
INFO: ParseTemplate Behavior ::run [ RunTime:0.047320s ]
INFO: [ view_parse ] --END-- [ RunTime:0.047439s ]
INFO: [ view_filter ] --START--
INFO: ContentReplace Behavior ::run [ RunTime:0.000550s ]
INFO: TokenBuild Behavior ::run [ RunTime:0.000390s ]
INFO: WriteHtmlCache Behavior ::run [ RunTime:0.000375s ]
INFO: ShowRuntime Behavior ::run [ RunTime:0.000411s ]
INFO: [ view_filter ] --END-- [ RunTime:0.001931s ]
INFO: [ view_end ] --START--
INFO: ShowPageTrace Behavior ::run [ RunTime:0.000373s ]
INFO: [ view_end ] --END-- [ RunTime:0.000451s ]

[ 2014-05-16T11:32:23+08:00 ] 127.0.0.1 /index.php/Index/bt.html
INFO: [ route_check ] --START--
INFO: CheckRoute Behavior ::run [ RunTime:0.000397s ]
INFO: [ route_check ] --END-- [ RunTime:0.000499s ]
INFO: [ app_begin ] --START--
INFO: ReadHtmlCache Behavior ::run [ RunTime:0.000381s ]
INFO: [ app_begin ] --END-- [ RunTime:0.000451s ]
SQL: SHOW COLUMNS FROM `disk_files` [ RunTime:0.003479s ]
SQL: SELECT * FROM `disk_files` WHERE ( user_name='admin' AND type='torrent' ) ORDER BY time  [ RunTime:0.000885s ]
NOTIC: [2] Cannot modify header information - headers already sent by (output started at D:\APMServ5.2.6\APMServ5.2.6\www\htdocs\hearainDisk\Lib\Action\IndexAction.class.php:1) D:\APMServ5.2.6\APMServ5.2.6\www\htdocs\ThinkPHP\Lib\Core\Action.class.php 第 321 行.

[ 2014-05-16T11:32:24+08:00 ] 127.0.0.1 /index.php/Musi/index.html
INFO: [ route_check ] --START--
INFO: CheckRoute Behavior ::run [ RunTime:0.000800s ]
INFO: [ route_check ] --END-- [ RunTime:0.001008s ]
INFO: [ app_begin ] --START--
INFO: ReadHtmlCache Behavior ::run [ RunTime:0.000776s ]
INFO: [ app_begin ] --END-- [ RunTime:0.000925s ]
INFO: [ view_parse ] --START--
NOTIC: [8] Undefined variable: space D:\APMServ5.2.6\APMServ5.2.6\www\htdocs\hearainDisk\Runtime\Cache\393a69292249314b1625a454f551efa1.php 第 396 行.
INFO: ParseTemplate Behavior ::run [ RunTime:0.754133s ]
INFO: [ view_parse ] --END-- [ RunTime:0.754254s ]
INFO: [ view_filter ] --START--
INFO: ContentReplace Behavior ::run [ RunTime:0.000589s ]
INFO: TokenBuild Behavior ::run [ RunTime:0.000394s ]
INFO: WriteHtmlCache Behavior ::run [ RunTime:0.000333s ]
INFO: ShowRuntime Behavior ::run [ RunTime:0.000415s ]
INFO: [ view_filter ] --END-- [ RunTime:0.001934s ]
INFO: [ view_end ] --START--
INFO: ShowPageTrace Behavior ::run [ RunTime:0.000378s ]
INFO: [ view_end ] --END-- [ RunTime:0.000456s ]

[ 2014-05-16T11:32:24+08:00 ] 127.0.0.1 /index.php/Index/musi.html
INFO: [ route_check ] --START--
INFO: CheckRoute Behavior ::run [ RunTime:0.000396s ]
INFO: [ route_check ] --END-- [ RunTime:0.000499s ]
INFO: [ app_begin ] --START--
INFO: ReadHtmlCache Behavior ::run [ RunTime:0.000388s ]
INFO: [ app_begin ] --END-- [ RunTime:0.000457s ]
SQL: SHOW COLUMNS FROM `disk_files` [ RunTime:0.003692s ]
SQL: SELECT * FROM `disk_files` WHERE ( user_name='admin' AND (type='mp3' OR type='wma' OR type='aac') ) ORDER BY time  [ RunTime:0.001088s ]
NOTIC: [2] Cannot modify header information - headers already sent by (output started at D:\APMServ5.2.6\APMServ5.2.6\www\htdocs\hearainDisk\Lib\Action\IndexAction.class.php:1) D:\APMServ5.2.6\APMServ5.2.6\www\htdocs\ThinkPHP\Lib\Core\Action.class.php 第 321 行.

[ 2014-05-16T11:32:27+08:00 ] 127.0.0.1 /index.php/Bt/index.html
INFO: [ route_check ] --START--
INFO: CheckRoute Behavior ::run [ RunTime:0.000680s ]
INFO: [ route_check ] --END-- [ RunTime:0.000855s ]
INFO: [ app_begin ] --START--
INFO: ReadHtmlCache Behavior ::run [ RunTime:0.000656s ]
INFO: [ app_begin ] --END-- [ RunTime:0.000787s ]
INFO: [ view_parse ] --START--
NOTIC: [8] Undefined variable: space D:\APMServ5.2.6\APMServ5.2.6\www\htdocs\hearainDisk\Runtime\Cache\8db591ca46b7a303ea5355cf846af4ff.php 第 396 行.
INFO: ParseTemplate Behavior ::run [ RunTime:0.022156s ]
INFO: [ view_parse ] --END-- [ RunTime:0.022294s ]
INFO: [ view_filter ] --START--
INFO: ContentReplace Behavior ::run [ RunTime:0.000695s ]
INFO: TokenBuild Behavior ::run [ RunTime:0.000415s ]
INFO: WriteHtmlCache Behavior ::run [ RunTime:0.000337s ]
INFO: ShowRuntime Behavior ::run [ RunTime:0.000416s ]
INFO: [ view_filter ] --END-- [ RunTime:0.002084s ]
INFO: [ view_end ] --START--
INFO: ShowPageTrace Behavior ::run [ RunTime:0.000390s ]
INFO: [ view_end ] --END-- [ RunTime:0.000468s ]

[ 2014-05-16T11:32:27+08:00 ] 127.0.0.1 /index.php/Index/bt.html
INFO: [ route_check ] --START--
INFO: CheckRoute Behavior ::run [ RunTime:0.000388s ]
INFO: [ route_check ] --END-- [ RunTime:0.000488s ]
INFO: [ app_begin ] --START--
INFO: ReadHtmlCache Behavior ::run [ RunTime:0.000385s ]
INFO: [ app_begin ] --END-- [ RunTime:0.000454s ]
SQL: SHOW COLUMNS FROM `disk_files` [ RunTime:0.003469s ]
SQL: SELECT * FROM `disk_files` WHERE ( user_name='admin' AND type='torrent' ) ORDER BY time  [ RunTime:0.000914s ]
NOTIC: [2] Cannot modify header information - headers already sent by (output started at D:\APMServ5.2.6\APMServ5.2.6\www\htdocs\hearainDisk\Lib\Action\IndexAction.class.php:1) D:\APMServ5.2.6\APMServ5.2.6\www\htdocs\ThinkPHP\Lib\Core\Action.class.php 第 321 行.

[ 2014-05-16T11:32:27+08:00 ] 127.0.0.1 /index.php/Mov/index.html
INFO: [ route_check ] --START--
INFO: CheckRoute Behavior ::run [ RunTime:0.000465s ]
INFO: [ route_check ] --END-- [ RunTime:0.000576s ]
INFO: [ app_begin ] --START--
INFO: ReadHtmlCache Behavior ::run [ RunTime:0.000428s ]
INFO: [ app_begin ] --END-- [ RunTime:0.000509s ]
INFO: [ view_parse ] --START--
NOTIC: [8] Undefined variable: space D:\APMServ5.2.6\APMServ5.2.6\www\htdocs\hearainDisk\Runtime\Cache\6cce1a5c75190c3e854119705f1a81da.php 第 396 行.
INFO: ParseTemplate Behavior ::run [ RunTime:0.020416s ]
INFO: [ view_parse ] --END-- [ RunTime:0.020522s ]
INFO: [ view_filter ] --START--
INFO: ContentReplace Behavior ::run [ RunTime:0.000532s ]
INFO: TokenBuild Behavior ::run [ RunTime:0.000391s ]
INFO: WriteHtmlCache Behavior ::run [ RunTime:0.000323s ]
INFO: ShowRuntime Behavior ::run [ RunTime:0.000414s ]
INFO: [ view_filter ] --END-- [ RunTime:0.001872s ]
INFO: [ view_end ] --START--
INFO: ShowPageTrace Behavior ::run [ RunTime:0.000379s ]
INFO: [ view_end ] --END-- [ RunTime:0.000457s ]

[ 2014-05-16T11:32:28+08:00 ] 127.0.0.1 /index.php/Index/mov.html
INFO: [ route_check ] --START--
INFO: CheckRoute Behavior ::run [ RunTime:0.000426s ]
INFO: [ route_check ] --END-- [ RunTime:0.000539s ]
INFO: [ app_begin ] --START--
INFO: ReadHtmlCache Behavior ::run [ RunTime:0.000394s ]
INFO: [ app_begin ] --END-- [ RunTime:0.000462s ]
SQL: SHOW COLUMNS FROM `disk_files` [ RunTime:0.003598s ]
SQL: SELECT * FROM `disk_files` WHERE ( user_name='admin' AND (type='avi' OR type='mp4' OR type='rmvb' OR type='mov' OR type='wmv' OR type='3gp' OR type='flv') ) ORDER BY time  [ RunTime:0.001113s ]
NOTIC: [2] Cannot modify header information - headers already sent by (output started at D:\APMServ5.2.6\APMServ5.2.6\www\htdocs\hearainDisk\Lib\Action\IndexAction.class.php:1) D:\APMServ5.2.6\APMServ5.2.6\www\htdocs\ThinkPHP\Lib\Core\Action.class.php 第 321 行.

[ 2014-05-16T11:32:28+08:00 ] 127.0.0.1 /index.php/Doc/index.html
INFO: [ route_check ] --START--
INFO: CheckRoute Behavior ::run [ RunTime:0.000735s ]
INFO: [ route_check ] --END-- [ RunTime:0.000961s ]
INFO: [ app_begin ] --START--
INFO: ReadHtmlCache Behavior ::run [ RunTime:0.000700s ]
INFO: [ app_begin ] --END-- [ RunTime:0.000839s ]
INFO: [ view_parse ] --START--
NOTIC: [8] Undefined variable: space D:\APMServ5.2.6\APMServ5.2.6\www\htdocs\hearainDisk\Runtime\Cache\951107bc5086cfff2469c97b5730e550.php 第 396 行.
INFO: ParseTemplate Behavior ::run [ RunTime:0.024625s ]
INFO: [ view_parse ] --END-- [ RunTime:0.024775s ]
INFO: [ view_filter ] --START--
INFO: ContentReplace Behavior ::run [ RunTime:0.000613s ]
INFO: TokenBuild Behavior ::run [ RunTime:0.000405s ]
INFO: WriteHtmlCache Behavior ::run [ RunTime:0.000334s ]
INFO: ShowRuntime Behavior ::run [ RunTime:0.000423s ]
INFO: [ view_filter ] --END-- [ RunTime:0.001986s ]
INFO: [ view_end ] --START--
INFO: ShowPageTrace Behavior ::run [ RunTime:0.000387s ]
INFO: [ view_end ] --END-- [ RunTime:0.000468s ]

[ 2014-05-16T11:32:28+08:00 ] 127.0.0.1 /index.php/Index/doc.html
INFO: [ route_check ] --START--
INFO: CheckRoute Behavior ::run [ RunTime:0.000388s ]
INFO: [ route_check ] --END-- [ RunTime:0.000486s ]
INFO: [ app_begin ] --START--
INFO: ReadHtmlCache Behavior ::run [ RunTime:0.000381s ]
INFO: [ app_begin ] --END-- [ RunTime:0.000451s ]
SQL: SHOW COLUMNS FROM `disk_files` [ RunTime:0.003547s ]
SQL: SELECT * FROM `disk_files` WHERE ( user_name='admin' AND (type='doc' OR type='txt') ) ORDER BY time  [ RunTime:0.000959s ]
NOTIC: [2] Cannot modify header information - headers already sent by (output started at D:\APMServ5.2.6\APMServ5.2.6\www\htdocs\hearainDisk\Lib\Action\IndexAction.class.php:1) D:\APMServ5.2.6\APMServ5.2.6\www\htdocs\ThinkPHP\Lib\Core\Action.class.php 第 321 行.

[ 2014-05-16T11:32:29+08:00 ] 127.0.0.1 /index.php/Pic/index.html
INFO: [ route_check ] --START--
INFO: CheckRoute Behavior ::run [ RunTime:0.000733s ]
INFO: [ route_check ] --END-- [ RunTime:0.000915s ]
INFO: [ app_begin ] --START--
INFO: ReadHtmlCache Behavior ::run [ RunTime:0.000730s ]
INFO: [ app_begin ] --END-- [ RunTime:0.000881s ]
INFO: [ view_parse ] --START--
NOTIC: [8] Undefined variable: space D:\APMServ5.2.6\APMServ5.2.6\www\htdocs\hearainDisk\Runtime\Cache\2ae5014e24cd35f6e8fa1281f54e6f84.php 第 396 行.
INFO: ParseTemplate Behavior ::run [ RunTime:0.027208s ]
INFO: [ view_parse ] --END-- [ RunTime:0.027351s ]
INFO: [ view_filter ] --START--
INFO: ContentReplace Behavior ::run [ RunTime:0.000541s ]
INFO: TokenBuild Behavior ::run [ RunTime:0.000393s ]
INFO: WriteHtmlCache Behavior ::run [ RunTime:0.000326s ]
INFO: ShowRuntime Behavior ::run [ RunTime:0.000411s ]
INFO: [ view_filter ] --END-- [ RunTime:0.001872s ]
INFO: [ view_end ] --START--
INFO: ShowPageTrace Behavior ::run [ RunTime:0.000377s ]
INFO: [ view_end ] --END-- [ RunTime:0.000453s ]

[ 2014-05-16T11:32:30+08:00 ] 127.0.0.1 /index.php/Index/pic.html
INFO: [ route_check ] --START--
INFO: CheckRoute Behavior ::run [ RunTime:0.000411s ]
INFO: [ route_check ] --END-- [ RunTime:0.000520s ]
INFO: [ app_begin ] --START--
INFO: ReadHtmlCache Behavior ::run [ RunTime:0.000398s ]
INFO: [ app_begin ] --END-- [ RunTime:0.000473s ]
SQL: SHOW COLUMNS FROM `disk_files` [ RunTime:0.003427s ]
SQL: SELECT * FROM `disk_files` WHERE ( user_name='admin' AND (type='jpg' OR type='png' OR type='gif') ) ORDER BY time  [ RunTime:0.001058s ]
NOTIC: [2] Cannot modify header information - headers already sent by (output started at D:\APMServ5.2.6\APMServ5.2.6\www\htdocs\hearainDisk\Lib\Action\IndexAction.class.php:1) D:\APMServ5.2.6\APMServ5.2.6\www\htdocs\ThinkPHP\Lib\Core\Action.class.php 第 321 行.

[ 2014-05-16T11:32:31+08:00 ] 127.0.0.1 /index.php/Index/index.html
INFO: [ route_check ] --START--
INFO: CheckRoute Behavior ::run [ RunTime:0.000794s ]
INFO: [ route_check ] --END-- [ RunTime:0.000979s ]
INFO: [ app_begin ] --START--
INFO: ReadHtmlCache Behavior ::run [ RunTime:0.000719s ]
INFO: [ app_begin ] --END-- [ RunTime:0.000865s ]
SQL: select sum(file_size) as space from disk_files where user_name='admin' [ RunTime:0.000732s ]
INFO: [ view_parse ] --START--
INFO: ParseTemplate Behavior ::run [ RunTime:0.021787s ]
INFO: [ view_parse ] --END-- [ RunTime:0.021926s ]
INFO: [ view_filter ] --START--
INFO: ContentReplace Behavior ::run [ RunTime:0.000601s ]
INFO: TokenBuild Behavior ::run [ RunTime:0.000398s ]
INFO: WriteHtmlCache Behavior ::run [ RunTime:0.000350s ]
INFO: ShowRuntime Behavior ::run [ RunTime:0.000419s ]
INFO: [ view_filter ] --END-- [ RunTime:0.001973s ]
NOTIC: [2] Cannot modify header information - headers already sent by (output started at D:\APMServ5.2.6\APMServ5.2.6\www\htdocs\hearainDisk\Lib\Action\IndexAction.class.php:1) D:\APMServ5.2.6\APMServ5.2.6\www\htdocs\ThinkPHP\Lib\Core\View.class.php 第 95 行.
NOTIC: [2] Cannot modify header information - headers already sent by (output started at D:\APMServ5.2.6\APMServ5.2.6\www\htdocs\hearainDisk\Lib\Action\IndexAction.class.php:1) D:\APMServ5.2.6\APMServ5.2.6\www\htdocs\ThinkPHP\Lib\Core\View.class.php 第 96 行.
NOTIC: [2] Cannot modify header information - headers already sent by (output started at D:\APMServ5.2.6\APMServ5.2.6\www\htdocs\hearainDisk\Lib\Action\IndexAction.class.php:1) D:\APMServ5.2.6\APMServ5.2.6\www\htdocs\ThinkPHP\Lib\Core\View.class.php 第 97 行.
INFO: [ view_end ] --START--
INFO: ShowPageTrace Behavior ::run [ RunTime:0.000395s ]
INFO: [ view_end ] --END-- [ RunTime:0.000474s ]

[ 2014-05-16T11:32:31+08:00 ] 127.0.0.1 /index.php/Index/files.html
INFO: [ route_check ] --START--
INFO: CheckRoute Behavior ::run [ RunTime:0.000488s ]
INFO: [ route_check ] --END-- [ RunTime:0.000596s ]
INFO: [ app_begin ] --START--
INFO: ReadHtmlCache Behavior ::run [ RunTime:0.000390s ]
INFO: [ app_begin ] --END-- [ RunTime:0.000488s ]
SQL: SHOW COLUMNS FROM `disk_files` [ RunTime:0.003515s ]
SQL: SELECT * FROM `disk_files` WHERE ( user_name='admin' ) ORDER BY time  [ RunTime:0.001174s ]
NOTIC: [2] Cannot modify header information - headers already sent by (output started at D:\APMServ5.2.6\APMServ5.2.6\www\htdocs\hearainDisk\Lib\Action\IndexAction.class.php:1) D:\APMServ5.2.6\APMServ5.2.6\www\htdocs\ThinkPHP\Lib\Core\Action.class.php 第 321 行.

[ 2014-05-16T11:32:47+08:00 ] 127.0.0.1 /index.php/Index/get_musicCover.html?musicname=%E5%BC%A0%E5%8D%AB%E5%81%A5-%E7%9C%9F%E8%8B%B1%E9%9B%84
INFO: [ route_check ] --START--
INFO: CheckRoute Behavior ::run [ RunTime:0.000757s ]
INFO: [ route_check ] --END-- [ RunTime:0.001013s ]
INFO: [ app_begin ] --START--
INFO: ReadHtmlCache Behavior ::run [ RunTime:0.000747s ]
INFO: [ app_begin ] --END-- [ RunTime:0.000877s ]
NOTIC: 建议使用I方法替代_get

[ 2014-05-16T11:34:14+08:00 ] 127.0.0.1 /index.php/Index/index.html
INFO: [ route_check ] --START--
INFO: CheckRoute Behavior ::run [ RunTime:0.001758s ]
INFO: [ route_check ] --END-- [ RunTime:0.001916s ]
INFO: [ app_begin ] --START--
INFO: ReadHtmlCache Behavior ::run [ RunTime:0.001727s ]
INFO: [ app_begin ] --END-- [ RunTime:0.001852s ]
SQL: select sum(file_size) as space from disk_files where user_name='admin' [ RunTime:0.000364s ]
INFO: [ view_parse ] --START--
INFO: ParseTemplate Behavior ::run [ RunTime:0.025264s ]
INFO: [ view_parse ] --END-- [ RunTime:0.025375s ]
INFO: [ view_filter ] --START--
INFO: ContentReplace Behavior ::run [ RunTime:0.001441s ]
INFO: TokenBuild Behavior ::run [ RunTime:0.001204s ]
INFO: WriteHtmlCache Behavior ::run [ RunTime:0.001131s ]
INFO: ShowRuntime Behavior ::run [ RunTime:0.001211s ]
INFO: [ view_filter ] --END-- [ RunTime:0.005212s ]
NOTIC: [2] Cannot modify header information - headers already sent by (output started at D:\APMServ5.2.6\APMServ5.2.6\www\htdocs\hearainDisk\Lib\Action\IndexAction.class.php:1) D:\APMServ5.2.6\APMServ5.2.6\www\htdocs\ThinkPHP\Lib\Core\View.class.php 第 95 行.
NOTIC: [2] Cannot modify header information - headers already sent by (output started at D:\APMServ5.2.6\APMServ5.2.6\www\htdocs\hearainDisk\Lib\Action\IndexAction.class.php:1) D:\APMServ5.2.6\APMServ5.2.6\www\htdocs\ThinkPHP\Lib\Core\View.class.php 第 96 行.
NOTIC: [2] Cannot modify header information - headers already sent by (output started at D:\APMServ5.2.6\APMServ5.2.6\www\htdocs\hearainDisk\Lib\Action\IndexAction.class.php:1) D:\APMServ5.2.6\APMServ5.2.6\www\htdocs\ThinkPHP\Lib\Core\View.class.php 第 97 行.
INFO: [ view_end ] --START--
INFO: ShowPageTrace Behavior ::run [ RunTime:0.001357s ]
INFO: [ view_end ] --END-- [ RunTime:0.001442s ]

[ 2014-05-16T11:34:14+08:00 ] 127.0.0.1 /index.php/Index/files.html
INFO: [ route_check ] --START--
INFO: CheckRoute Behavior ::run [ RunTime:0.000383s ]
INFO: [ route_check ] --END-- [ RunTime:0.000483s ]
INFO: [ app_begin ] --START--
INFO: ReadHtmlCache Behavior ::run [ RunTime:0.000378s ]
INFO: [ app_begin ] --END-- [ RunTime:0.000446s ]
SQL: SHOW COLUMNS FROM `disk_files` [ RunTime:0.003529s ]
SQL: SELECT * FROM `disk_files` WHERE ( user_name='admin' ) ORDER BY time  [ RunTime:0.001866s ]
NOTIC: [2] Cannot modify header information - headers already sent by (output started at D:\APMServ5.2.6\APMServ5.2.6\www\htdocs\hearainDisk\Lib\Action\IndexAction.class.php:1) D:\APMServ5.2.6\APMServ5.2.6\www\htdocs\ThinkPHP\Lib\Core\Action.class.php 第 321 行.

[ 2014-05-16T11:34:16+08:00 ] 127.0.0.1 /index.php/Index/get_musicCover.html?musicname=%E5%BC%A0%E5%8D%AB%E5%81%A5-%E7%9C%9F%E8%8B%B1%E9%9B%84
INFO: [ route_check ] --START--
INFO: CheckRoute Behavior ::run [ RunTime:0.000737s ]
INFO: [ route_check ] --END-- [ RunTime:0.000961s ]
INFO: [ app_begin ] --START--
INFO: ReadHtmlCache Behavior ::run [ RunTime:0.000701s ]
INFO: [ app_begin ] --END-- [ RunTime:0.000830s ]
NOTIC: 建议使用I方法替代_get

[ 2014-05-16T11:34:44+08:00 ] 127.0.0.1 /index.php/Index/get_musicCover.html?musicname=%E5%BE%90%E5%8D%83%E9%9B%85-%E8%B7%9F%E4%BD%A0%E4%B8%80%E8%BE%88%E5%AD%90
INFO: [ route_check ] --START--
INFO: CheckRoute Behavior ::run [ RunTime:0.000400s ]
INFO: [ route_check ] --END-- [ RunTime:0.000508s ]
INFO: [ app_begin ] --START--
INFO: ReadHtmlCache Behavior ::run [ RunTime:0.000444s ]
INFO: [ app_begin ] --END-- [ RunTime:0.000517s ]
NOTIC: 建议使用I方法替代_get

[ 2014-05-16T11:35:07+08:00 ] 127.0.0.1 /index.php/Index/preview_zip.html?file_Path=%2FPublic%2FUpload%2Fadmin%2F5324023b7d659.zip
INFO: [ route_check ] --START--
INFO: CheckRoute Behavior ::run [ RunTime:0.000829s ]
INFO: [ route_check ] --END-- [ RunTime:0.001034s ]
INFO: [ app_begin ] --START--
INFO: ReadHtmlCache Behavior ::run [ RunTime:0.000788s ]
INFO: [ app_begin ] --END-- [ RunTime:0.000930s ]
NOTIC: 建议使用I方法替代_get

[ 2014-05-16T11:35:43+08:00 ] 127.0.0.1 /index.php/Uploadify/Index.html
INFO: [ route_check ] --START--
INFO: CheckRoute Behavior ::run [ RunTime:0.002153s ]
INFO: [ route_check ] --END-- [ RunTime:0.002328s ]
INFO: [ app_begin ] --START--
INFO: ReadHtmlCache Behavior ::run [ RunTime:0.001248s ]
INFO: [ app_begin ] --END-- [ RunTime:0.001345s ]
INFO: [ view_parse ] --START--
NOTIC: [8] Undefined variable: space D:\APMServ5.2.6\APMServ5.2.6\www\htdocs\hearainDisk\Runtime\Cache\14193f95d001286b1eaa3137107b1eac.php 第 331 行.
INFO: ParseTemplate Behavior ::run [ RunTime:0.046709s ]
INFO: [ view_parse ] --END-- [ RunTime:0.046844s ]
INFO: [ view_filter ] --START--
INFO: ContentReplace Behavior ::run [ RunTime:0.001345s ]
INFO: TokenBuild Behavior ::run [ RunTime:0.001171s ]
INFO: WriteHtmlCache Behavior ::run [ RunTime:0.001107s ]
INFO: ShowRuntime Behavior ::run [ RunTime:0.001181s ]
INFO: [ view_filter ] --END-- [ RunTime:0.005014s ]
INFO: [ view_end ] --START--
INFO: ShowPageTrace Behavior ::run [ RunTime:0.001414s ]
INFO: [ view_end ] --END-- [ RunTime:0.001531s ]

[ 2014-05-16T11:35:44+08:00 ] 127.0.0.1 /index.php/Uploadify/
INFO: [ route_check ] --START--
INFO: CheckRoute Behavior ::run [ RunTime:0.000395s ]
INFO: [ route_check ] --END-- [ RunTime:0.000496s ]
INFO: [ app_begin ] --START--
INFO: ReadHtmlCache Behavior ::run [ RunTime:0.000388s ]
INFO: [ app_begin ] --END-- [ RunTime:0.000464s ]
INFO: [ view_parse ] --START--
NOTIC: [8] Undefined variable: space D:\APMServ5.2.6\APMServ5.2.6\www\htdocs\hearainDisk\Runtime\Cache\5dab210446abf4c1aac33d1daafad071.php 第 331 行.
INFO: ParseTemplate Behavior ::run [ RunTime:0.052158s ]
INFO: [ view_parse ] --END-- [ RunTime:0.052275s ]
INFO: [ view_filter ] --START--
INFO: ContentReplace Behavior ::run [ RunTime:0.000532s ]
INFO: TokenBuild Behavior ::run [ RunTime:0.000400s ]
INFO: WriteHtmlCache Behavior ::run [ RunTime:0.000328s ]
INFO: ShowRuntime Behavior ::run [ RunTime:0.000407s ]
INFO: [ view_filter ] --END-- [ RunTime:0.001874s ]
INFO: [ view_end ] --START--
INFO: ShowPageTrace Behavior ::run [ RunTime:0.000375s ]
INFO: [ view_end ] --END-- [ RunTime:0.000452s ]

[ 2014-05-16T11:35:45+08:00 ] 127.0.0.1 /index.php/Pic/index.html
INFO: [ route_check ] --START--
INFO: CheckRoute Behavior ::run [ RunTime:0.000735s ]
INFO: [ route_check ] --END-- [ RunTime:0.000920s ]
INFO: [ app_begin ] --START--
INFO: ReadHtmlCache Behavior ::run [ RunTime:0.000707s ]
INFO: [ app_begin ] --END-- [ RunTime:0.000848s ]
INFO: [ view_parse ] --START--
NOTIC: [8] Undefined variable: space D:\APMServ5.2.6\APMServ5.2.6\www\htdocs\hearainDisk\Runtime\Cache\2ae5014e24cd35f6e8fa1281f54e6f84.php 第 396 行.
INFO: ParseTemplate Behavior ::run [ RunTime:0.025185s ]
INFO: [ view_parse ] --END-- [ RunTime:0.025344s ]
INFO: [ view_filter ] --START--
INFO: ContentReplace Behavior ::run [ RunTime:0.000540s ]
INFO: TokenBuild Behavior ::run [ RunTime:0.000391s ]
INFO: WriteHtmlCache Behavior ::run [ RunTime:0.000322s ]
INFO: ShowRuntime Behavior ::run [ RunTime:0.000417s ]
INFO: [ view_filter ] --END-- [ RunTime:0.001876s ]
INFO: [ view_end ] --START--
INFO: ShowPageTrace Behavior ::run [ RunTime:0.000437s ]
INFO: [ view_end ] --END-- [ RunTime:0.000534s ]

[ 2014-05-16T11:35:45+08:00 ] 127.0.0.1 /index.php/Index/pic.html
INFO: [ route_check ] --START--
INFO: CheckRoute Behavior ::run [ RunTime:0.000394s ]
INFO: [ route_check ] --END-- [ RunTime:0.000496s ]
INFO: [ app_begin ] --START--
INFO: ReadHtmlCache Behavior ::run [ RunTime:0.000377s ]
INFO: [ app_begin ] --END-- [ RunTime:0.000448s ]
SQL: SHOW COLUMNS FROM `disk_files` [ RunTime:0.003601s ]
SQL: SELECT * FROM `disk_files` WHERE ( user_name='admin' AND (type='jpg' OR type='png' OR type='gif') ) ORDER BY time  [ RunTime:0.001119s ]
NOTIC: [2] Cannot modify header information - headers already sent by (output started at D:\APMServ5.2.6\APMServ5.2.6\www\htdocs\hearainDisk\Lib\Action\IndexAction.class.php:1) D:\APMServ5.2.6\APMServ5.2.6\www\htdocs\ThinkPHP\Lib\Core\Action.class.php 第 321 行.

[ 2014-05-16T11:35:46+08:00 ] 127.0.0.1 /index.php/Index/index.html
INFO: [ route_check ] --START--
INFO: CheckRoute Behavior ::run [ RunTime:0.000410s ]
INFO: [ route_check ] --END-- [ RunTime:0.000511s ]
INFO: [ app_begin ] --START--
INFO: ReadHtmlCache Behavior ::run [ RunTime:0.000383s ]
INFO: [ app_begin ] --END-- [ RunTime:0.000458s ]
SQL: select sum(file_size) as space from disk_files where user_name='admin' [ RunTime:0.000385s ]
INFO: [ view_parse ] --START--
INFO: ParseTemplate Behavior ::run [ RunTime:0.020588s ]
INFO: [ view_parse ] --END-- [ RunTime:0.020696s ]
INFO: [ view_filter ] --START--
INFO: ContentReplace Behavior ::run [ RunTime:0.000559s ]
INFO: TokenBuild Behavior ::run [ RunTime:0.000391s ]
INFO: WriteHtmlCache Behavior ::run [ RunTime:0.000328s ]
INFO: ShowRuntime Behavior ::run [ RunTime:0.000460s ]
INFO: [ view_filter ] --END-- [ RunTime:0.001942s ]
NOTIC: [2] Cannot modify header information - headers already sent by (output started at D:\APMServ5.2.6\APMServ5.2.6\www\htdocs\hearainDisk\Lib\Action\IndexAction.class.php:1) D:\APMServ5.2.6\APMServ5.2.6\www\htdocs\ThinkPHP\Lib\Core\View.class.php 第 95 行.
NOTIC: [2] Cannot modify header information - headers already sent by (output started at D:\APMServ5.2.6\APMServ5.2.6\www\htdocs\hearainDisk\Lib\Action\IndexAction.class.php:1) D:\APMServ5.2.6\APMServ5.2.6\www\htdocs\ThinkPHP\Lib\Core\View.class.php 第 96 行.
NOTIC: [2] Cannot modify header information - headers already sent by (output started at D:\APMServ5.2.6\APMServ5.2.6\www\htdocs\hearainDisk\Lib\Action\IndexAction.class.php:1) D:\APMServ5.2.6\APMServ5.2.6\www\htdocs\ThinkPHP\Lib\Core\View.class.php 第 97 行.
INFO: [ view_end ] --START--
INFO: ShowPageTrace Behavior ::run [ RunTime:0.000379s ]
INFO: [ view_end ] --END-- [ RunTime:0.000456s ]

[ 2014-05-16T11:35:46+08:00 ] 127.0.0.1 /index.php/Index/files.html
INFO: [ route_check ] --START--
INFO: CheckRoute Behavior ::run [ RunTime:0.000404s ]
INFO: [ route_check ] --END-- [ RunTime:0.000505s ]
INFO: [ app_begin ] --START--
INFO: ReadHtmlCache Behavior ::run [ RunTime:0.000383s ]
INFO: [ app_begin ] --END-- [ RunTime:0.000452s ]
SQL: SHOW COLUMNS FROM `disk_files` [ RunTime:0.003489s ]
SQL: SELECT * FROM `disk_files` WHERE ( user_name='admin' ) ORDER BY time  [ RunTime:0.001314s ]
NOTIC: [2] Cannot modify header information - headers already sent by (output started at D:\APMServ5.2.6\APMServ5.2.6\www\htdocs\hearainDisk\Lib\Action\IndexAction.class.php:1) D:\APMServ5.2.6\APMServ5.2.6\www\htdocs\ThinkPHP\Lib\Core\Action.class.php 第 321 行.

[ 2014-05-16T11:53:17+08:00 ] 127.0.0.1 /index.php/Index/get_musicCover.html?musicname=%E5%B0%8F%E5%AF%BA%E5%8F%AF%E5%8D%97%E5%AD%90-%E6%88%91%E6%98%AF%E7%88%B1%E7%A5%9E
INFO: [ route_check ] --START--
INFO: CheckRoute Behavior ::run [ RunTime:0.001412s ]
INFO: [ route_check ] --END-- [ RunTime:0.001539s ]
INFO: [ app_begin ] --START--
INFO: ReadHtmlCache Behavior ::run [ RunTime:0.001377s ]
INFO: [ app_begin ] --END-- [ RunTime:0.001512s ]
NOTIC: 建议使用I方法替代_get

[ 2014-05-16T11:53:24+08:00 ] 127.0.0.1 /index.php/Index/index.html
INFO: [ route_check ] --START--
INFO: CheckRoute Behavior ::run [ RunTime:0.000415s ]
INFO: [ route_check ] --END-- [ RunTime:0.000523s ]
INFO: [ app_begin ] --START--
INFO: ReadHtmlCache Behavior ::run [ RunTime:0.000402s ]
INFO: [ app_begin ] --END-- [ RunTime:0.000486s ]
SQL: select sum(file_size) as space from disk_files where user_name='admin' [ RunTime:0.000436s ]
INFO: [ view_parse ] --START--
INFO: ParseTemplate Behavior ::run [ RunTime:0.025796s ]
INFO: [ view_parse ] --END-- [ RunTime:0.025909s ]
INFO: [ view_filter ] --START--
INFO: ContentReplace Behavior ::run [ RunTime:0.001452s ]
INFO: TokenBuild Behavior ::run [ RunTime:0.001169s ]
INFO: WriteHtmlCache Behavior ::run [ RunTime:0.001106s ]
INFO: ShowRuntime Behavior ::run [ RunTime:0.001197s ]
INFO: [ view_filter ] --END-- [ RunTime:0.005137s ]
NOTIC: [2] Cannot modify header information - headers already sent by (output started at D:\APMServ5.2.6\APMServ5.2.6\www\htdocs\hearainDisk\Lib\Action\IndexAction.class.php:1) D:\APMServ5.2.6\APMServ5.2.6\www\htdocs\ThinkPHP\Lib\Core\View.class.php 第 95 行.
NOTIC: [2] Cannot modify header information - headers already sent by (output started at D:\APMServ5.2.6\APMServ5.2.6\www\htdocs\hearainDisk\Lib\Action\IndexAction.class.php:1) D:\APMServ5.2.6\APMServ5.2.6\www\htdocs\ThinkPHP\Lib\Core\View.class.php 第 96 行.
NOTIC: [2] Cannot modify header information - headers already sent by (output started at D:\APMServ5.2.6\APMServ5.2.6\www\htdocs\hearainDisk\Lib\Action\IndexAction.class.php:1) D:\APMServ5.2.6\APMServ5.2.6\www\htdocs\ThinkPHP\Lib\Core\View.class.php 第 97 行.
INFO: [ view_end ] --START--
INFO: ShowPageTrace Behavior ::run [ RunTime:0.001226s ]
INFO: [ view_end ] --END-- [ RunTime:0.001312s ]

[ 2014-05-16T11:53:24+08:00 ] 127.0.0.1 /index.php/Index/files.html
INFO: [ route_check ] --START--
INFO: CheckRoute Behavior ::run [ RunTime:0.000433s ]
INFO: [ route_check ] --END-- [ RunTime:0.000539s ]
INFO: [ app_begin ] --START--
INFO: ReadHtmlCache Behavior ::run [ RunTime:0.000417s ]
INFO: [ app_begin ] --END-- [ RunTime:0.000486s ]
SQL: SHOW COLUMNS FROM `disk_files` [ RunTime:0.003710s ]
SQL: SELECT * FROM `disk_files` WHERE ( user_name='admin' ) ORDER BY time  [ RunTime:0.001251s ]
NOTIC: [2] Cannot modify header information - headers already sent by (output started at D:\APMServ5.2.6\APMServ5.2.6\www\htdocs\hearainDisk\Lib\Action\IndexAction.class.php:1) D:\APMServ5.2.6\APMServ5.2.6\www\htdocs\ThinkPHP\Lib\Core\Action.class.php 第 321 行.

[ 2014-05-16T11:53:27+08:00 ] 127.0.0.1 /index.php/Index/get_musicCover.html?musicname=%E5%B0%8F%E5%AF%BA%E5%8F%AF%E5%8D%97%E5%AD%90-%E9%93%B6%E3%81%AE%E6%84%8F%E5%BF%97%E9%87%91%E3%81%AE%E7%BF%BC
INFO: [ route_check ] --START--
INFO: CheckRoute Behavior ::run [ RunTime:0.000437s ]
INFO: [ route_check ] --END-- [ RunTime:0.000608s ]
INFO: [ app_begin ] --START--
INFO: ReadHtmlCache Behavior ::run [ RunTime:0.000423s ]
INFO: [ app_begin ] --END-- [ RunTime:0.000528s ]
NOTIC: 建议使用I方法替代_get

[ 2014-05-16T11:53:31+08:00 ] 127.0.0.1 /index.php/Index/index.html
INFO: [ route_check ] --START--
INFO: CheckRoute Behavior ::run [ RunTime:0.000780s ]
INFO: [ route_check ] --END-- [ RunTime:0.000978s ]
INFO: [ app_begin ] --START--
INFO: ReadHtmlCache Behavior ::run [ RunTime:0.000760s ]
INFO: [ app_begin ] --END-- [ RunTime:0.000912s ]
SQL: select sum(file_size) as space from disk_files where user_name='admin' [ RunTime:0.000390s ]
INFO: [ view_parse ] --START--
INFO: ParseTemplate Behavior ::run [ RunTime:0.020387s ]
INFO: [ view_parse ] --END-- [ RunTime:0.020494s ]
INFO: [ view_filter ] --START--
INFO: ContentReplace Behavior ::run [ RunTime:0.000555s ]
INFO: TokenBuild Behavior ::run [ RunTime:0.000391s ]
INFO: WriteHtmlCache Behavior ::run [ RunTime:0.000327s ]
INFO: ShowRuntime Behavior ::run [ RunTime:0.000418s ]
INFO: [ view_filter ] --END-- [ RunTime:0.001895s ]
NOTIC: [2] Cannot modify header information - headers already sent by (output started at D:\APMServ5.2.6\APMServ5.2.6\www\htdocs\hearainDisk\Lib\Action\IndexAction.class.php:1) D:\APMServ5.2.6\APMServ5.2.6\www\htdocs\ThinkPHP\Lib\Core\View.class.php 第 95 行.
NOTIC: [2] Cannot modify header information - headers already sent by (output started at D:\APMServ5.2.6\APMServ5.2.6\www\htdocs\hearainDisk\Lib\Action\IndexAction.class.php:1) D:\APMServ5.2.6\APMServ5.2.6\www\htdocs\ThinkPHP\Lib\Core\View.class.php 第 96 行.
NOTIC: [2] Cannot modify header information - headers already sent by (output started at D:\APMServ5.2.6\APMServ5.2.6\www\htdocs\hearainDisk\Lib\Action\IndexAction.class.php:1) D:\APMServ5.2.6\APMServ5.2.6\www\htdocs\ThinkPHP\Lib\Core\View.class.php 第 97 行.
INFO: [ view_end ] --START--
INFO: ShowPageTrace Behavior ::run [ RunTime:0.000424s ]
INFO: [ view_end ] --END-- [ RunTime:0.000503s ]

[ 2014-05-16T11:53:31+08:00 ] 127.0.0.1 /index.php/Index/files.html
INFO: [ route_check ] --START--
INFO: CheckRoute Behavior ::run [ RunTime:0.000387s ]
INFO: [ route_check ] --END-- [ RunTime:0.000490s ]
INFO: [ app_begin ] --START--
INFO: ReadHtmlCache Behavior ::run [ RunTime:0.000380s ]
INFO: [ app_begin ] --END-- [ RunTime:0.000448s ]
SQL: SHOW COLUMNS FROM `disk_files` [ RunTime:0.003436s ]
SQL: SELECT * FROM `disk_files` WHERE ( user_name='admin' ) ORDER BY time  [ RunTime:0.001374s ]
NOTIC: [2] Cannot modify header information - headers already sent by (output started at D:\APMServ5.2.6\APMServ5.2.6\www\htdocs\hearainDisk\Lib\Action\IndexAction.class.php:1) D:\APMServ5.2.6\APMServ5.2.6\www\htdocs\ThinkPHP\Lib\Core\Action.class.php 第 321 行.

